0 info it worked if it ends with ok
1 verbose cli [ '/home/alexey2baranov/.nvm/versions/node/v7.0.0/bin/node',
1 verbose cli   '/home/alexey2baranov/.nvm/versions/node/v7.0.0/bin/npm',
1 verbose cli   'run',
1 verbose cli   'crossbar' ]
2 info using npm@4.1.1
3 info using node@v7.0.0
4 verbose run-script [ 'precrossbar', 'crossbar', 'postcrossbar' ]
5 info lifecycle kp-sequelizejs@0.0.1~precrossbar: kp-sequelizejs@0.0.1
6 silly lifecycle kp-sequelizejs@0.0.1~precrossbar: no script for precrossbar, continuing
7 info lifecycle kp-sequelizejs@0.0.1~crossbar: kp-sequelizejs@0.0.1
8 verbose lifecycle kp-sequelizejs@0.0.1~crossbar: unsafe-perm in lifecycle true
9 verbose lifecycle kp-sequelizejs@0.0.1~crossbar: PATH: /home/alexey2baranov/.nvm/versions/node/v7.0.0/lib/node_modules/npm/bin/node-gyp-bin:/home/alexey2baranov/htdocs/kp-sequelizejs/node_modules/.bin:/home/alexey2baranov/.nvm/versions/node/v7.0.0/bin:/usr/local/sbin:/usr/local/bin:/usr/sbin:/usr/bin:/sbin:/bin:/usr/games:/usr/local/games:/usr/lib/jvm/java-8-oracle/bin:/usr/lib/jvm/java-8-oracle/db/bin:/usr/lib/jvm/java-8-oracle/jre/bin
10 verbose lifecycle kp-sequelizejs@0.0.1~crossbar: CWD: /home/alexey2baranov/htdocs/kp-sequelizejs
11 silly lifecycle kp-sequelizejs@0.0.1~crossbar: Args: [ '-c', 'export NODE_ENV=dev && crossbar start' ]
12 silly lifecycle kp-sequelizejs@0.0.1~crossbar: Returned: code: 1  signal: null
13 info lifecycle kp-sequelizejs@0.0.1~crossbar: Failed to exec crossbar script
14 verbose stack Error: kp-sequelizejs@0.0.1 crossbar: `export NODE_ENV=dev && crossbar start`
14 verbose stack Exit status 1
14 verbose stack     at EventEmitter.<anonymous> (/home/alexey2baranov/.nvm/versions/node/v7.0.0/lib/node_modules/npm/lib/utils/lifecycle.js:279:16)
14 verbose stack     at emitTwo (events.js:106:13)
14 verbose stack     at EventEmitter.emit (events.js:191:7)
14 verbose stack     at ChildProcess.<anonymous> (/home/alexey2baranov/.nvm/versions/node/v7.0.0/lib/node_modules/npm/lib/utils/spawn.js:40:14)
14 verbose stack     at emitTwo (events.js:106:13)
14 verbose stack     at ChildProcess.emit (events.js:191:7)
14 verbose stack     at maybeClose (internal/child_process.js:877:16)
14 verbose stack     at Process.ChildProcess._handle.onexit (internal/child_process.js:226:5)
15 verbose pkgid kp-sequelizejs@0.0.1
16 verbose cwd /home/alexey2baranov/htdocs/kp-sequelizejs
17 error Linux 3.16.0-38-generic
18 error argv "/home/alexey2baranov/.nvm/versions/node/v7.0.0/bin/node" "/home/alexey2baranov/.nvm/versions/node/v7.0.0/bin/npm" "run" "crossbar"
19 error node v7.0.0
20 error npm  v4.1.1
21 error code ELIFECYCLE
22 error kp-sequelizejs@0.0.1 crossbar: `export NODE_ENV=dev && crossbar start`
22 error Exit status 1
23 error Failed at the kp-sequelizejs@0.0.1 crossbar script 'export NODE_ENV=dev && crossbar start'.
23 error Make sure you have the latest version of node.js and npm installed.
23 error If you do, this is most likely a problem with the kp-sequelizejs package,
23 error not with npm itself.
23 error Tell the author that this fails on your system:
23 error     export NODE_ENV=dev && crossbar start
23 error You can get information on how to open an issue for this project with:
23 error     npm bugs kp-sequelizejs
23 error Or if that isn't available, you can get their info via:
23 error     npm owner ls kp-sequelizejs
23 error There is likely additional logging output above.
24 verbose exit [ 1, true ]
