[2016-11-23 11:56:48.789] [ INFO] console - AutobahnJS debug enabled
[2016-11-23 11:56:51.579] [ INFO] Server - starting...
[2016-11-23 11:56:51.585] [ INFO] console - trying to create WAMP transport of type: websocket
[2016-11-23 11:56:51.718] [ INFO] console - using WAMP transport type: websocket
[2016-11-23 11:56:51.885] [ERROR] console - (node:62124) DeprecationWarning: Using Buffer without `new` will soon stop working. Use `new Buffer()`, or preferably `Buffer.from()`, `Buffer.allocUnsafe()` or `Buffer.alloc()` instead.
[2016-11-23 11:56:51.946] [ INFO] console - [ 1,
  'kopa',
  { roles: 
     { caller: [Object],
       callee: [Object],
       publisher: [Object],
       subscriber: [Object] },
    authmethods: [ 'ticket' ],
    authid: 'server' } ]
[2016-11-23 11:56:51.987] [ INFO] console - [ 5, 'server', {} ]
[2016-11-23 11:56:52.056] [ INFO] Server - connection.onclose() closed { reason: 'wamp.error.authentication_failed',
  message: 'dynamic authenticator failed: ApplicationError(error=<wamp.error.runtime_error>, args=[\'Database connection error\'], kwargs={}, enc_algo=None)',
  retry_delay: null,
  retry_count: null,
  will_retry: false }
[2016-11-23 12:01:36.083] [ INFO] console - AutobahnJS debug enabled
[2016-11-23 12:01:37.359] [ INFO] Server - starting...
[2016-11-23 12:01:37.364] [ INFO] console - trying to create WAMP transport of type: websocket
[2016-11-23 12:01:37.432] [ INFO] console - using WAMP transport type: websocket
[2016-11-23 12:01:37.583] [ERROR] console - (node:62877) DeprecationWarning: Using Buffer without `new` will soon stop working. Use `new Buffer()`, or preferably `Buffer.from()`, `Buffer.allocUnsafe()` or `Buffer.alloc()` instead.
[2016-11-23 12:01:37.642] [ INFO] console - [ 1,
  'kopa',
  { roles: 
     { caller: [Object],
       callee: [Object],
       publisher: [Object],
       subscriber: [Object] },
    authmethods: [ 'ticket' ],
    authid: 'server' } ]
[2016-11-23 12:01:37.726] [ INFO] console - [ 5, 'server', {} ]
[2016-11-23 12:01:37.839] [ INFO] Server - connection.onclose() closed { reason: 'wamp.error.authentication_failed',
  message: 'dynamic authenticator failed: ApplicationError(error=<wamp.error.runtime_error>, args=[\'Database connection error\'], kwargs={}, enc_algo=None)',
  retry_delay: null,
  retry_count: null,
  will_retry: false }
[2016-11-23 12:04:17.311] [ INFO] console - AutobahnJS debug enabled
[2016-11-23 12:04:18.625] [ INFO] Server - starting...
[2016-11-23 12:04:18.630] [ INFO] console - trying to create WAMP transport of type: websocket
[2016-11-23 12:04:18.707] [ INFO] console - using WAMP transport type: websocket
[2016-11-23 12:04:18.851] [ERROR] console - (node:63317) DeprecationWarning: Using Buffer without `new` will soon stop working. Use `new Buffer()`, or preferably `Buffer.from()`, `Buffer.allocUnsafe()` or `Buffer.alloc()` instead.
[2016-11-23 12:04:18.902] [ INFO] console - [ 1,
  'kopa',
  { roles: 
     { caller: [Object],
       callee: [Object],
       publisher: [Object],
       subscriber: [Object] },
    authmethods: [ 'ticket' ],
    authid: 'server' } ]
[2016-11-23 12:04:18.951] [ INFO] console - [ 5, 'server', {} ]
[2016-11-23 12:04:19.044] [ INFO] Server - connection.onclose() closed { reason: 'wamp.error.authentication_failed',
  message: 'dynamic authenticator failed: ApplicationError(error=<wamp.error.runtime_error>, args=[\'Database connection error\'], kwargs={}, enc_algo=None)',
  retry_delay: null,
  retry_count: null,
  will_retry: false }
[2016-11-23 12:06:33.436] [ INFO] Server - starting...
[2016-11-23 12:06:33.741] [ERROR] console - (node:63698) DeprecationWarning: Using Buffer without `new` will soon stop working. Use `new Buffer()`, or preferably `Buffer.from()`, `Buffer.allocUnsafe()` or `Buffer.alloc()` instead.
[2016-11-23 12:06:33.889] [ INFO] Server - connection.onclose() closed { reason: 'wamp.error.authentication_failed',
  message: 'dynamic authenticator failed: ApplicationError(error=<wamp.error.runtime_error>, args=[\'Database connection error\'], kwargs={}, enc_algo=None)',
  retry_delay: null,
  retry_count: null,
  will_retry: false }
[2016-11-23 12:09:45.252] [ INFO] Server - starting...
[2016-11-23 12:09:45.771] [ERROR] console - (node:64222) DeprecationWarning: Using Buffer without `new` will soon stop working. Use `new Buffer()`, or preferably `Buffer.from()`, `Buffer.allocUnsafe()` or `Buffer.alloc()` instead.
[2016-11-23 12:09:45.905] [ INFO] Server - connection.onclose() closed { reason: 'wamp.error.authentication_failed',
  message: 'dynamic authenticator failed: ApplicationError(error=<wamp.error.runtime_error>, args=[\'Database connection error\'], kwargs={}, enc_algo=None)',
  retry_delay: null,
  retry_count: null,
  will_retry: false }
[2016-11-23 12:11:28.091] [ INFO] Server - starting...
[2016-11-23 12:11:28.326] [ERROR] console - (node:64515) DeprecationWarning: Using Buffer without `new` will soon stop working. Use `new Buffer()`, or preferably `Buffer.from()`, `Buffer.allocUnsafe()` or `Buffer.alloc()` instead.
[2016-11-23 12:11:28.458] [ INFO] Server - connection.onclose() closed { reason: 'wamp.error.authentication_failed',
  message: 'dynamic authenticator failed: ApplicationError(error=<wamp.error.runtime_error>, args=[\'Database connection error\'], kwargs={}, enc_algo=None)',
  retry_delay: null,
  retry_count: null,
  will_retry: false }
[2016-11-23 12:23:35.141] [ INFO] Server - starting...
[2016-11-23 12:23:35.420] [ERROR] console - (node:66382) DeprecationWarning: Using Buffer without `new` will soon stop working. Use `new Buffer()`, or preferably `Buffer.from()`, `Buffer.allocUnsafe()` or `Buffer.alloc()` instead.
[2016-11-23 12:23:35.610] [ INFO] Server - connection.onclose() closed { reason: 'wamp.error.authentication_failed',
  message: 'dynamic authenticator failed: ApplicationError(error=<wamp.error.runtime_error>, args=[u\'column "server" does not exist\\nLINE 1: SELECT password FROM "Kopnik" WHERE email=server\\n                                                  ^\\n\'], kwargs={}, enc_algo=None)',
  retry_delay: null,
  retry_count: null,
  will_retry: false }
[2016-11-23 12:25:59.473] [ INFO] Server - starting...
[2016-11-23 12:25:59.715] [ERROR] console - (node:66764) DeprecationWarning: Using Buffer without `new` will soon stop working. Use `new Buffer()`, or preferably `Buffer.from()`, `Buffer.allocUnsafe()` or `Buffer.alloc()` instead.
[2016-11-23 12:25:59.858] [ INFO] Server - connection.onclose() closed { reason: 'wamp.error.authentication_failed',
  message: 'dynamic authenticator failed: ApplicationError(error=<wamp.error.runtime_error>, args=[u\'relation "kopnik" does not exist\\nLINE 1: SELECT password FROM Kopnik WHERE email=server\\n                             ^\\n\'], kwargs={}, enc_algo=None)',
  retry_delay: null,
  retry_count: null,
  will_retry: false }
[2016-11-23 12:29:42.466] [ INFO] Server - starting...
[2016-11-23 12:29:42.694] [ERROR] console - (node:67347) DeprecationWarning: Using Buffer without `new` will soon stop working. Use `new Buffer()`, or preferably `Buffer.from()`, `Buffer.allocUnsafe()` or `Buffer.alloc()` instead.
[2016-11-23 12:29:42.881] [ INFO] Server - connection.onclose() closed { reason: 'wamp.error.authentication_failed',
  message: 'dynamic authenticator failed: ApplicationError(error=<com.example.no_such_user>, args=[\'could not authenticate session - no such principal server\'], kwargs={}, enc_algo=None)',
  retry_delay: null,
  retry_count: null,
  will_retry: false }
[2016-11-23 12:31:30.347] [ INFO] Server - starting...
[2016-11-23 12:31:30.564] [ERROR] console - (node:67664) DeprecationWarning: Using Buffer without `new` will soon stop working. Use `new Buffer()`, or preferably `Buffer.from()`, `Buffer.allocUnsafe()` or `Buffer.alloc()` instead.
[2016-11-23 12:31:30.692] [ INFO] Server - connection.onclose() closed { reason: 'wamp.error.authentication_failed',
  message: 'dynamic authenticator failed: ApplicationError(error=<com.example.no_such_user>, args=[\'could not authenticate session - no such principal server\'], kwargs={}, enc_algo=None)',
  retry_delay: null,
  retry_count: null,
  will_retry: false }
[2016-11-23 12:34:40.378] [ INFO] Server - starting...
[2016-11-23 12:34:40.658] [ERROR] console - (node:68171) DeprecationWarning: Using Buffer without `new` will soon stop working. Use `new Buffer()`, or preferably `Buffer.from()`, `Buffer.allocUnsafe()` or `Buffer.alloc()` instead.
[2016-11-23 12:34:40.894] [ INFO] Server - connection.onclose() closed { reason: 'wamp.error.authentication_failed',
  message: 'dynamic authenticator failed: ApplicationError(error=<com.example.no_such_user>, args=[\'could not authenticate session - no such principal server\'], kwargs={}, enc_algo=None)',
  retry_delay: null,
  retry_count: null,
  will_retry: false }
[2016-11-23 12:38:05.578] [ INFO] Server - starting...
[2016-11-23 12:38:05.803] [ERROR] console - (node:68719) DeprecationWarning: Using Buffer without `new` will soon stop working. Use `new Buffer()`, or preferably `Buffer.from()`, `Buffer.allocUnsafe()` or `Buffer.alloc()` instead.
[2016-11-23 12:38:05.967] [ INFO] Server - connection.onclose() closed { reason: 'wamp.error.authentication_failed',
  message: 'dynamic authenticator failed: ApplicationError(error=<wamp.error.runtime_error>, args=["global name \'token\' is not defined"], kwargs={}, enc_algo=None)',
  retry_delay: null,
  retry_count: null,
  will_retry: false }
[2016-11-23 12:39:29.474] [ INFO] Server - starting...
[2016-11-23 12:39:29.744] [ERROR] console - (node:68987) DeprecationWarning: Using Buffer without `new` will soon stop working. Use `new Buffer()`, or preferably `Buffer.from()`, `Buffer.allocUnsafe()` or `Buffer.alloc()` instead.
[2016-11-23 12:39:29.898] [ INFO] Server - connection.onclose() closed { reason: 'wamp.error.authentication_failed',
  message: 'dynamic authenticator failed: ApplicationError(error=<wamp.error.runtime_error>, args=[\'Unicode-objects must be encoded before hashing\'], kwargs={}, enc_algo=None)',
  retry_delay: null,
  retry_count: null,
  will_retry: false }
[2016-11-23 12:41:54.992] [ INFO] Server - starting...
[2016-11-23 12:41:55.158] [ERROR] console - (node:69365) DeprecationWarning: Using Buffer without `new` will soon stop working. Use `new Buffer()`, or preferably `Buffer.from()`, `Buffer.allocUnsafe()` or `Buffer.alloc()` instead.
[2016-11-23 12:41:55.414] [ INFO] Server - connection.onclose() closed { reason: 'wamp.error.authentication_failed',
  message: 'got invalid return type "<type \'str\'>" from dynamic authenticator',
  retry_delay: null,
  retry_count: null,
  will_retry: false }
[2016-11-23 12:45:52.850] [ INFO] Server - starting...
[2016-11-23 12:45:53.115] [ERROR] console - (node:69989) DeprecationWarning: Using Buffer without `new` will soon stop working. Use `new Buffer()`, or preferably `Buffer.from()`, `Buffer.allocUnsafe()` or `Buffer.alloc()` instead.
[2016-11-23 12:45:53.358] [ INFO] Server - connection.onopen()
[2016-11-23 12:45:53.366] [DEBUG] Server - api:model.create registered
[2016-11-23 12:45:53.373] [DEBUG] Server - api:model.get registered
[2016-11-23 12:45:53.377] [DEBUG] Server - api:model.save registered
[2016-11-23 12:45:53.381] [DEBUG] Server - api:pingPong registered
[2016-11-23 12:45:53.391] [DEBUG] Server - api:discloseCaller registered
[2016-11-23 12:45:53.399] [DEBUG] Server - api:pingPongDatabase registered
[2016-11-23 12:45:53.402] [DEBUG] Server - api:error registered
[2016-11-23 12:45:53.407] [DEBUG] Server - api:unitTest.cleanTempData registered
[2016-11-23 12:45:53.411] [DEBUG] Server - api:model.Kopnik.setStarshina registered
[2016-11-23 12:45:53.419] [DEBUG] Server - api:model.Kopnik.getDruzhina registered
[2016-11-23 12:45:53.427] [DEBUG] Server - api:model.Kopnik.vote registered
[2016-11-23 12:45:53.431] [DEBUG] Server - api:model.Kopa.invite registered
[2016-11-23 12:45:53.435] [DEBUG] Server - api:model.Kopa.getDialog registered
[2016-11-23 12:45:53.440] [DEBUG] Server - api:model.Kopa.getResult registered
[2016-11-23 12:45:53.448] [DEBUG] Server - api:model.Zemla.setParent registered
[2016-11-23 12:45:53.458] [DEBUG] Server - api:model.Zemla.promiseKopi registered
[2016-11-23 12:45:53.463] [DEBUG] Server - api:model.Predlozhenie.getGolosa registered
[2016-11-23 12:45:53.468] [DEBUG] Server - api:unitTest.orderProc registered
[2016-11-23 12:45:53.471] [ INFO] Server - started
[2016-11-23 12:57:20.504] [ INFO] Server - connection.onclose() lost { reason: null,
  message: null,
  retry_delay: 1.350298914474041,
  retry_count: 1,
  will_retry: true }
[2016-11-23 12:57:21.941] [ INFO] Server - connection.onclose() lost { reason: null,
  message: null,
  retry_delay: 1.9088253115439777,
  retry_count: 2,
  will_retry: true }
[2016-11-23 12:57:21.944] [ INFO] Server - connection.onclose() lost { reason: null,
  message: null,
  retry_delay: 3.374232793914799,
  retry_count: 3,
  will_retry: true }
[2016-11-23 12:57:25.331] [ INFO] Server - connection.onclose() lost { reason: null,
  message: null,
  retry_delay: 5,
  retry_count: 4,
  will_retry: true }
[2016-11-23 12:57:25.340] [ INFO] Server - connection.onclose() lost { reason: null,
  message: null,
  retry_delay: 5,
  retry_count: 5,
  will_retry: true }
[2016-11-23 12:57:30.355] [ INFO] Server - connection.onclose() lost { reason: null,
  message: null,
  retry_delay: 5,
  retry_count: 6,
  will_retry: true }
[2016-11-23 12:57:30.357] [ INFO] Server - connection.onclose() lost { reason: null,
  message: null,
  retry_delay: 5,
  retry_count: 7,
  will_retry: true }
[2016-11-23 12:57:35.368] [ INFO] Server - connection.onclose() lost { reason: null,
  message: null,
  retry_delay: 5,
  retry_count: 8,
  will_retry: true }
[2016-11-23 12:57:35.370] [ INFO] Server - connection.onclose() lost { reason: null,
  message: null,
  retry_delay: 5,
  retry_count: 9,
  will_retry: true }
[2016-11-23 12:57:40.501] [ INFO] Server - connection.onclose() lost { reason: null,
  message: null,
  retry_delay: 5,
  retry_count: 10,
  will_retry: true }
[2016-11-23 12:57:40.511] [ INFO] Server - connection.onclose() lost { reason: null,
  message: null,
  retry_delay: 5,
  retry_count: 11,
  will_retry: true }
[2016-11-23 12:57:45.707] [ INFO] Server - connection.onclose() closed { reason: 'wamp.error.authentication_failed',
  message: 'dynamic authenticator failed: ApplicationError(error=<wamp.error.runtime_error>, args=[\'Config section local-db not found\'], kwargs={}, enc_algo=None)',
  retry_delay: null,
  retry_count: null,
  will_retry: false }
[2016-11-23 12:58:22.389] [ INFO] Server - starting...
[2016-11-23 12:58:22.617] [ERROR] console - (node:71923) DeprecationWarning: Using Buffer without `new` will soon stop working. Use `new Buffer()`, or preferably `Buffer.from()`, `Buffer.allocUnsafe()` or `Buffer.alloc()` instead.
[2016-11-23 12:58:22.905] [ INFO] Server - connection.onopen()
[2016-11-23 12:58:22.912] [DEBUG] Server - api:model.create registered
[2016-11-23 12:58:22.917] [DEBUG] Server - api:model.get registered
[2016-11-23 12:58:22.924] [DEBUG] Server - api:model.save registered
[2016-11-23 12:58:22.928] [DEBUG] Server - api:pingPong registered
[2016-11-23 12:58:22.932] [DEBUG] Server - api:discloseCaller registered
[2016-11-23 12:58:22.938] [DEBUG] Server - api:pingPongDatabase registered
[2016-11-23 12:58:22.942] [DEBUG] Server - api:error registered
[2016-11-23 12:58:22.946] [DEBUG] Server - api:unitTest.cleanTempData registered
[2016-11-23 12:58:22.951] [DEBUG] Server - api:model.Kopnik.setStarshina registered
[2016-11-23 12:58:22.960] [DEBUG] Server - api:model.Kopnik.getDruzhina registered
[2016-11-23 12:58:22.969] [DEBUG] Server - api:model.Kopnik.vote registered
[2016-11-23 12:58:22.973] [DEBUG] Server - api:model.Kopa.invite registered
[2016-11-23 12:58:22.977] [DEBUG] Server - api:model.Kopa.getDialog registered
[2016-11-23 12:58:22.981] [DEBUG] Server - api:model.Kopa.getResult registered
[2016-11-23 12:58:22.990] [DEBUG] Server - api:model.Zemla.setParent registered
[2016-11-23 12:58:22.995] [DEBUG] Server - api:model.Zemla.promiseKopi registered
[2016-11-23 12:58:22.999] [DEBUG] Server - api:model.Predlozhenie.getGolosa registered
[2016-11-23 12:58:23.003] [DEBUG] Server - api:unitTest.orderProc registered
[2016-11-23 12:58:23.005] [ INFO] Server - started
[2016-11-23 13:07:09.465] [ INFO] Server - connection.onclose() lost { reason: null,
  message: null,
  retry_delay: 1.6437441206529648,
  retry_count: 1,
  will_retry: true }
[2016-11-23 13:07:11.201] [ INFO] Server - connection.onclose() lost { reason: null,
  message: null,
  retry_delay: 3.0185005491524124,
  retry_count: 2,
  will_retry: true }
[2016-11-23 13:07:11.203] [ INFO] Server - connection.onclose() lost { reason: null,
  message: null,
  retry_delay: 3.7884901975943004,
  retry_count: 3,
  will_retry: true }
[2016-11-23 13:07:15.003] [ INFO] Server - connection.onclose() lost { reason: null,
  message: null,
  retry_delay: 5,
  retry_count: 4,
  will_retry: true }
[2016-11-23 13:07:15.005] [ INFO] Server - connection.onclose() lost { reason: null,
  message: null,
  retry_delay: 5,
  retry_count: 5,
  will_retry: true }
[2016-11-23 13:07:20.013] [ INFO] Server - connection.onclose() lost { reason: null,
  message: null,
  retry_delay: 5,
  retry_count: 6,
  will_retry: true }
[2016-11-23 13:07:20.016] [ INFO] Server - connection.onclose() lost { reason: null,
  message: null,
  retry_delay: 5,
  retry_count: 7,
  will_retry: true }
[2016-11-23 13:07:25.025] [ INFO] Server - connection.onclose() lost { reason: null,
  message: null,
  retry_delay: 5,
  retry_count: 8,
  will_retry: true }
[2016-11-23 13:07:25.026] [ INFO] Server - connection.onclose() lost { reason: null,
  message: null,
  retry_delay: 5,
  retry_count: 9,
  will_retry: true }
[2016-11-23 13:07:30.040] [ INFO] Server - connection.onclose() lost { reason: null,
  message: null,
  retry_delay: 5,
  retry_count: 10,
  will_retry: true }
[2016-11-23 13:07:30.042] [ INFO] Server - connection.onclose() lost { reason: null,
  message: null,
  retry_delay: 5,
  retry_count: 11,
  will_retry: true }
[2016-11-23 13:07:35.058] [ INFO] Server - connection.onclose() lost { reason: null,
  message: null,
  retry_delay: 5,
  retry_count: 12,
  will_retry: true }
[2016-11-23 13:07:35.062] [ INFO] Server - connection.onclose() lost { reason: null,
  message: null,
  retry_delay: 5,
  retry_count: 13,
  will_retry: true }
[2016-11-23 13:07:40.074] [ INFO] Server - connection.onclose() lost { reason: null,
  message: null,
  retry_delay: 5,
  retry_count: 14,
  will_retry: true }
[2016-11-23 13:07:40.097] [ INFO] Server - connection.onclose() lost { reason: null,
  message: null,
  retry_delay: 5,
  retry_count: 15,
  will_retry: true }
[2016-11-23 13:07:45.110] [ INFO] Server - connection.onclose() lost { reason: null,
  message: null,
  retry_delay: 5,
  retry_count: 16,
  will_retry: true }
[2016-11-23 13:07:45.113] [ INFO] Server - connection.onclose() lost { reason: null,
  message: null,
  retry_delay: 5,
  retry_count: 17,
  will_retry: true }
[2016-11-23 13:07:50.343] [ INFO] Server - connection.onclose() closed { reason: 'wamp.error.authentication_failed',
  message: 'dynamic authenticator failed: ApplicationError(error=<wamp.error.runtime_error>, args=["\'NoneType\' object has no attribute \'cursor\'"], kwargs={}, enc_algo=None)',
  retry_delay: null,
  retry_count: null,
  will_retry: false }
[2016-11-23 13:11:22.267] [ INFO] Server - starting...
[2016-11-23 13:11:22.504] [ERROR] console - (node:73957) DeprecationWarning: Using Buffer without `new` will soon stop working. Use `new Buffer()`, or preferably `Buffer.from()`, `Buffer.allocUnsafe()` or `Buffer.alloc()` instead.
[2016-11-23 13:11:22.762] [ INFO] Server - connection.onopen()
[2016-11-23 13:11:22.770] [DEBUG] Server - api:model.create registered
[2016-11-23 13:11:22.775] [DEBUG] Server - api:model.get registered
[2016-11-23 13:11:22.780] [DEBUG] Server - api:model.save registered
[2016-11-23 13:11:22.784] [DEBUG] Server - api:pingPong registered
[2016-11-23 13:11:22.788] [DEBUG] Server - api:discloseCaller registered
[2016-11-23 13:11:22.796] [DEBUG] Server - api:pingPongDatabase registered
[2016-11-23 13:11:22.800] [DEBUG] Server - api:error registered
[2016-11-23 13:11:22.805] [DEBUG] Server - api:unitTest.cleanTempData registered
[2016-11-23 13:11:22.809] [DEBUG] Server - api:model.Kopnik.setStarshina registered
[2016-11-23 13:11:22.819] [DEBUG] Server - api:model.Kopnik.getDruzhina registered
[2016-11-23 13:11:22.827] [DEBUG] Server - api:model.Kopnik.vote registered
[2016-11-23 13:11:22.831] [DEBUG] Server - api:model.Kopa.invite registered
[2016-11-23 13:11:22.835] [DEBUG] Server - api:model.Kopa.getDialog registered
[2016-11-23 13:11:22.839] [DEBUG] Server - api:model.Kopa.getResult registered
[2016-11-23 13:11:22.845] [DEBUG] Server - api:model.Zemla.setParent registered
[2016-11-23 13:11:22.851] [DEBUG] Server - api:model.Zemla.promiseKopi registered
[2016-11-23 13:11:22.856] [DEBUG] Server - api:model.Predlozhenie.getGolosa registered
[2016-11-23 13:11:22.860] [DEBUG] Server - api:unitTest.orderProc registered
[2016-11-23 13:11:22.863] [ INFO] Server - started
[2016-11-23 13:14:51.530] [ INFO] Server - connection.onclose() lost { reason: null,
  message: null,
  retry_delay: 1.4422459991060754,
  retry_count: 1,
  will_retry: true }
[2016-11-23 13:14:53.031] [ INFO] Server - connection.onclose() lost { reason: null,
  message: null,
  retry_delay: 1.705622968055267,
  retry_count: 2,
  will_retry: true }
[2016-11-23 13:14:53.034] [ INFO] Server - connection.onclose() lost { reason: null,
  message: null,
  retry_delay: 2.3572412118615564,
  retry_count: 3,
  will_retry: true }
[2016-11-23 13:14:55.397] [ INFO] Server - connection.onclose() lost { reason: null,
  message: null,
  retry_delay: 3.7672475957883105,
  retry_count: 4,
  will_retry: true }
[2016-11-23 13:14:55.400] [ INFO] Server - connection.onclose() lost { reason: null,
  message: null,
  retry_delay: 5,
  retry_count: 5,
  will_retry: true }
[2016-11-23 13:15:00.413] [ INFO] Server - connection.onclose() lost { reason: null,
  message: null,
  retry_delay: 5,
  retry_count: 6,
  will_retry: true }
[2016-11-23 13:15:00.415] [ INFO] Server - connection.onclose() lost { reason: null,
  message: null,
  retry_delay: 5,
  retry_count: 7,
  will_retry: true }
[2016-11-23 13:15:05.614] [ INFO] Server - connection.onopen()
[2016-11-23 13:15:05.619] [DEBUG] Server - api:model.create registered
[2016-11-23 13:15:05.624] [DEBUG] Server - api:model.get registered
[2016-11-23 13:15:05.629] [DEBUG] Server - api:model.save registered
[2016-11-23 13:15:05.635] [DEBUG] Server - api:pingPong registered
[2016-11-23 13:15:05.640] [DEBUG] Server - api:discloseCaller registered
[2016-11-23 13:15:05.645] [DEBUG] Server - api:pingPongDatabase registered
[2016-11-23 13:15:05.649] [DEBUG] Server - api:error registered
[2016-11-23 13:15:05.661] [DEBUG] Server - api:unitTest.cleanTempData registered
[2016-11-23 13:15:05.666] [DEBUG] Server - api:model.Kopnik.setStarshina registered
[2016-11-23 13:15:05.675] [DEBUG] Server - api:model.Kopnik.getDruzhina registered
[2016-11-23 13:15:05.684] [DEBUG] Server - api:model.Kopnik.vote registered
[2016-11-23 13:15:05.689] [DEBUG] Server - api:model.Kopa.invite registered
[2016-11-23 13:15:05.694] [DEBUG] Server - api:model.Kopa.getDialog registered
[2016-11-23 13:15:05.699] [DEBUG] Server - api:model.Kopa.getResult registered
[2016-11-23 13:15:05.703] [DEBUG] Server - api:model.Zemla.setParent registered
[2016-11-23 13:15:05.711] [DEBUG] Server - api:model.Zemla.promiseKopi registered
[2016-11-23 13:15:05.716] [DEBUG] Server - api:model.Predlozhenie.getGolosa registered
[2016-11-23 13:15:05.810] [DEBUG] Server - api:unitTest.orderProc registered
[2016-11-23 13:15:05.810] [ INFO] Server - started
[2016-11-23 13:16:54.984] [ INFO] Server - starting...
[2016-11-23 13:16:55.252] [ERROR] console - (node:74858) DeprecationWarning: Using Buffer without `new` will soon stop working. Use `new Buffer()`, or preferably `Buffer.from()`, `Buffer.allocUnsafe()` or `Buffer.alloc()` instead.
[2016-11-23 13:16:55.523] [ INFO] Server - connection.onopen()
[2016-11-23 13:16:55.534] [DEBUG] Server - api:model.create registered
[2016-11-23 13:16:55.543] [DEBUG] Server - api:model.get registered
[2016-11-23 13:16:55.547] [DEBUG] Server - api:model.save registered
[2016-11-23 13:16:55.558] [DEBUG] Server - api:pingPong registered
[2016-11-23 13:16:55.563] [DEBUG] Server - api:discloseCaller registered
[2016-11-23 13:16:55.569] [DEBUG] Server - api:pingPongDatabase registered
[2016-11-23 13:16:55.577] [DEBUG] Server - api:error registered
[2016-11-23 13:16:55.583] [DEBUG] Server - api:unitTest.cleanTempData registered
[2016-11-23 13:16:55.589] [DEBUG] Server - api:model.Kopnik.setStarshina registered
[2016-11-23 13:16:55.595] [DEBUG] Server - api:model.Kopnik.getDruzhina registered
[2016-11-23 13:16:55.600] [DEBUG] Server - api:model.Kopnik.vote registered
[2016-11-23 13:16:55.606] [DEBUG] Server - api:model.Kopa.invite registered
[2016-11-23 13:16:55.611] [DEBUG] Server - api:model.Kopa.getDialog registered
[2016-11-23 13:16:55.617] [DEBUG] Server - api:model.Kopa.getResult registered
[2016-11-23 13:16:55.631] [DEBUG] Server - api:model.Zemla.setParent registered
[2016-11-23 13:16:55.636] [DEBUG] Server - api:model.Zemla.promiseKopi registered
[2016-11-23 13:16:55.641] [DEBUG] Server - api:model.Predlozhenie.getGolosa registered
[2016-11-23 13:16:55.647] [DEBUG] Server - api:unitTest.orderProc registered
[2016-11-23 13:16:55.649] [ INFO] Server - started
[2016-11-23 13:18:52.279] [ INFO] Server - starting...
[2016-11-23 13:18:52.558] [ERROR] console - (node:75206) DeprecationWarning: Using Buffer without `new` will soon stop working. Use `new Buffer()`, or preferably `Buffer.from()`, `Buffer.allocUnsafe()` or `Buffer.alloc()` instead.
[2016-11-23 13:18:52.823] [ INFO] Server - connection.onopen()
[2016-11-23 13:18:52.834] [DEBUG] Server - api:model.create registered
[2016-11-23 13:18:52.839] [DEBUG] Server - api:model.get registered
[2016-11-23 13:18:52.843] [DEBUG] Server - api:model.save registered
[2016-11-23 13:18:52.847] [DEBUG] Server - api:pingPong registered
[2016-11-23 13:18:52.854] [DEBUG] Server - api:discloseCaller registered
[2016-11-23 13:18:52.858] [DEBUG] Server - api:pingPongDatabase registered
[2016-11-23 13:18:52.863] [DEBUG] Server - api:error registered
[2016-11-23 13:18:52.866] [DEBUG] Server - api:unitTest.cleanTempData registered
[2016-11-23 13:18:52.872] [DEBUG] Server - api:model.Kopnik.setStarshina registered
[2016-11-23 13:18:52.878] [DEBUG] Server - api:model.Kopnik.getDruzhina registered
[2016-11-23 13:18:52.881] [DEBUG] Server - api:model.Kopnik.vote registered
[2016-11-23 13:18:52.889] [DEBUG] Server - api:model.Kopa.invite registered
[2016-11-23 13:18:52.893] [DEBUG] Server - api:model.Kopa.getDialog registered
[2016-11-23 13:18:52.899] [DEBUG] Server - api:model.Kopa.getResult registered
[2016-11-23 13:18:52.906] [DEBUG] Server - api:model.Zemla.setParent registered
[2016-11-23 13:18:52.911] [DEBUG] Server - api:model.Zemla.promiseKopi registered
[2016-11-23 13:18:52.915] [DEBUG] Server - api:model.Predlozhenie.getGolosa registered
[2016-11-23 13:18:52.920] [DEBUG] Server - api:unitTest.orderProc registered
[2016-11-23 13:18:52.923] [ INFO] Server - started
[2016-11-23 13:28:12.412] [ INFO] Server - starting...
[2016-11-23 13:28:12.643] [ERROR] console - (node:76625) DeprecationWarning: Using Buffer without `new` will soon stop working. Use `new Buffer()`, or preferably `Buffer.from()`, `Buffer.allocUnsafe()` or `Buffer.alloc()` instead.
[2016-11-23 13:28:12.893] [ INFO] Server - connection.onopen()
[2016-11-23 13:28:12.904] [DEBUG] Server - api:model.create registered
[2016-11-23 13:28:12.910] [DEBUG] Server - api:model.get registered
[2016-11-23 13:28:12.914] [DEBUG] Server - api:model.save registered
[2016-11-23 13:28:12.921] [DEBUG] Server - api:pingPong registered
[2016-11-23 13:28:12.925] [DEBUG] Server - api:discloseCaller registered
[2016-11-23 13:28:12.931] [DEBUG] Server - api:pingPongDatabase registered
[2016-11-23 13:28:12.935] [DEBUG] Server - api:error registered
[2016-11-23 13:28:12.940] [DEBUG] Server - api:unitTest.cleanTempData registered
[2016-11-23 13:28:12.948] [DEBUG] Server - api:model.Kopnik.setStarshina registered
[2016-11-23 13:28:12.952] [DEBUG] Server - api:model.Kopnik.getDruzhina registered
[2016-11-23 13:28:12.956] [DEBUG] Server - api:model.Kopnik.vote registered
[2016-11-23 13:28:12.960] [DEBUG] Server - api:model.Kopa.invite registered
[2016-11-23 13:28:12.968] [DEBUG] Server - api:model.Kopa.getDialog registered
[2016-11-23 13:28:12.972] [DEBUG] Server - api:model.Kopa.getResult registered
[2016-11-23 13:28:12.980] [DEBUG] Server - api:model.Zemla.setParent registered
[2016-11-23 13:28:12.984] [DEBUG] Server - api:model.Zemla.promiseKopi registered
[2016-11-23 13:28:12.988] [DEBUG] Server - api:model.Predlozhenie.getGolosa registered
[2016-11-23 13:28:13.001] [DEBUG] Server - api:unitTest.orderProc registered
[2016-11-23 13:28:13.004] [ INFO] Server - started
[2016-11-23 13:28:18.644] [ INFO] Server - connection.onclose() lost { reason: null,
  message: null,
  retry_delay: 1.7632041984978368,
  retry_count: 1,
  will_retry: true }
[2016-11-23 13:28:20.463] [ INFO] Server - connection.onclose() lost { reason: null,
  message: null,
  retry_delay: 3.181198526878258,
  retry_count: 2,
  will_retry: true }
[2016-11-23 13:28:20.465] [ INFO] Server - connection.onclose() lost { reason: null,
  message: null,
  retry_delay: 4.601499589293301,
  retry_count: 3,
  will_retry: true }
[2016-11-23 13:28:25.073] [ INFO] Server - connection.onclose() lost { reason: null,
  message: null,
  retry_delay: 5,
  retry_count: 4,
  will_retry: true }
[2016-11-23 13:28:25.076] [ INFO] Server - connection.onclose() lost { reason: null,
  message: null,
  retry_delay: 5,
  retry_count: 5,
  will_retry: true }
[2016-11-23 13:28:30.164] [ INFO] Server - connection.onclose() closed { reason: 'wamp.error.authentication_failed',
  message: 'dynamic authenticator failed: ApplicationError(error=<wamp.error.runtime_error>, args=[u\'not all arguments converted during string formatting\'], kwargs={}, enc_algo=None)',
  retry_delay: null,
  retry_count: null,
  will_retry: false }
[2016-11-23 13:36:03.468] [ INFO] Server - starting...
[2016-11-23 13:36:03.710] [ERROR] console - (node:77905) DeprecationWarning: Using Buffer without `new` will soon stop working. Use `new Buffer()`, or preferably `Buffer.from()`, `Buffer.allocUnsafe()` or `Buffer.alloc()` instead.
[2016-11-23 13:36:03.833] [ INFO] Server - connection.onclose() closed { reason: 'wamp.error.authentication_failed',
  message: 'dynamic authenticator failed: ApplicationError(error=<wamp.error.runtime_error>, args=[u\'not all arguments converted during string formatting\'], kwargs={}, enc_algo=None)',
  retry_delay: null,
  retry_count: null,
  will_retry: false }
[2016-11-23 13:38:10.447] [ INFO] Server - starting...
[2016-11-23 13:38:10.705] [ERROR] console - (node:78306) DeprecationWarning: Using Buffer without `new` will soon stop working. Use `new Buffer()`, or preferably `Buffer.from()`, `Buffer.allocUnsafe()` or `Buffer.alloc()` instead.
[2016-11-23 13:38:10.856] [ INFO] Server - connection.onclose() closed { reason: 'wamp.error.authentication_failed',
  message: 'dynamic authenticator failed: ApplicationError(error=<wamp.error.runtime_error>, args=[u\'not all arguments converted during string formatting\'], kwargs={}, enc_algo=None)',
  retry_delay: null,
  retry_count: null,
  will_retry: false }
[2016-11-23 13:42:02.390] [ INFO] Server - starting...
[2016-11-23 13:42:02.614] [ERROR] console - (node:78898) DeprecationWarning: Using Buffer without `new` will soon stop working. Use `new Buffer()`, or preferably `Buffer.from()`, `Buffer.allocUnsafe()` or `Buffer.alloc()` instead.
[2016-11-23 13:42:02.730] [ INFO] Server - connection.onclose() closed { reason: 'wamp.error.authentication_failed',
  message: 'dynamic authenticator failed: ApplicationError(error=<com.example.no_such_user>, args=["could not authenticate session - no such principal huy vam\' or \'1\'=\'1"], kwargs={}, enc_algo=None)',
  retry_delay: null,
  retry_count: null,
  will_retry: false }
[2016-11-23 13:46:47.139] [ INFO] Server - starting...
[2016-11-23 13:46:47.412] [ERROR] console - (node:79727) DeprecationWarning: Using Buffer without `new` will soon stop working. Use `new Buffer()`, or preferably `Buffer.from()`, `Buffer.allocUnsafe()` or `Buffer.alloc()` instead.
[2016-11-23 13:46:47.530] [ INFO] Server - connection.onclose() closed { reason: 'wamp.error.authentication_failed',
  message: 'dynamic authenticator failed: ApplicationError(error=<com.example.no_such_user>, args=["Username not found huy vam\' or \'1\'=\'1"], kwargs={}, enc_algo=None)',
  retry_delay: null,
  retry_count: null,
  will_retry: false }
[2016-11-23 13:49:49.069] [ INFO] Server - starting...
[2016-11-23 13:49:49.322] [ERROR] console - (node:80205) DeprecationWarning: Using Buffer without `new` will soon stop working. Use `new Buffer()`, or preferably `Buffer.from()`, `Buffer.allocUnsafe()` or `Buffer.alloc()` instead.
[2016-11-23 13:49:49.432] [ INFO] Server - connection.onclose() closed { reason: 'wamp.error.authentication_failed',
  message: 'dynamic authenticator failed: ApplicationError(error=<com.example.no_such_user>, args=[\'Username not found server\'], kwargs={}, enc_algo=None)',
  retry_delay: null,
  retry_count: null,
  will_retry: false }
[2016-11-23 13:50:25.426] [ INFO] Server - starting...
[2016-11-23 13:50:25.735] [ERROR] console - (node:80301) DeprecationWarning: Using Buffer without `new` will soon stop working. Use `new Buffer()`, or preferably `Buffer.from()`, `Buffer.allocUnsafe()` or `Buffer.alloc()` instead.
[2016-11-23 13:50:26.089] [ INFO] Server - connection.onopen()
[2016-11-23 13:50:26.145] [DEBUG] Server - api:model.create registered
[2016-11-23 13:50:26.153] [DEBUG] Server - api:model.get registered
[2016-11-23 13:50:26.158] [DEBUG] Server - api:model.save registered
[2016-11-23 13:50:26.162] [DEBUG] Server - api:pingPong registered
[2016-11-23 13:50:26.166] [DEBUG] Server - api:discloseCaller registered
[2016-11-23 13:50:26.172] [DEBUG] Server - api:pingPongDatabase registered
[2016-11-23 13:50:26.178] [DEBUG] Server - api:error registered
[2016-11-23 13:50:26.183] [DEBUG] Server - api:unitTest.cleanTempData registered
[2016-11-23 13:50:26.190] [DEBUG] Server - api:model.Kopnik.setStarshina registered
[2016-11-23 13:50:26.195] [DEBUG] Server - api:model.Kopnik.getDruzhina registered
[2016-11-23 13:50:26.205] [DEBUG] Server - api:model.Kopnik.vote registered
[2016-11-23 13:50:26.210] [DEBUG] Server - api:model.Kopa.invite registered
[2016-11-23 13:50:26.215] [DEBUG] Server - api:model.Kopa.getDialog registered
[2016-11-23 13:50:26.221] [DEBUG] Server - api:model.Kopa.getResult registered
[2016-11-23 13:50:26.233] [DEBUG] Server - api:model.Zemla.setParent registered
[2016-11-23 13:50:26.246] [DEBUG] Server - api:model.Zemla.promiseKopi registered
[2016-11-23 13:50:26.254] [DEBUG] Server - api:model.Predlozhenie.getGolosa registered
[2016-11-23 13:50:26.261] [DEBUG] Server - api:unitTest.orderProc registered
[2016-11-23 13:50:26.265] [ INFO] Server - started
[2016-11-23 14:05:30.168] [ INFO] Server - starting...
[2016-11-23 14:05:30.453] [ERROR] console - (node:82625) DeprecationWarning: Using Buffer without `new` will soon stop working. Use `new Buffer()`, or preferably `Buffer.from()`, `Buffer.allocUnsafe()` or `Buffer.alloc()` instead.
[2016-11-23 14:05:30.522] [ INFO] Server - connection.onclose() unreachable { reason: null,
  message: null,
  retry_delay: 1.5890579396815854,
  retry_count: 1,
  will_retry: true }
[2016-11-23 14:05:30.534] [ INFO] Server - connection.onclose() unreachable { reason: null,
  message: null,
  retry_delay: 2.5771383753439046,
  retry_count: 2,
  will_retry: true }
[2016-11-23 14:05:33.123] [ INFO] Server - connection.onclose() unreachable { reason: null,
  message: null,
  retry_delay: 4.1683770495737384,
  retry_count: 3,
  will_retry: true }
[2016-11-23 14:05:33.124] [ INFO] Server - connection.onclose() unreachable { reason: null,
  message: null,
  retry_delay: 5,
  retry_count: 4,
  will_retry: true }
[2016-11-23 14:05:38.184] [ INFO] Server - connection.onclose() unreachable { reason: null,
  message: null,
  retry_delay: 5,
  retry_count: 5,
  will_retry: true }
[2016-11-23 14:05:38.186] [ INFO] Server - connection.onclose() unreachable { reason: null,
  message: null,
  retry_delay: 5,
  retry_count: 6,
  will_retry: true }
[2016-11-23 14:05:43.194] [ INFO] Server - connection.onclose() unreachable { reason: null,
  message: null,
  retry_delay: 5,
  retry_count: 7,
  will_retry: true }
[2016-11-23 14:05:43.196] [ INFO] Server - connection.onclose() unreachable { reason: null,
  message: null,
  retry_delay: 5,
  retry_count: 8,
  will_retry: true }
[2016-11-23 14:05:48.213] [ INFO] Server - connection.onclose() unreachable { reason: null,
  message: null,
  retry_delay: 5,
  retry_count: 9,
  will_retry: true }
[2016-11-23 14:05:48.250] [ INFO] Server - connection.onclose() unreachable { reason: null,
  message: null,
  retry_delay: 5,
  retry_count: 10,
  will_retry: true }
[2016-11-23 14:05:53.414] [ INFO] Server - connection.onclose() unreachable { reason: null,
  message: null,
  retry_delay: 5,
  retry_count: 11,
  will_retry: true }
[2016-11-23 14:05:53.421] [ INFO] Server - connection.onclose() unreachable { reason: null,
  message: null,
  retry_delay: 5,
  retry_count: 12,
  will_retry: true }
[2016-11-23 14:05:58.428] [ INFO] Server - connection.onclose() unreachable { reason: null,
  message: null,
  retry_delay: 5,
  retry_count: 13,
  will_retry: true }
[2016-11-23 14:05:58.430] [ INFO] Server - connection.onclose() unreachable { reason: null,
  message: null,
  retry_delay: 5,
  retry_count: 14,
  will_retry: true }
[2016-11-23 14:06:03.444] [ INFO] Server - connection.onclose() unreachable { reason: null,
  message: null,
  retry_delay: 5,
  retry_count: 15,
  will_retry: true }
[2016-11-23 14:06:03.446] [ INFO] Server - connection.onclose() unreachable { reason: null,
  message: null,
  retry_delay: 5,
  retry_count: 16,
  will_retry: true }
[2016-11-23 14:06:08.452] [ INFO] Server - connection.onclose() unreachable { reason: null,
  message: null,
  retry_delay: 5,
  retry_count: 17,
  will_retry: true }
[2016-11-23 14:06:08.455] [ INFO] Server - connection.onclose() unreachable { reason: null,
  message: null,
  retry_delay: 5,
  retry_count: 18,
  will_retry: true }
[2016-11-23 14:06:13.464] [ INFO] Server - connection.onclose() unreachable { reason: null,
  message: null,
  retry_delay: 5,
  retry_count: 19,
  will_retry: true }
[2016-11-23 14:06:13.467] [ INFO] Server - connection.onclose() unreachable { reason: null,
  message: null,
  retry_delay: 5,
  retry_count: 20,
  will_retry: true }
[2016-11-23 14:06:18.478] [ INFO] Server - connection.onclose() unreachable { reason: null,
  message: null,
  retry_delay: 5,
  retry_count: 21,
  will_retry: true }
[2016-11-23 14:06:18.482] [ INFO] Server - connection.onclose() unreachable { reason: null,
  message: null,
  retry_delay: 5,
  retry_count: 22,
  will_retry: true }
[2016-11-23 14:06:23.546] [ INFO] Server - connection.onclose() unreachable { reason: null,
  message: null,
  retry_delay: 5,
  retry_count: 23,
  will_retry: true }
[2016-11-23 14:06:23.551] [ INFO] Server - connection.onclose() unreachable { reason: null,
  message: null,
  retry_delay: 5,
  retry_count: 24,
  will_retry: true }
[2016-11-23 14:06:28.556] [ INFO] Server - connection.onclose() unreachable { reason: null,
  message: null,
  retry_delay: 5,
  retry_count: 25,
  will_retry: true }
[2016-11-23 14:06:28.559] [ INFO] Server - connection.onclose() unreachable { reason: null,
  message: null,
  retry_delay: 5,
  retry_count: 26,
  will_retry: true }
[2016-11-23 14:06:33.575] [ INFO] Server - connection.onclose() unreachable { reason: null,
  message: null,
  retry_delay: 5,
  retry_count: 27,
  will_retry: true }
[2016-11-23 14:06:33.585] [ INFO] Server - connection.onclose() unreachable { reason: null,
  message: null,
  retry_delay: 5,
  retry_count: 28,
  will_retry: true }
[2016-11-23 14:06:38.593] [ INFO] Server - connection.onclose() unreachable { reason: null,
  message: null,
  retry_delay: 5,
  retry_count: 29,
  will_retry: true }
[2016-11-23 14:06:38.595] [ INFO] Server - connection.onclose() unreachable { reason: null,
  message: null,
  retry_delay: 5,
  retry_count: 30,
  will_retry: true }
[2016-11-23 14:06:43.606] [ INFO] Server - connection.onclose() unreachable { reason: null,
  message: null,
  retry_delay: 5,
  retry_count: 31,
  will_retry: true }
[2016-11-23 14:06:43.612] [ INFO] Server - connection.onclose() unreachable { reason: null,
  message: null,
  retry_delay: 5,
  retry_count: 32,
  will_retry: true }
[2016-11-23 14:06:48.624] [ INFO] Server - connection.onclose() unreachable { reason: null,
  message: null,
  retry_delay: 5,
  retry_count: 33,
  will_retry: true }
[2016-11-23 14:06:48.625] [ INFO] Server - connection.onclose() unreachable { reason: null,
  message: null,
  retry_delay: 5,
  retry_count: 34,
  will_retry: true }
[2016-11-23 14:06:53.809] [ INFO] Server - connection.onclose() unreachable { reason: null,
  message: null,
  retry_delay: 5,
  retry_count: 35,
  will_retry: true }
[2016-11-23 14:06:53.811] [ INFO] Server - connection.onclose() unreachable { reason: null,
  message: null,
  retry_delay: 5,
  retry_count: 36,
  will_retry: true }
[2016-11-23 14:06:58.816] [ INFO] Server - connection.onclose() unreachable { reason: null,
  message: null,
  retry_delay: 5,
  retry_count: 37,
  will_retry: true }
[2016-11-23 14:06:58.818] [ INFO] Server - connection.onclose() unreachable { reason: null,
  message: null,
  retry_delay: 5,
  retry_count: 38,
  will_retry: true }
[2016-11-23 14:07:03.826] [ INFO] Server - connection.onclose() unreachable { reason: null,
  message: null,
  retry_delay: 5,
  retry_count: 39,
  will_retry: true }
[2016-11-23 14:07:03.827] [ INFO] Server - connection.onclose() unreachable { reason: null,
  message: null,
  retry_delay: 5,
  retry_count: 40,
  will_retry: true }
[2016-11-23 14:07:08.838] [ INFO] Server - connection.onclose() unreachable { reason: null,
  message: null,
  retry_delay: 5,
  retry_count: 41,
  will_retry: true }
[2016-11-23 14:07:08.842] [ INFO] Server - connection.onclose() unreachable { reason: null,
  message: null,
  retry_delay: 5,
  retry_count: 42,
  will_retry: true }
[2016-11-23 14:07:13.853] [ INFO] Server - connection.onclose() unreachable { reason: null,
  message: null,
  retry_delay: 5,
  retry_count: 43,
  will_retry: true }
[2016-11-23 14:07:13.856] [ INFO] Server - connection.onclose() unreachable { reason: null,
  message: null,
  retry_delay: 5,
  retry_count: 44,
  will_retry: true }
[2016-11-23 14:07:18.928] [ INFO] Server - connection.onclose() unreachable { reason: null,
  message: null,
  retry_delay: 5,
  retry_count: 45,
  will_retry: true }
[2016-11-23 14:07:18.931] [ INFO] Server - connection.onclose() unreachable { reason: null,
  message: null,
  retry_delay: 5,
  retry_count: 46,
  will_retry: true }
[2016-11-23 14:07:24.003] [ INFO] Server - connection.onclose() unreachable { reason: null,
  message: null,
  retry_delay: 5,
  retry_count: 47,
  will_retry: true }
[2016-11-23 14:07:24.006] [ INFO] Server - connection.onclose() unreachable { reason: null,
  message: null,
  retry_delay: 5,
  retry_count: 48,
  will_retry: true }
[2016-11-23 14:07:29.065] [ INFO] Server - connection.onclose() unreachable { reason: null,
  message: null,
  retry_delay: 5,
  retry_count: 49,
  will_retry: true }
[2016-11-23 14:07:29.067] [ INFO] Server - connection.onclose() unreachable { reason: null,
  message: null,
  retry_delay: 5,
  retry_count: 50,
  will_retry: true }
[2016-11-23 14:07:34.208] [ INFO] Server - connection.onclose() unreachable { reason: null,
  message: null,
  retry_delay: 5,
  retry_count: 51,
  will_retry: true }
[2016-11-23 14:07:34.211] [ INFO] Server - connection.onclose() unreachable { reason: null,
  message: null,
  retry_delay: 5,
  retry_count: 52,
  will_retry: true }
[2016-11-23 14:07:39.219] [ INFO] Server - connection.onclose() unreachable { reason: null,
  message: null,
  retry_delay: 5,
  retry_count: 53,
  will_retry: true }
[2016-11-23 14:07:39.222] [ INFO] Server - connection.onclose() unreachable { reason: null,
  message: null,
  retry_delay: 5,
  retry_count: 54,
  will_retry: true }
[2016-11-23 14:07:44.238] [ INFO] Server - connection.onclose() unreachable { reason: null,
  message: null,
  retry_delay: 5,
  retry_count: 55,
  will_retry: true }
[2016-11-23 14:07:44.245] [ INFO] Server - connection.onclose() unreachable { reason: null,
  message: null,
  retry_delay: 5,
  retry_count: 56,
  will_retry: true }
[2016-11-23 14:07:49.317] [ INFO] Server - connection.onclose() unreachable { reason: null,
  message: null,
  retry_delay: 5,
  retry_count: 57,
  will_retry: true }
[2016-11-23 14:07:49.320] [ INFO] Server - connection.onclose() unreachable { reason: null,
  message: null,
  retry_delay: 5,
  retry_count: 58,
  will_retry: true }
[2016-11-23 14:07:54.331] [ INFO] Server - connection.onclose() unreachable { reason: null,
  message: null,
  retry_delay: 5,
  retry_count: 59,
  will_retry: true }
[2016-11-23 14:07:54.333] [ INFO] Server - connection.onclose() unreachable { reason: null,
  message: null,
  retry_delay: 5,
  retry_count: 60,
  will_retry: true }
[2016-11-23 14:07:59.345] [ INFO] Server - connection.onclose() unreachable { reason: null,
  message: null,
  retry_delay: 5,
  retry_count: 61,
  will_retry: true }
[2016-11-23 14:07:59.347] [ INFO] Server - connection.onclose() unreachable { reason: null,
  message: null,
  retry_delay: 5,
  retry_count: 62,
  will_retry: true }
[2016-11-23 14:08:04.353] [ INFO] Server - connection.onclose() unreachable { reason: null,
  message: null,
  retry_delay: 5,
  retry_count: 63,
  will_retry: true }
[2016-11-23 14:08:04.354] [ INFO] Server - connection.onclose() unreachable { reason: null,
  message: null,
  retry_delay: 5,
  retry_count: 64,
  will_retry: true }
[2016-11-23 14:08:09.367] [ INFO] Server - connection.onclose() unreachable { reason: null,
  message: null,
  retry_delay: 5,
  retry_count: 65,
  will_retry: true }
[2016-11-23 14:08:09.375] [ INFO] Server - connection.onclose() unreachable { reason: null,
  message: null,
  retry_delay: 5,
  retry_count: 66,
  will_retry: true }
[2016-11-23 14:08:14.383] [ INFO] Server - connection.onclose() unreachable { reason: null,
  message: null,
  retry_delay: 5,
  retry_count: 67,
  will_retry: true }
[2016-11-23 14:08:14.387] [ INFO] Server - connection.onclose() unreachable { reason: null,
  message: null,
  retry_delay: 5,
  retry_count: 68,
  will_retry: true }
[2016-11-23 14:08:19.407] [ INFO] Server - connection.onclose() unreachable { reason: null,
  message: null,
  retry_delay: 5,
  retry_count: 69,
  will_retry: true }
[2016-11-23 14:08:19.409] [ INFO] Server - connection.onclose() unreachable { reason: null,
  message: null,
  retry_delay: 5,
  retry_count: 70,
  will_retry: true }
[2016-11-23 14:08:24.420] [ INFO] Server - connection.onclose() unreachable { reason: null,
  message: null,
  retry_delay: 5,
  retry_count: 71,
  will_retry: true }
[2016-11-23 14:08:24.422] [ INFO] Server - connection.onclose() unreachable { reason: null,
  message: null,
  retry_delay: 5,
  retry_count: 72,
  will_retry: true }
[2016-11-23 14:08:29.427] [ INFO] Server - connection.onclose() unreachable { reason: null,
  message: null,
  retry_delay: 5,
  retry_count: 73,
  will_retry: true }
[2016-11-23 14:08:29.428] [ INFO] Server - connection.onclose() unreachable { reason: null,
  message: null,
  retry_delay: 5,
  retry_count: 74,
  will_retry: true }
[2016-11-23 14:08:34.432] [ INFO] Server - connection.onclose() unreachable { reason: null,
  message: null,
  retry_delay: 5,
  retry_count: 75,
  will_retry: true }
[2016-11-23 14:08:34.434] [ INFO] Server - connection.onclose() unreachable { reason: null,
  message: null,
  retry_delay: 5,
  retry_count: 76,
  will_retry: true }
[2016-11-23 14:08:39.441] [ INFO] Server - connection.onclose() unreachable { reason: null,
  message: null,
  retry_delay: 5,
  retry_count: 77,
  will_retry: true }
[2016-11-23 14:08:39.446] [ INFO] Server - connection.onclose() unreachable { reason: null,
  message: null,
  retry_delay: 5,
  retry_count: 78,
  will_retry: true }
[2016-11-23 14:08:44.508] [ INFO] Server - connection.onclose() unreachable { reason: null,
  message: null,
  retry_delay: 5,
  retry_count: 79,
  will_retry: true }
[2016-11-23 14:08:44.509] [ INFO] Server - connection.onclose() unreachable { reason: null,
  message: null,
  retry_delay: 5,
  retry_count: 80,
  will_retry: true }
[2016-11-23 14:08:49.519] [ INFO] Server - connection.onclose() unreachable { reason: null,
  message: null,
  retry_delay: 5,
  retry_count: 81,
  will_retry: true }
[2016-11-23 14:08:49.522] [ INFO] Server - connection.onclose() unreachable { reason: null,
  message: null,
  retry_delay: 5,
  retry_count: 82,
  will_retry: true }
[2016-11-23 14:08:54.536] [ INFO] Server - connection.onclose() unreachable { reason: null,
  message: null,
  retry_delay: 5,
  retry_count: 83,
  will_retry: true }
[2016-11-23 14:08:54.543] [ INFO] Server - connection.onclose() unreachable { reason: null,
  message: null,
  retry_delay: 5,
  retry_count: 84,
  will_retry: true }
[2016-11-23 14:08:59.552] [ INFO] Server - connection.onclose() unreachable { reason: null,
  message: null,
  retry_delay: 5,
  retry_count: 85,
  will_retry: true }
[2016-11-23 14:08:59.553] [ INFO] Server - connection.onclose() unreachable { reason: null,
  message: null,
  retry_delay: 5,
  retry_count: 86,
  will_retry: true }
[2016-11-23 14:09:04.578] [ INFO] Server - connection.onclose() unreachable { reason: null,
  message: null,
  retry_delay: 5,
  retry_count: 87,
  will_retry: true }
[2016-11-23 14:09:04.581] [ INFO] Server - connection.onclose() unreachable { reason: null,
  message: null,
  retry_delay: 5,
  retry_count: 88,
  will_retry: true }
[2016-11-23 14:09:09.788] [ INFO] Server - connection.onopen()
[2016-11-23 14:09:09.823] [DEBUG] Server - api:model.create registered
[2016-11-23 14:09:09.872] [DEBUG] Server - api:model.get registered
[2016-11-23 14:09:09.915] [DEBUG] Server - api:model.save registered
[2016-11-23 14:09:09.980] [DEBUG] Server - api:pingPong registered
[2016-11-23 14:09:10.034] [DEBUG] Server - api:discloseCaller registered
[2016-11-23 14:09:10.079] [DEBUG] Server - api:pingPongDatabase registered
[2016-11-23 14:09:10.085] [DEBUG] Server - api:error registered
[2016-11-23 14:09:10.110] [DEBUG] Server - api:unitTest.cleanTempData registered
[2016-11-23 14:09:10.146] [DEBUG] Server - api:model.Kopnik.setStarshina registered
[2016-11-23 14:09:10.215] [DEBUG] Server - api:model.Kopnik.getDruzhina registered
[2016-11-23 14:09:10.228] [DEBUG] Server - api:model.Kopnik.vote registered
[2016-11-23 14:09:10.234] [DEBUG] Server - api:model.Kopa.invite registered
[2016-11-23 14:09:10.242] [DEBUG] Server - api:model.Kopa.getDialog registered
[2016-11-23 14:09:10.249] [DEBUG] Server - api:model.Kopa.getResult registered
[2016-11-23 14:09:10.257] [DEBUG] Server - api:model.Zemla.setParent registered
[2016-11-23 14:09:10.267] [DEBUG] Server - api:model.Zemla.promiseKopi registered
[2016-11-23 14:09:10.272] [DEBUG] Server - api:model.Predlozhenie.getGolosa registered
[2016-11-23 14:09:10.281] [DEBUG] Server - api:unitTest.orderProc registered
[2016-11-23 14:09:10.283] [ INFO] Server - started
[2016-11-23 14:11:24.623] [ INFO] Server - connection.onclose() lost { reason: null,
  message: null,
  retry_delay: 1.622109509365453,
  retry_count: 1,
  will_retry: true }
[2016-11-23 14:11:26.381] [ INFO] Server - connection.onclose() lost { reason: null,
  message: null,
  retry_delay: 2.1846520256551187,
  retry_count: 2,
  will_retry: true }
[2016-11-23 14:11:26.383] [ INFO] Server - connection.onclose() lost { reason: null,
  message: null,
  retry_delay: 3.0762620302532566,
  retry_count: 3,
  will_retry: true }
[2016-11-23 14:11:29.464] [ INFO] Server - connection.onclose() lost { reason: null,
  message: null,
  retry_delay: 4.6925249478145075,
  retry_count: 4,
  will_retry: true }
[2016-11-23 14:11:29.466] [ INFO] Server - connection.onclose() lost { reason: null,
  message: null,
  retry_delay: 5,
  retry_count: 5,
  will_retry: true }
[2016-11-23 14:11:34.517] [ INFO] Server - connection.onclose() lost { reason: null,
  message: null,
  retry_delay: 5,
  retry_count: 6,
  will_retry: true }
[2016-11-23 14:11:34.548] [ INFO] Server - connection.onclose() lost { reason: null,
  message: null,
  retry_delay: 5,
  retry_count: 7,
  will_retry: true }
[2016-11-23 14:11:39.651] [ INFO] Server - connection.onopen()
[2016-11-23 14:11:39.656] [DEBUG] Server - api:model.create registered
[2016-11-23 14:11:39.662] [DEBUG] Server - api:model.get registered
[2016-11-23 14:11:39.667] [DEBUG] Server - api:model.save registered
[2016-11-23 14:11:39.672] [DEBUG] Server - api:pingPong registered
[2016-11-23 14:11:39.676] [DEBUG] Server - api:discloseCaller registered
[2016-11-23 14:11:39.682] [DEBUG] Server - api:pingPongDatabase registered
[2016-11-23 14:11:39.686] [DEBUG] Server - api:error registered
[2016-11-23 14:11:39.698] [DEBUG] Server - api:unitTest.cleanTempData registered
[2016-11-23 14:11:39.703] [DEBUG] Server - api:model.Kopnik.setStarshina registered
[2016-11-23 14:11:39.711] [DEBUG] Server - api:model.Kopnik.getDruzhina registered
[2016-11-23 14:11:39.764] [DEBUG] Server - api:model.Kopnik.vote registered
[2016-11-23 14:11:39.770] [DEBUG] Server - api:model.Kopa.invite registered
[2016-11-23 14:11:39.776] [DEBUG] Server - api:model.Kopa.getDialog registered
[2016-11-23 14:11:39.790] [DEBUG] Server - api:model.Kopa.getResult registered
[2016-11-23 14:11:39.834] [DEBUG] Server - api:model.Zemla.setParent registered
[2016-11-23 14:11:39.840] [DEBUG] Server - api:model.Zemla.promiseKopi registered
[2016-11-23 14:11:39.844] [DEBUG] Server - api:model.Predlozhenie.getGolosa registered
[2016-11-23 14:11:39.849] [DEBUG] Server - api:unitTest.orderProc registered
[2016-11-23 14:11:39.849] [ INFO] Server - started
[2016-11-23 14:11:49.148] [ INFO] Server - starting...
[2016-11-23 14:11:49.438] [ERROR] console - (node:83662) DeprecationWarning: Using Buffer without `new` will soon stop working. Use `new Buffer()`, or preferably `Buffer.from()`, `Buffer.allocUnsafe()` or `Buffer.alloc()` instead.
[2016-11-23 14:11:49.530] [ INFO] Server - connection.onopen()
[2016-11-23 14:11:49.539] [DEBUG] Server - api:model.create registered
[2016-11-23 14:11:49.545] [DEBUG] Server - api:model.get registered
[2016-11-23 14:11:49.549] [DEBUG] Server - api:model.save registered
[2016-11-23 14:11:49.553] [DEBUG] Server - api:pingPong registered
[2016-11-23 14:11:49.558] [DEBUG] Server - api:discloseCaller registered
[2016-11-23 14:11:49.565] [DEBUG] Server - api:pingPongDatabase registered
[2016-11-23 14:11:49.568] [DEBUG] Server - api:error registered
[2016-11-23 14:11:49.572] [DEBUG] Server - api:unitTest.cleanTempData registered
[2016-11-23 14:11:49.578] [DEBUG] Server - api:model.Kopnik.setStarshina registered
[2016-11-23 14:11:49.584] [DEBUG] Server - api:model.Kopnik.getDruzhina registered
[2016-11-23 14:11:49.588] [DEBUG] Server - api:model.Kopnik.vote registered
[2016-11-23 14:11:49.593] [DEBUG] Server - api:model.Kopa.invite registered
[2016-11-23 14:11:49.596] [DEBUG] Server - api:model.Kopa.getDialog registered
[2016-11-23 14:11:49.601] [DEBUG] Server - api:model.Kopa.getResult registered
[2016-11-23 14:11:49.610] [DEBUG] Server - api:model.Zemla.setParent registered
[2016-11-23 14:11:49.614] [DEBUG] Server - api:model.Zemla.promiseKopi registered
[2016-11-23 14:11:49.617] [DEBUG] Server - api:model.Predlozhenie.getGolosa registered
[2016-11-23 14:11:49.622] [DEBUG] Server - api:unitTest.orderProc registered
[2016-11-23 14:11:49.625] [ INFO] Server - started
[2016-11-23 17:03:23.462] [ INFO] Server - starting...
[2016-11-23 17:03:23.729] [ERROR] console - (node:108640) DeprecationWarning: Using Buffer without `new` will soon stop working. Use `new Buffer()`, or preferably `Buffer.from()`, `Buffer.allocUnsafe()` or `Buffer.alloc()` instead.
[2016-11-23 17:03:23.930] [ INFO] Server - connection.onclose() closed { reason: 'wamp.error.authentication_failed',
  message: 'dynamic authenticator failed: ApplicationError(error=<com.example.no_such_user>, args=[\'Username not found server\'], kwargs={}, enc_algo=None)',
  retry_delay: null,
  retry_count: null,
  will_retry: false }
[2016-11-23 17:03:59.297] [ INFO] Server - starting...
[2016-11-23 17:03:59.588] [ERROR] console - (node:108757) DeprecationWarning: Using Buffer without `new` will soon stop working. Use `new Buffer()`, or preferably `Buffer.from()`, `Buffer.allocUnsafe()` or `Buffer.alloc()` instead.
[2016-11-23 17:03:59.702] [ INFO] Server - connection.onopen()
[2016-11-23 17:03:59.710] [DEBUG] Server - api:model.create registered
[2016-11-23 17:03:59.715] [DEBUG] Server - api:model.get registered
[2016-11-23 17:03:59.719] [DEBUG] Server - api:model.save registered
[2016-11-23 17:03:59.723] [DEBUG] Server - api:pingPong registered
[2016-11-23 17:03:59.728] [DEBUG] Server - api:discloseCaller registered
[2016-11-23 17:03:59.732] [DEBUG] Server - api:pingPongDatabase registered
[2016-11-23 17:03:59.736] [DEBUG] Server - api:error registered
[2016-11-23 17:03:59.740] [DEBUG] Server - api:unitTest.cleanTempData registered
[2016-11-23 17:03:59.746] [DEBUG] Server - api:model.Kopnik.setStarshina registered
[2016-11-23 17:03:59.751] [DEBUG] Server - api:model.Kopnik.getDruzhina registered
[2016-11-23 17:03:59.754] [DEBUG] Server - api:model.Kopnik.vote registered
[2016-11-23 17:03:59.759] [DEBUG] Server - api:model.Kopa.invite registered
[2016-11-23 17:03:59.763] [DEBUG] Server - api:model.Kopa.getDialog registered
[2016-11-23 17:03:59.769] [DEBUG] Server - api:model.Kopa.getResult registered
[2016-11-23 17:03:59.777] [DEBUG] Server - api:model.Zemla.setParent registered
[2016-11-23 17:03:59.781] [DEBUG] Server - api:model.Zemla.promiseKopi registered
[2016-11-23 17:03:59.786] [DEBUG] Server - api:model.Predlozhenie.getGolosa registered
[2016-11-23 17:03:59.792] [DEBUG] Server - api:unitTest.orderProc registered
[2016-11-23 17:03:59.794] [ INFO] Server - started
[2016-11-23 17:04:15.797] [ INFO] Server - starting...
[2016-11-23 17:04:16.037] [ERROR] console - (node:108809) DeprecationWarning: Using Buffer without `new` will soon stop working. Use `new Buffer()`, or preferably `Buffer.from()`, `Buffer.allocUnsafe()` or `Buffer.alloc()` instead.
[2016-11-23 17:04:16.194] [ INFO] Server - connection.onclose() closed { reason: 'wamp.error.authentication_failed',
  message: 'dynamic authenticator failed: ApplicationError(error=<com.example.no_such_user>, args=[\'Username not found server\'], kwargs={}, enc_algo=None)',
  retry_delay: null,
  retry_count: null,
  will_retry: false }
[2016-11-23 17:05:26.377] [ INFO] Server - starting...
[2016-11-23 17:05:26.582] [ERROR] console - (node:109021) DeprecationWarning: Using Buffer without `new` will soon stop working. Use `new Buffer()`, or preferably `Buffer.from()`, `Buffer.allocUnsafe()` or `Buffer.alloc()` instead.
[2016-11-23 17:05:26.699] [ INFO] Server - connection.onclose() closed { reason: 'wamp.error.authentication_failed',
  message: 'dynamic authenticator failed: ApplicationError(error=<com.example.no_such_user>, args=[\'Username not found server\'], kwargs={}, enc_algo=None)',
  retry_delay: null,
  retry_count: null,
  will_retry: false }
[2016-11-23 17:06:03.189] [ INFO] Server - starting...
[2016-11-23 17:06:03.366] [ERROR] console - (node:109119) DeprecationWarning: Using Buffer without `new` will soon stop working. Use `new Buffer()`, or preferably `Buffer.from()`, `Buffer.allocUnsafe()` or `Buffer.alloc()` instead.
[2016-11-23 17:06:03.483] [ INFO] Server - connection.onopen()
[2016-11-23 17:06:03.492] [DEBUG] Server - api:model.create registered
[2016-11-23 17:06:03.497] [DEBUG] Server - api:model.get registered
[2016-11-23 17:06:03.501] [DEBUG] Server - api:model.save registered
[2016-11-23 17:06:03.505] [DEBUG] Server - api:pingPong registered
[2016-11-23 17:06:03.509] [DEBUG] Server - api:discloseCaller registered
[2016-11-23 17:06:03.513] [DEBUG] Server - api:pingPongDatabase registered
[2016-11-23 17:06:03.551] [DEBUG] Server - api:error registered
[2016-11-23 17:06:03.562] [DEBUG] Server - api:unitTest.cleanTempData registered
[2016-11-23 17:06:03.567] [DEBUG] Server - api:model.Kopnik.setStarshina registered
[2016-11-23 17:06:03.572] [DEBUG] Server - api:model.Kopnik.getDruzhina registered
[2016-11-23 17:06:03.576] [DEBUG] Server - api:model.Kopnik.vote registered
[2016-11-23 17:06:03.580] [DEBUG] Server - api:model.Kopa.invite registered
[2016-11-23 17:06:03.585] [DEBUG] Server - api:model.Kopa.getDialog registered
[2016-11-23 17:06:03.590] [DEBUG] Server - api:model.Kopa.getResult registered
[2016-11-23 17:06:03.598] [DEBUG] Server - api:model.Zemla.setParent registered
[2016-11-23 17:06:03.602] [DEBUG] Server - api:model.Zemla.promiseKopi registered
[2016-11-23 17:06:03.607] [DEBUG] Server - api:model.Predlozhenie.getGolosa registered
[2016-11-23 17:06:03.610] [DEBUG] Server - api:unitTest.orderProc registered
[2016-11-23 17:06:03.613] [ INFO] Server - started
[2016-11-23 17:06:19.212] [ INFO] Server - starting...
[2016-11-23 17:06:19.382] [ERROR] console - (node:109182) DeprecationWarning: Using Buffer without `new` will soon stop working. Use `new Buffer()`, or preferably `Buffer.from()`, `Buffer.allocUnsafe()` or `Buffer.alloc()` instead.
[2016-11-23 17:06:19.564] [ INFO] Server - connection.onclose() closed { reason: 'wamp.error.authentication_failed',
  message: 'dynamic authenticator failed: ApplicationError(error=<com.example.no_such_user>, args=[\'Username not found server\'], kwargs={}, enc_algo=None)',
  retry_delay: null,
  retry_count: null,
  will_retry: false }
[2016-11-23 17:14:24.922] [ INFO] Server - starting...
[2016-11-23 17:14:25.173] [ERROR] console - (node:110452) DeprecationWarning: Using Buffer without `new` will soon stop working. Use `new Buffer()`, or preferably `Buffer.from()`, `Buffer.allocUnsafe()` or `Buffer.alloc()` instead.
[2016-11-23 17:14:25.306] [ INFO] Server - connection.onopen()
[2016-11-23 17:14:25.314] [DEBUG] Server - api:model.create registered
[2016-11-23 17:14:25.320] [DEBUG] Server - api:model.get registered
[2016-11-23 17:14:25.325] [DEBUG] Server - api:model.save registered
[2016-11-23 17:14:25.330] [DEBUG] Server - api:pingPong registered
[2016-11-23 17:14:25.336] [DEBUG] Server - api:discloseCaller registered
[2016-11-23 17:14:25.340] [DEBUG] Server - api:pingPongDatabase registered
[2016-11-23 17:14:25.347] [DEBUG] Server - api:error registered
[2016-11-23 17:14:25.351] [DEBUG] Server - api:unitTest.cleanTempData registered
[2016-11-23 17:14:25.357] [DEBUG] Server - api:model.Kopnik.setStarshina registered
[2016-11-23 17:14:25.362] [DEBUG] Server - api:model.Kopnik.getDruzhina registered
[2016-11-23 17:14:25.367] [DEBUG] Server - api:model.Kopnik.vote registered
[2016-11-23 17:14:25.371] [DEBUG] Server - api:model.Kopa.invite registered
[2016-11-23 17:14:25.377] [DEBUG] Server - api:model.Kopa.getDialog registered
[2016-11-23 17:14:25.405] [DEBUG] Server - api:model.Kopa.getResult registered
[2016-11-23 17:14:25.420] [DEBUG] Server - api:model.Zemla.setParent registered
[2016-11-23 17:14:25.426] [DEBUG] Server - api:model.Zemla.promiseKopi registered
[2016-11-23 17:14:25.432] [DEBUG] Server - api:model.Predlozhenie.getGolosa registered
[2016-11-23 17:14:25.440] [DEBUG] Server - api:unitTest.orderProc registered
[2016-11-23 17:14:25.445] [ INFO] Server - started
[2016-11-23 17:18:16.412] [ INFO] Server - starting...
[2016-11-23 17:18:16.986] [ERROR] console - (node:111091) DeprecationWarning: Using Buffer without `new` will soon stop working. Use `new Buffer()`, or preferably `Buffer.from()`, `Buffer.allocUnsafe()` or `Buffer.alloc()` instead.
[2016-11-23 17:18:17.513] [ INFO] Server - connection.onopen()
[2016-11-23 17:18:17.528] [DEBUG] Server - api:model.create registered
[2016-11-23 17:18:17.539] [DEBUG] Server - api:model.get registered
[2016-11-23 17:18:17.551] [DEBUG] Server - api:model.save registered
[2016-11-23 17:18:17.558] [DEBUG] Server - api:pingPong registered
[2016-11-23 17:18:17.573] [DEBUG] Server - api:discloseCaller registered
[2016-11-23 17:18:17.584] [DEBUG] Server - api:pingPongDatabase registered
[2016-11-23 17:18:17.855] [DEBUG] Server - api:error registered
[2016-11-23 17:18:17.966] [DEBUG] Server - api:unitTest.cleanTempData registered
[2016-11-23 17:18:17.982] [DEBUG] Server - api:model.Kopnik.setStarshina registered
[2016-11-23 17:18:17.988] [DEBUG] Server - api:model.Kopnik.getDruzhina registered
[2016-11-23 17:18:17.992] [DEBUG] Server - api:model.Kopnik.vote registered
[2016-11-23 17:18:17.997] [DEBUG] Server - api:model.Kopa.invite registered
[2016-11-23 17:18:18.002] [DEBUG] Server - api:model.Kopa.getDialog registered
[2016-11-23 17:18:18.017] [DEBUG] Server - api:model.Kopa.getResult registered
[2016-11-23 17:18:18.027] [DEBUG] Server - api:model.Zemla.setParent registered
[2016-11-23 17:18:18.084] [DEBUG] Server - api:model.Zemla.promiseKopi registered
[2016-11-23 17:18:18.091] [DEBUG] Server - api:model.Predlozhenie.getGolosa registered
[2016-11-23 17:18:18.102] [DEBUG] Server - api:unitTest.orderProc registered
[2016-11-23 17:18:18.104] [ INFO] Server - started
[2016-11-23 17:18:29.638] [ INFO] Server - starting...
[2016-11-23 17:18:29.894] [ERROR] console - (node:111143) DeprecationWarning: Using Buffer without `new` will soon stop working. Use `new Buffer()`, or preferably `Buffer.from()`, `Buffer.allocUnsafe()` or `Buffer.alloc()` instead.
[2016-11-23 17:18:30.144] [ INFO] Server - connection.onopen()
[2016-11-23 17:18:30.155] [DEBUG] Server - api:model.create registered
[2016-11-23 17:18:30.162] [DEBUG] Server - api:model.get registered
[2016-11-23 17:18:30.167] [DEBUG] Server - api:model.save registered
[2016-11-23 17:18:30.173] [DEBUG] Server - api:pingPong registered
[2016-11-23 17:18:30.180] [DEBUG] Server - api:discloseCaller registered
[2016-11-23 17:18:30.187] [DEBUG] Server - api:pingPongDatabase registered
[2016-11-23 17:18:30.191] [DEBUG] Server - api:error registered
[2016-11-23 17:18:30.196] [DEBUG] Server - api:unitTest.cleanTempData registered
[2016-11-23 17:18:30.204] [DEBUG] Server - api:model.Kopnik.setStarshina registered
[2016-11-23 17:18:30.208] [DEBUG] Server - api:model.Kopnik.getDruzhina registered
[2016-11-23 17:18:30.213] [DEBUG] Server - api:model.Kopnik.vote registered
[2016-11-23 17:18:30.217] [DEBUG] Server - api:model.Kopa.invite registered
[2016-11-23 17:18:30.222] [DEBUG] Server - api:model.Kopa.getDialog registered
[2016-11-23 17:18:30.228] [DEBUG] Server - api:model.Kopa.getResult registered
[2016-11-23 17:18:30.348] [DEBUG] Server - api:model.Zemla.setParent registered
[2016-11-23 17:18:30.382] [DEBUG] Server - api:model.Zemla.promiseKopi registered
[2016-11-23 17:18:30.388] [DEBUG] Server - api:model.Predlozhenie.getGolosa registered
[2016-11-23 17:18:30.395] [DEBUG] Server - api:unitTest.orderProc registered
[2016-11-23 17:18:30.398] [ INFO] Server - started
[2016-11-23 17:18:46.036] [ INFO] Server - starting...
[2016-11-23 17:18:46.287] [ERROR] console - (node:111218) DeprecationWarning: Using Buffer without `new` will soon stop working. Use `new Buffer()`, or preferably `Buffer.from()`, `Buffer.allocUnsafe()` or `Buffer.alloc()` instead.
[2016-11-23 17:18:46.543] [ INFO] Server - connection.onclose() closed { reason: 'wamp.error.authentication_failed',
  message: 'dynamic authenticator failed: ApplicationError(error=<com.example.incorrect_password>, args=[\'Incorrect password\'], kwargs={}, enc_algo=None)',
  retry_delay: null,
  retry_count: null,
  will_retry: false }
[2016-11-23 17:19:44.888] [ INFO] Server - starting...
[2016-11-23 17:19:45.191] [ERROR] console - (node:111394) DeprecationWarning: Using Buffer without `new` will soon stop working. Use `new Buffer()`, or preferably `Buffer.from()`, `Buffer.allocUnsafe()` or `Buffer.alloc()` instead.
[2016-11-23 17:19:45.732] [ INFO] Server - connection.onclose() closed { reason: 'wamp.error.authentication_failed',
  message: 'dynamic authenticator failed: ApplicationError(error=<com.example.incorrect_username_or_password>, args=[\'Incorrect username or password unittest2@domain.ru\'], kwargs={}, enc_algo=None)',
  retry_delay: null,
  retry_count: null,
  will_retry: false }
[2016-11-23 17:20:00.865] [ INFO] Server - starting...
[2016-11-23 17:20:01.048] [ERROR] console - (node:111458) DeprecationWarning: Using Buffer without `new` will soon stop working. Use `new Buffer()`, or preferably `Buffer.from()`, `Buffer.allocUnsafe()` or `Buffer.alloc()` instead.
[2016-11-23 17:20:01.291] [ INFO] Server - connection.onopen()
[2016-11-23 17:20:01.303] [DEBUG] Server - api:model.create registered
[2016-11-23 17:20:01.308] [DEBUG] Server - api:model.get registered
[2016-11-23 17:20:01.313] [DEBUG] Server - api:model.save registered
[2016-11-23 17:20:01.317] [DEBUG] Server - api:pingPong registered
[2016-11-23 17:20:01.320] [DEBUG] Server - api:discloseCaller registered
[2016-11-23 17:20:01.328] [DEBUG] Server - api:pingPongDatabase registered
[2016-11-23 17:20:01.332] [DEBUG] Server - api:error registered
[2016-11-23 17:20:01.371] [DEBUG] Server - api:unitTest.cleanTempData registered
[2016-11-23 17:20:01.381] [DEBUG] Server - api:model.Kopnik.setStarshina registered
[2016-11-23 17:20:01.385] [DEBUG] Server - api:model.Kopnik.getDruzhina registered
[2016-11-23 17:20:01.395] [DEBUG] Server - api:model.Kopnik.vote registered
[2016-11-23 17:20:01.400] [DEBUG] Server - api:model.Kopa.invite registered
[2016-11-23 17:20:01.404] [DEBUG] Server - api:model.Kopa.getDialog registered
[2016-11-23 17:20:01.409] [DEBUG] Server - api:model.Kopa.getResult registered
[2016-11-23 17:20:01.417] [DEBUG] Server - api:model.Zemla.setParent registered
[2016-11-23 17:20:01.423] [DEBUG] Server - api:model.Zemla.promiseKopi registered
[2016-11-23 17:20:01.428] [DEBUG] Server - api:model.Predlozhenie.getGolosa registered
[2016-11-23 17:20:01.433] [DEBUG] Server - api:unitTest.orderProc registered
[2016-11-23 17:20:01.436] [ INFO] Server - started
[2016-11-23 17:22:02.648] [ INFO] Server - starting...
[2016-11-23 17:22:02.913] [ERROR] console - (node:111771) DeprecationWarning: Using Buffer without `new` will soon stop working. Use `new Buffer()`, or preferably `Buffer.from()`, `Buffer.allocUnsafe()` or `Buffer.alloc()` instead.
[2016-11-23 17:22:03.234] [ INFO] Server - connection.onclose() closed { reason: 'wamp.error.authentication_failed',
  message: 'dynamic authenticator failed: ApplicationError(error=<com.example.incorrect_username_or_password>, args=[\'Incorrect username or password unittest2@domain.ru\'], kwargs={}, enc_algo=None)',
  retry_delay: null,
  retry_count: null,
  will_retry: false }
[2016-11-23 17:53:54.540] [ INFO] Server - starting...
[2016-11-23 17:53:54.807] [ERROR] console - (node:117113) DeprecationWarning: Using Buffer without `new` will soon stop working. Use `new Buffer()`, or preferably `Buffer.from()`, `Buffer.allocUnsafe()` or `Buffer.alloc()` instead.
[2016-11-23 17:53:55.087] [ INFO] Server - connection.onclose() closed { reason: 'wamp.error.authentication_failed',
  message: 'dynamic authenticator failed: ApplicationError(error=<com.example.incorrect_username_or_password>, args=[\'Incorrect username or password unittest2@domain.ru\'], kwargs={}, enc_algo=None)',
  retry_delay: null,
  retry_count: null,
  will_retry: false }
[2016-11-23 17:54:30.800] [ INFO] Server - starting...
[2016-11-23 17:54:31.099] [ERROR] console - (node:117224) DeprecationWarning: Using Buffer without `new` will soon stop working. Use `new Buffer()`, or preferably `Buffer.from()`, `Buffer.allocUnsafe()` or `Buffer.alloc()` instead.
[2016-11-23 17:54:31.254] [ INFO] Server - connection.onopen()
[2016-11-23 17:54:31.263] [DEBUG] Server - api:model.create registered
[2016-11-23 17:54:31.269] [DEBUG] Server - api:model.get registered
[2016-11-23 17:54:31.274] [DEBUG] Server - api:model.save registered
[2016-11-23 17:54:31.278] [DEBUG] Server - api:pingPong registered
[2016-11-23 17:54:31.282] [DEBUG] Server - api:discloseCaller registered
[2016-11-23 17:54:31.287] [DEBUG] Server - api:pingPongDatabase registered
[2016-11-23 17:54:31.292] [DEBUG] Server - api:error registered
[2016-11-23 17:54:31.297] [DEBUG] Server - api:unitTest.cleanTempData registered
[2016-11-23 17:54:31.302] [DEBUG] Server - api:model.Kopnik.setStarshina registered
[2016-11-23 17:54:31.306] [DEBUG] Server - api:model.Kopnik.getDruzhina registered
[2016-11-23 17:54:31.316] [DEBUG] Server - api:model.Kopnik.vote registered
[2016-11-23 17:54:31.336] [DEBUG] Server - api:model.Kopa.invite registered
[2016-11-23 17:54:31.340] [DEBUG] Server - api:model.Kopa.getDialog registered
[2016-11-23 17:54:31.345] [DEBUG] Server - api:model.Kopa.getResult registered
[2016-11-23 17:54:31.369] [DEBUG] Server - api:model.Zemla.setParent registered
[2016-11-23 17:54:31.376] [DEBUG] Server - api:model.Zemla.promiseKopi registered
[2016-11-23 17:54:31.381] [DEBUG] Server - api:model.Predlozhenie.getGolosa registered
[2016-11-23 17:54:31.389] [DEBUG] Server - api:unitTest.orderProc registered
[2016-11-23 17:54:31.392] [ INFO] Server - started
[2016-11-23 17:58:20.879] [ INFO] Server - starting...
[2016-11-23 17:58:21.102] [ERROR] console - (node:117863) DeprecationWarning: Using Buffer without `new` will soon stop working. Use `new Buffer()`, or preferably `Buffer.from()`, `Buffer.allocUnsafe()` or `Buffer.alloc()` instead.
[2016-11-23 17:58:31.908] [ INFO] Server - connection.onopen()
[2016-11-23 17:58:31.919] [DEBUG] Server - api:model.create registered
[2016-11-23 17:58:31.927] [DEBUG] Server - api:model.get registered
[2016-11-23 17:58:31.931] [DEBUG] Server - api:model.save registered
[2016-11-23 17:58:31.936] [DEBUG] Server - api:pingPong registered
[2016-11-23 17:58:31.940] [DEBUG] Server - api:discloseCaller registered
[2016-11-23 17:58:31.947] [DEBUG] Server - api:pingPongDatabase registered
[2016-11-23 17:58:31.953] [DEBUG] Server - api:error registered
[2016-11-23 17:58:31.959] [DEBUG] Server - api:unitTest.cleanTempData registered
[2016-11-23 17:58:31.968] [DEBUG] Server - api:model.Kopnik.setStarshina registered
[2016-11-23 17:58:31.974] [DEBUG] Server - api:model.Kopnik.getDruzhina registered
[2016-11-23 17:58:31.984] [DEBUG] Server - api:model.Kopnik.vote registered
[2016-11-23 17:58:31.989] [DEBUG] Server - api:model.Kopa.invite registered
[2016-11-23 17:58:31.999] [DEBUG] Server - api:model.Kopa.getDialog registered
[2016-11-23 17:58:32.006] [DEBUG] Server - api:model.Kopa.getResult registered
[2016-11-23 17:58:32.014] [DEBUG] Server - api:model.Zemla.setParent registered
[2016-11-23 17:58:32.022] [DEBUG] Server - api:model.Zemla.promiseKopi registered
[2016-11-23 17:58:32.033] [DEBUG] Server - api:model.Predlozhenie.getGolosa registered
[2016-11-23 17:58:32.045] [DEBUG] Server - api:unitTest.orderProc registered
[2016-11-23 17:58:32.046] [ INFO] Server - started
