[2016-09-09 09:44:41.564] [DEBUG] Server - #promiseModel() [ 1, 2.3 ] { model: 'Kopnik', id: 2 }
[2016-09-09 09:44:41.686] [INFO] console - Executing (ffdda286-df3c-4ed5-a9f6-4cfcfe92354a): START TRANSACTION;
[2016-09-09 09:44:41.692] [INFO] console - Executing (ffdda286-df3c-4ed5-a9f6-4cfcfe92354a): SET SESSION TRANSACTION ISOLATION LEVEL REPEATABLE READ;
[2016-09-09 09:44:41.853] [INFO] console - Executing (default): SELECT "Kopnik"."id", "Kopnik"."email", "Kopnik"."password", "Kopnik"."name", "Kopnik"."surname", "Kopnik"."patronymic", "Kopnik"."birth", "Kopnik"."note", "Kopnik"."created_at", "Kopnik"."updated_at", "Kopnik"."deleted_at", "Kopnik"."rodina_id", "Kopnik"."starshina_id", "attachments"."id" AS "attachments.id", "attachments"."path" AS "attachments.path", "attachments"."note" AS "attachments.note", "attachments"."created_at" AS "attachments.created_at", "attachments"."updated_at" AS "attachments.updated_at", "attachments"."deleted_at" AS "attachments.deleted_at", "attachments"."zemla_id" AS "attachments.zemla_id", "attachments"."kopnik_id" AS "attachments.kopnik_id", "attachments"."kopa_id" AS "attachments.kopa_id", "attachments"."slovo_id" AS "attachments.slovo_id", "attachments"."predlozhenie_id" AS "attachments.predlozhenie_id", "attachments"."golos_id" AS "attachments.golos_id" FROM "Kopnik" AS "Kopnik" LEFT OUTER JOIN "File" AS "attachments" ON "Kopnik"."id" = "attachments"."kopnik_id" AND "attachments"."deleted_at" IS NULL WHERE ("Kopnik"."deleted_at" IS NULL AND "Kopnik"."id" = 2);
[2016-09-09 09:44:41.897] [INFO] console - Executing (ffdda286-df3c-4ed5-a9f6-4cfcfe92354a): COMMIT;
[2016-09-09 09:44:41.900] [INFO] console - [ 70,
  1059,
  {},
  [ { fullName: 'Unit Test',
      id: '2',
      email: 'unittest2@domain.ru',
      name: 'Unit',
      surname: 'Test',
      patronymic: '1',
      birth: 1983,
      note: null,
      created_at: Thu Sep 08 2016 16:33:42 GMT+0500 (YEKT),
      updated_at: Thu Sep 08 2016 16:33:42 GMT+0500 (YEKT),
      deleted_at: null,
      rodina_id: '2',
      starshina_id: null,
      attachments: [] } ] ]
[2016-09-09 10:25:18.435] [DEBUG] Server - #promiseModel() [ 1, 2.3 ] { model: 'Kopnik', id: 2 }
[2016-09-09 10:25:18.600] [INFO] console - Executing (6ebb5f84-b1a8-41c6-869e-06278a16626c): START TRANSACTION;
[2016-09-09 10:25:18.616] [INFO] console - Executing (6ebb5f84-b1a8-41c6-869e-06278a16626c): SET SESSION TRANSACTION ISOLATION LEVEL REPEATABLE READ;
[2016-09-09 10:25:18.925] [INFO] console - Executing (default): SELECT "Kopnik"."id", "Kopnik"."email", "Kopnik"."password", "Kopnik"."name", "Kopnik"."surname", "Kopnik"."patronymic", "Kopnik"."birth", "Kopnik"."note", "Kopnik"."created_at", "Kopnik"."updated_at", "Kopnik"."deleted_at", "Kopnik"."rodina_id", "Kopnik"."starshina_id", "attachments"."id" AS "attachments.id", "attachments"."path" AS "attachments.path", "attachments"."note" AS "attachments.note", "attachments"."created_at" AS "attachments.created_at", "attachments"."updated_at" AS "attachments.updated_at", "attachments"."deleted_at" AS "attachments.deleted_at", "attachments"."zemla_id" AS "attachments.zemla_id", "attachments"."kopnik_id" AS "attachments.kopnik_id", "attachments"."kopa_id" AS "attachments.kopa_id", "attachments"."slovo_id" AS "attachments.slovo_id", "attachments"."predlozhenie_id" AS "attachments.predlozhenie_id", "attachments"."golos_id" AS "attachments.golos_id" FROM "Kopnik" AS "Kopnik" LEFT OUTER JOIN "File" AS "attachments" ON "Kopnik"."id" = "attachments"."kopnik_id" AND "attachments"."deleted_at" IS NULL WHERE ("Kopnik"."deleted_at" IS NULL AND "Kopnik"."id" = 2);
[2016-09-09 10:25:18.972] [INFO] console - Executing (6ebb5f84-b1a8-41c6-869e-06278a16626c): COMMIT;
[2016-09-09 10:25:18.982] [INFO] console - [ 70,
  1061,
  {},
  [ { fullName: 'Unit Test',
      id: '2',
      email: 'unittest2@domain.ru',
      name: 'Unit',
      surname: 'Test',
      patronymic: '1',
      birth: 1983,
      note: null,
      created_at: Fri Sep 09 2016 10:09:23 GMT+0500 (YEKT),
      updated_at: Fri Sep 09 2016 10:09:23 GMT+0500 (YEKT),
      deleted_at: null,
      rodina_id: '2',
      starshina_id: null,
      attachments: [] } ] ]
[2016-09-09 10:25:19.135] [INFO] console - Executing (286bbbd1-e24b-4488-83dc-949c531b9670): START TRANSACTION;
[2016-09-09 10:25:19.152] [INFO] console - Executing (286bbbd1-e24b-4488-83dc-949c531b9670): SET SESSION TRANSACTION ISOLATION LEVEL REPEATABLE READ;
[2016-09-09 10:25:19.303] [INFO] console - Executing (default): INSERT INTO "Kopnik" ("id","name","surname","patronymic","birth","created_at","updated_at","rodina_id","starshina_id") VALUES (DEFAULT,'temp','temp','temp',1900,'2016-09-09 05:25:19.194 +00:00','2016-09-09 05:25:19.194 +00:00',NULL,2) RETURNING *;
[2016-09-09 10:25:19.344] [INFO] console - Executing (286bbbd1-e24b-4488-83dc-949c531b9670): COMMIT;
[2016-09-09 10:25:19.351] [INFO] console - [ 70, 1062, {}, [ '6' ] ]
[2016-09-09 10:26:02.070] [DEBUG] Server - #promiseModel() [ 1, 2.3 ] { model: 'Kopnik', id: 2 }
[2016-09-09 10:26:02.182] [INFO] console - Executing (22e63ed9-7c12-41b8-ac8c-7d0d8280c801): START TRANSACTION;
[2016-09-09 10:26:02.191] [INFO] console - Executing (22e63ed9-7c12-41b8-ac8c-7d0d8280c801): SET SESSION TRANSACTION ISOLATION LEVEL REPEATABLE READ;
[2016-09-09 10:26:02.310] [INFO] console - Executing (default): SELECT "Kopnik"."id", "Kopnik"."email", "Kopnik"."password", "Kopnik"."name", "Kopnik"."surname", "Kopnik"."patronymic", "Kopnik"."birth", "Kopnik"."note", "Kopnik"."created_at", "Kopnik"."updated_at", "Kopnik"."deleted_at", "Kopnik"."rodina_id", "Kopnik"."starshina_id", "attachments"."id" AS "attachments.id", "attachments"."path" AS "attachments.path", "attachments"."note" AS "attachments.note", "attachments"."created_at" AS "attachments.created_at", "attachments"."updated_at" AS "attachments.updated_at", "attachments"."deleted_at" AS "attachments.deleted_at", "attachments"."zemla_id" AS "attachments.zemla_id", "attachments"."kopnik_id" AS "attachments.kopnik_id", "attachments"."kopa_id" AS "attachments.kopa_id", "attachments"."slovo_id" AS "attachments.slovo_id", "attachments"."predlozhenie_id" AS "attachments.predlozhenie_id", "attachments"."golos_id" AS "attachments.golos_id" FROM "Kopnik" AS "Kopnik" LEFT OUTER JOIN "File" AS "attachments" ON "Kopnik"."id" = "attachments"."kopnik_id" AND "attachments"."deleted_at" IS NULL WHERE ("Kopnik"."deleted_at" IS NULL AND "Kopnik"."id" = 2);
[2016-09-09 10:26:02.350] [INFO] console - Executing (22e63ed9-7c12-41b8-ac8c-7d0d8280c801): COMMIT;
[2016-09-09 10:26:02.358] [INFO] console - [ 70,
  1064,
  {},
  [ { fullName: 'Unit Test',
      id: '2',
      email: 'unittest2@domain.ru',
      name: 'Unit',
      surname: 'Test',
      patronymic: '1',
      birth: 1983,
      note: null,
      created_at: Fri Sep 09 2016 10:09:23 GMT+0500 (YEKT),
      updated_at: Fri Sep 09 2016 10:09:23 GMT+0500 (YEKT),
      deleted_at: null,
      rodina_id: '2',
      starshina_id: null,
      attachments: [] } ] ]
[2016-09-09 14:12:39.884] [DEBUG] Server - #promiseModel() [ 1, 2.3 ] { model: 'Kopnik', id: 2 }
[2016-09-09 14:12:40.430] [INFO] console - Executing (b9c3eb88-fe2c-48f7-b92c-b66f7d9eff3b): START TRANSACTION;
[2016-09-09 14:12:40.448] [INFO] console - Executing (b9c3eb88-fe2c-48f7-b92c-b66f7d9eff3b): SET SESSION TRANSACTION ISOLATION LEVEL REPEATABLE READ;
[2016-09-09 14:12:40.739] [INFO] console - Executing (default): SELECT "Kopnik"."id", "Kopnik"."email", "Kopnik"."password", "Kopnik"."name", "Kopnik"."surname", "Kopnik"."patronymic", "Kopnik"."birth", "Kopnik"."note", "Kopnik"."created_at", "Kopnik"."updated_at", "Kopnik"."deleted_at", "Kopnik"."rodina_id", "Kopnik"."starshina_id", "attachments"."id" AS "attachments.id", "attachments"."path" AS "attachments.path", "attachments"."note" AS "attachments.note", "attachments"."created_at" AS "attachments.created_at", "attachments"."updated_at" AS "attachments.updated_at", "attachments"."deleted_at" AS "attachments.deleted_at", "attachments"."zemla_id" AS "attachments.zemla_id", "attachments"."kopnik_id" AS "attachments.kopnik_id", "attachments"."kopa_id" AS "attachments.kopa_id", "attachments"."slovo_id" AS "attachments.slovo_id", "attachments"."predlozhenie_id" AS "attachments.predlozhenie_id", "attachments"."golos_id" AS "attachments.golos_id" FROM "Kopnik" AS "Kopnik" LEFT OUTER JOIN "File" AS "attachments" ON "Kopnik"."id" = "attachments"."kopnik_id" AND "attachments"."deleted_at" IS NULL WHERE ("Kopnik"."deleted_at" IS NULL AND "Kopnik"."id" = 2);
[2016-09-09 14:12:40.852] [INFO] console - Executing (b9c3eb88-fe2c-48f7-b92c-b66f7d9eff3b): COMMIT;
[2016-09-09 14:12:40.861] [INFO] console - [ 70,
  1067,
  {},
  [ { fullName: 'Unit Test',
      id: '2',
      email: 'unittest2@domain.ru',
      name: 'Unit',
      surname: 'Test',
      patronymic: '1',
      birth: 1983,
      note: null,
      created_at: Fri Sep 09 2016 10:09:23 GMT+0500 (YEKT),
      updated_at: Fri Sep 09 2016 10:09:23 GMT+0500 (YEKT),
      deleted_at: null,
      rodina_id: '2',
      starshina_id: null,
      attachments: [] } ] ]
[2016-09-09 14:12:41.153] [DEBUG] Server - #promiseModel() [ 1, 2.3 ] { model: 'Kopnik', id: 3 }
[2016-09-09 14:12:41.196] [INFO] console - Executing (14336adc-f587-45d5-999f-1fe0a74128c0): START TRANSACTION;
[2016-09-09 14:12:41.202] [INFO] console - Executing (14336adc-f587-45d5-999f-1fe0a74128c0): SET SESSION TRANSACTION ISOLATION LEVEL REPEATABLE READ;
[2016-09-09 14:12:41.284] [INFO] console - Executing (default): SELECT "Kopnik"."id", "Kopnik"."email", "Kopnik"."password", "Kopnik"."name", "Kopnik"."surname", "Kopnik"."patronymic", "Kopnik"."birth", "Kopnik"."note", "Kopnik"."created_at", "Kopnik"."updated_at", "Kopnik"."deleted_at", "Kopnik"."rodina_id", "Kopnik"."starshina_id", "attachments"."id" AS "attachments.id", "attachments"."path" AS "attachments.path", "attachments"."note" AS "attachments.note", "attachments"."created_at" AS "attachments.created_at", "attachments"."updated_at" AS "attachments.updated_at", "attachments"."deleted_at" AS "attachments.deleted_at", "attachments"."zemla_id" AS "attachments.zemla_id", "attachments"."kopnik_id" AS "attachments.kopnik_id", "attachments"."kopa_id" AS "attachments.kopa_id", "attachments"."slovo_id" AS "attachments.slovo_id", "attachments"."predlozhenie_id" AS "attachments.predlozhenie_id", "attachments"."golos_id" AS "attachments.golos_id" FROM "Kopnik" AS "Kopnik" LEFT OUTER JOIN "File" AS "attachments" ON "Kopnik"."id" = "attachments"."kopnik_id" AND "attachments"."deleted_at" IS NULL WHERE ("Kopnik"."deleted_at" IS NULL AND "Kopnik"."id" = 3);
[2016-09-09 14:12:41.334] [INFO] console - Executing (14336adc-f587-45d5-999f-1fe0a74128c0): COMMIT;
[2016-09-09 14:12:41.363] [INFO] console - [ 70,
  1068,
  {},
  [ { fullName: 'Unit Test',
      id: '3',
      email: 'unittest3@domain.ru',
      name: 'Unit',
      surname: 'Test',
      patronymic: '3',
      birth: 1983,
      note: null,
      created_at: Fri Sep 09 2016 10:09:23 GMT+0500 (YEKT),
      updated_at: Fri Sep 09 2016 10:09:23 GMT+0500 (YEKT),
      deleted_at: null,
      rodina_id: '2',
      starshina_id: '2',
      attachments: [] } ] ]
[2016-09-09 14:12:41.452] [INFO] console - Executing (18c9d992-3b97-4355-9b23-50a86b659b04): START TRANSACTION;
[2016-09-09 14:12:41.464] [INFO] console - Executing (18c9d992-3b97-4355-9b23-50a86b659b04): SET SESSION TRANSACTION ISOLATION LEVEL REPEATABLE READ;
[2016-09-09 14:12:41.565] [INFO] console - Executing (default): INSERT INTO "Slovo" ("id","value","note","created_at","updated_at","owner_id","place_id") VALUES (DEFAULT,'123 temp','456','2016-09-09 09:12:41.494 +00:00','2016-09-09 09:12:41.494 +00:00',2,3) RETURNING *;
[2016-09-09 14:12:41.603] [INFO] console - Executing (18c9d992-3b97-4355-9b23-50a86b659b04): COMMIT;
[2016-09-09 14:12:41.622] [INFO] console - [ 70, 1069, {}, [ '2' ] ]
[2016-09-09 14:12:41.665] [INFO] console - [ 16,
  2235903648989184,
  { acknowledge: true },
  'ru.kopa.model.Kopa.id3.slovoAdd',
  [ '2' ] ]
[2016-09-09 14:12:41.691] [DEBUG] Server - #promiseModel() [ 1, 2.3 ] { model: 'Slovo', id: 2 }
[2016-09-09 14:12:41.708] [INFO] console - Executing (5bfa8e30-dc67-4828-8588-fbc07a578f2e): START TRANSACTION;
[2016-09-09 14:12:41.717] [INFO] console - Executing (5bfa8e30-dc67-4828-8588-fbc07a578f2e): SET SESSION TRANSACTION ISOLATION LEVEL REPEATABLE READ;
[2016-09-09 14:12:41.763] [INFO] console - Executing (default): SELECT "Slovo"."id", "Slovo"."value", "Slovo"."note", "Slovo"."created_at", "Slovo"."updated_at", "Slovo"."deleted_at", "Slovo"."owner_id", "Slovo"."place_id", "attachments"."id" AS "attachments.id", "attachments"."path" AS "attachments.path", "attachments"."note" AS "attachments.note", "attachments"."created_at" AS "attachments.created_at", "attachments"."updated_at" AS "attachments.updated_at", "attachments"."deleted_at" AS "attachments.deleted_at", "attachments"."zemla_id" AS "attachments.zemla_id", "attachments"."kopnik_id" AS "attachments.kopnik_id", "attachments"."kopa_id" AS "attachments.kopa_id", "attachments"."slovo_id" AS "attachments.slovo_id", "attachments"."predlozhenie_id" AS "attachments.predlozhenie_id", "attachments"."golos_id" AS "attachments.golos_id" FROM "Slovo" AS "Slovo" LEFT OUTER JOIN "File" AS "attachments" ON "Slovo"."id" = "attachments"."slovo_id" AND "attachments"."deleted_at" IS NULL WHERE ("Slovo"."deleted_at" IS NULL AND "Slovo"."id" = 2);
[2016-09-09 14:12:41.794] [INFO] console - Executing (5bfa8e30-dc67-4828-8588-fbc07a578f2e): COMMIT;
[2016-09-09 14:12:41.802] [INFO] console - [ 70,
  1070,
  {},
  [ { id: '2',
      value: '123 temp',
      note: '456',
      created_at: Fri Sep 09 2016 14:12:41 GMT+0500 (YEKT),
      updated_at: Fri Sep 09 2016 14:12:41 GMT+0500 (YEKT),
      deleted_at: null,
      owner_id: '2',
      place_id: '3',
      attachments: [] } ] ]
[2016-09-09 14:12:42.766] [INFO] console - Executing (10417562-d759-4301-b328-6dd6e33d3fbf): START TRANSACTION;
[2016-09-09 14:12:42.773] [INFO] console - Executing (10417562-d759-4301-b328-6dd6e33d3fbf): SET SESSION TRANSACTION ISOLATION LEVEL REPEATABLE READ;
[2016-09-09 14:12:42.824] [INFO] console - Executing (default): INSERT INTO "Slovo" ("id","value","created_at","updated_at","owner_id","place_id") VALUES (DEFAULT,'some value temp 1473412362666','2016-09-09 09:12:42.778 +00:00','2016-09-09 09:12:42.778 +00:00',2,3) RETURNING *;
[2016-09-09 14:12:42.853] [INFO] console - Executing (10417562-d759-4301-b328-6dd6e33d3fbf): COMMIT;
[2016-09-09 14:12:42.858] [INFO] console - [ 70, 1071, {}, [ '3' ] ]
[2016-09-09 14:12:42.871] [INFO] console - [ 16,
  289394514722816,
  { acknowledge: true },
  'ru.kopa.model.Kopa.id3.slovoAdd',
  [ '3' ] ]
[2016-09-09 14:12:43.000] [DEBUG] Server - #promiseModel() [ 1, 2.3 ] { model: 'Zemla', id: 2 }
[2016-09-09 14:12:43.027] [INFO] console - Executing (f623cc0a-01d1-41b5-bbba-7ed607456a29): START TRANSACTION;
[2016-09-09 14:12:43.033] [INFO] console - Executing (f623cc0a-01d1-41b5-bbba-7ed607456a29): SET SESSION TRANSACTION ISOLATION LEVEL REPEATABLE READ;
[2016-09-09 14:12:43.087] [INFO] console - Executing (default): SELECT "Zemla"."id", "Zemla"."path", "Zemla"."name", "Zemla"."intensity", "Zemla"."note", "Zemla"."created_at", "Zemla"."updated_at", "Zemla"."deleted_at", "Zemla"."parent_id", "attachments"."id" AS "attachments.id", "attachments"."path" AS "attachments.path", "attachments"."note" AS "attachments.note", "attachments"."created_at" AS "attachments.created_at", "attachments"."updated_at" AS "attachments.updated_at", "attachments"."deleted_at" AS "attachments.deleted_at", "attachments"."zemla_id" AS "attachments.zemla_id", "attachments"."kopnik_id" AS "attachments.kopnik_id", "attachments"."kopa_id" AS "attachments.kopa_id", "attachments"."slovo_id" AS "attachments.slovo_id", "attachments"."predlozhenie_id" AS "attachments.predlozhenie_id", "attachments"."golos_id" AS "attachments.golos_id" FROM "Zemla" AS "Zemla" LEFT OUTER JOIN "File" AS "attachments" ON "Zemla"."id" = "attachments"."zemla_id" AND "attachments"."deleted_at" IS NULL WHERE ("Zemla"."deleted_at" IS NULL AND "Zemla"."id" = 2);
[2016-09-09 14:12:43.122] [INFO] console - Executing (f623cc0a-01d1-41b5-bbba-7ed607456a29): COMMIT;
[2016-09-09 14:12:43.126] [INFO] console - [ 70,
  1072,
  {},
  [ { fullPath: 'null2/',
      id: '2',
      path: null,
      name: 'UnitTest2',
      intensity: 1000,
      note: null,
      created_at: Fri Sep 09 2016 10:09:23 GMT+0500 (YEKT),
      updated_at: Fri Sep 09 2016 10:09:23 GMT+0500 (YEKT),
      deleted_at: null,
      parent_id: '1',
      attachments: [] } ] ]
[2016-09-09 14:12:43.219] [INFO] console - Executing (247d0f5e-5432-4934-84af-c60cac575ca1): START TRANSACTION;
[2016-09-09 14:12:43.226] [INFO] console - Executing (247d0f5e-5432-4934-84af-c60cac575ca1): SET SESSION TRANSACTION ISOLATION LEVEL REPEATABLE READ;
[2016-09-09 14:12:43.247] [INFO] console - Executing (default): SELECT "id", "path", "name", "intensity", "note", "created_at", "updated_at", "deleted_at", "parent_id" FROM "Zemla" AS "Zemla" WHERE ("Zemla"."deleted_at" IS NULL AND "Zemla"."id" = 2);
[2016-09-09 14:12:43.301] [INFO] console - Executing (default): UPDATE "Zemla" SET "parent_id"=1,"note"='unit test 1473412358663',"updated_at"='2016-09-09 09:12:43.269 +00:00' WHERE "id" = '2'
[2016-09-09 14:12:43.313] [INFO] console - Executing (247d0f5e-5432-4934-84af-c60cac575ca1): COMMIT;
[2016-09-09 14:12:43.316] [INFO] console - [ 16,
  1347965398548480,
  { acknowledge: true },
  'ru.kopa.model.Zemla.id2.change' ]
[2016-09-09 14:12:43.342] [INFO] console - [ 70, 1073, {}, [ undefined ] ]
[2016-09-09 14:12:43.361] [DEBUG] Server - #promiseModel() [ 1, 2.3 ] { model: 'Zemla', id: 2 }
[2016-09-09 14:12:43.379] [DEBUG] Server - #promiseModel() [ 1, 2.3 ] { model: 'Zemla', id: 2 }
[2016-09-09 14:12:43.391] [INFO] console - Executing (c7a0e7ed-7c18-49d2-b7b7-1a939863670e): START TRANSACTION;
[2016-09-09 14:12:43.396] [INFO] console - Executing (545a6ac1-0d51-4752-a27d-3da8555ca30d): START TRANSACTION;
[2016-09-09 14:12:43.408] [INFO] console - Executing (c7a0e7ed-7c18-49d2-b7b7-1a939863670e): SET SESSION TRANSACTION ISOLATION LEVEL REPEATABLE READ;
[2016-09-09 14:12:43.410] [INFO] console - Executing (545a6ac1-0d51-4752-a27d-3da8555ca30d): SET SESSION TRANSACTION ISOLATION LEVEL REPEATABLE READ;
[2016-09-09 14:12:43.540] [INFO] console - Executing (default): SELECT "Zemla"."id", "Zemla"."path", "Zemla"."name", "Zemla"."intensity", "Zemla"."note", "Zemla"."created_at", "Zemla"."updated_at", "Zemla"."deleted_at", "Zemla"."parent_id", "attachments"."id" AS "attachments.id", "attachments"."path" AS "attachments.path", "attachments"."note" AS "attachments.note", "attachments"."created_at" AS "attachments.created_at", "attachments"."updated_at" AS "attachments.updated_at", "attachments"."deleted_at" AS "attachments.deleted_at", "attachments"."zemla_id" AS "attachments.zemla_id", "attachments"."kopnik_id" AS "attachments.kopnik_id", "attachments"."kopa_id" AS "attachments.kopa_id", "attachments"."slovo_id" AS "attachments.slovo_id", "attachments"."predlozhenie_id" AS "attachments.predlozhenie_id", "attachments"."golos_id" AS "attachments.golos_id" FROM "Zemla" AS "Zemla" LEFT OUTER JOIN "File" AS "attachments" ON "Zemla"."id" = "attachments"."zemla_id" AND "attachments"."deleted_at" IS NULL WHERE ("Zemla"."deleted_at" IS NULL AND "Zemla"."id" = 2);
[2016-09-09 14:12:43.553] [INFO] console - Executing (default): SELECT "Zemla"."id", "Zemla"."path", "Zemla"."name", "Zemla"."intensity", "Zemla"."note", "Zemla"."created_at", "Zemla"."updated_at", "Zemla"."deleted_at", "Zemla"."parent_id", "attachments"."id" AS "attachments.id", "attachments"."path" AS "attachments.path", "attachments"."note" AS "attachments.note", "attachments"."created_at" AS "attachments.created_at", "attachments"."updated_at" AS "attachments.updated_at", "attachments"."deleted_at" AS "attachments.deleted_at", "attachments"."zemla_id" AS "attachments.zemla_id", "attachments"."kopnik_id" AS "attachments.kopnik_id", "attachments"."kopa_id" AS "attachments.kopa_id", "attachments"."slovo_id" AS "attachments.slovo_id", "attachments"."predlozhenie_id" AS "attachments.predlozhenie_id", "attachments"."golos_id" AS "attachments.golos_id" FROM "Zemla" AS "Zemla" LEFT OUTER JOIN "File" AS "attachments" ON "Zemla"."id" = "attachments"."zemla_id" AND "attachments"."deleted_at" IS NULL WHERE ("Zemla"."deleted_at" IS NULL AND "Zemla"."id" = 2);
[2016-09-09 14:12:43.608] [INFO] console - Executing (545a6ac1-0d51-4752-a27d-3da8555ca30d): COMMIT;
[2016-09-09 14:12:43.613] [INFO] console - Executing (c7a0e7ed-7c18-49d2-b7b7-1a939863670e): COMMIT;
[2016-09-09 14:12:43.619] [INFO] console - [ 70,
  1075,
  {},
  [ { fullPath: 'null2/',
      id: '2',
      path: null,
      name: 'UnitTest2',
      intensity: 1000,
      note: 'unit test 1473412358663',
      created_at: Fri Sep 09 2016 10:09:23 GMT+0500 (YEKT),
      updated_at: Fri Sep 09 2016 14:12:43 GMT+0500 (YEKT),
      deleted_at: null,
      parent_id: '1',
      attachments: [] } ] ]
[2016-09-09 14:12:43.641] [INFO] console - [ 70,
  1074,
  {},
  [ { fullPath: 'null2/',
      id: '2',
      path: null,
      name: 'UnitTest2',
      intensity: 1000,
      note: 'unit test 1473412358663',
      created_at: Fri Sep 09 2016 10:09:23 GMT+0500 (YEKT),
      updated_at: Fri Sep 09 2016 14:12:43 GMT+0500 (YEKT),
      deleted_at: null,
      parent_id: '1',
      attachments: [] } ] ]
[2016-09-09 14:55:48.559] [DEBUG] Server - #promiseModel() [ 1, 2.3 ] { model: 'Kopnik', id: 2 }
[2016-09-09 14:55:48.706] [INFO] console - Executing (bbab7b96-91fd-4ae1-a6c5-369fb97eb96a): START TRANSACTION;
[2016-09-09 14:55:48.713] [INFO] console - Executing (bbab7b96-91fd-4ae1-a6c5-369fb97eb96a): SET SESSION TRANSACTION ISOLATION LEVEL REPEATABLE READ;
[2016-09-09 14:55:48.838] [INFO] console - Executing (default): SELECT "Kopnik"."id", "Kopnik"."email", "Kopnik"."password", "Kopnik"."name", "Kopnik"."surname", "Kopnik"."patronymic", "Kopnik"."birth", "Kopnik"."note", "Kopnik"."created_at", "Kopnik"."updated_at", "Kopnik"."deleted_at", "Kopnik"."rodina_id", "Kopnik"."starshina_id", "attachments"."id" AS "attachments.id", "attachments"."path" AS "attachments.path", "attachments"."note" AS "attachments.note", "attachments"."created_at" AS "attachments.created_at", "attachments"."updated_at" AS "attachments.updated_at", "attachments"."deleted_at" AS "attachments.deleted_at", "attachments"."zemla_id" AS "attachments.zemla_id", "attachments"."kopnik_id" AS "attachments.kopnik_id", "attachments"."kopa_id" AS "attachments.kopa_id", "attachments"."slovo_id" AS "attachments.slovo_id", "attachments"."predlozhenie_id" AS "attachments.predlozhenie_id", "attachments"."golos_id" AS "attachments.golos_id" FROM "Kopnik" AS "Kopnik" LEFT OUTER JOIN "File" AS "attachments" ON "Kopnik"."id" = "attachments"."kopnik_id" AND "attachments"."deleted_at" IS NULL WHERE ("Kopnik"."deleted_at" IS NULL AND "Kopnik"."id" = 2);
[2016-09-09 14:55:48.903] [INFO] console - Executing (bbab7b96-91fd-4ae1-a6c5-369fb97eb96a): COMMIT;
[2016-09-09 14:55:48.910] [INFO] console - [ 70,
  1077,
  {},
  [ { fullName: 'Unit Test',
      id: '2',
      email: 'unittest2@domain.ru',
      name: 'Unit',
      surname: 'Test',
      patronymic: '1',
      birth: 1983,
      note: null,
      created_at: Fri Sep 09 2016 10:09:23 GMT+0500 (YEKT),
      updated_at: Fri Sep 09 2016 10:09:23 GMT+0500 (YEKT),
      deleted_at: null,
      rodina_id: '2',
      starshina_id: null,
      attachments: [] } ] ]
[2016-09-09 14:55:49.044] [DEBUG] Server - #promiseModel() [ 1, 2.3 ] { model: 'Kopnik', id: 3 }
[2016-09-09 14:55:49.066] [INFO] console - Executing (8f090a4c-0934-4857-a881-73eb8a742859): START TRANSACTION;
[2016-09-09 14:55:49.071] [INFO] console - Executing (8f090a4c-0934-4857-a881-73eb8a742859): SET SESSION TRANSACTION ISOLATION LEVEL REPEATABLE READ;
[2016-09-09 14:55:49.124] [INFO] console - Executing (default): SELECT "Kopnik"."id", "Kopnik"."email", "Kopnik"."password", "Kopnik"."name", "Kopnik"."surname", "Kopnik"."patronymic", "Kopnik"."birth", "Kopnik"."note", "Kopnik"."created_at", "Kopnik"."updated_at", "Kopnik"."deleted_at", "Kopnik"."rodina_id", "Kopnik"."starshina_id", "attachments"."id" AS "attachments.id", "attachments"."path" AS "attachments.path", "attachments"."note" AS "attachments.note", "attachments"."created_at" AS "attachments.created_at", "attachments"."updated_at" AS "attachments.updated_at", "attachments"."deleted_at" AS "attachments.deleted_at", "attachments"."zemla_id" AS "attachments.zemla_id", "attachments"."kopnik_id" AS "attachments.kopnik_id", "attachments"."kopa_id" AS "attachments.kopa_id", "attachments"."slovo_id" AS "attachments.slovo_id", "attachments"."predlozhenie_id" AS "attachments.predlozhenie_id", "attachments"."golos_id" AS "attachments.golos_id" FROM "Kopnik" AS "Kopnik" LEFT OUTER JOIN "File" AS "attachments" ON "Kopnik"."id" = "attachments"."kopnik_id" AND "attachments"."deleted_at" IS NULL WHERE ("Kopnik"."deleted_at" IS NULL AND "Kopnik"."id" = 3);
[2016-09-09 14:55:49.149] [INFO] console - Executing (8f090a4c-0934-4857-a881-73eb8a742859): COMMIT;
[2016-09-09 14:55:49.153] [INFO] console - [ 70,
  1078,
  {},
  [ { fullName: 'Unit Test',
      id: '3',
      email: 'unittest3@domain.ru',
      name: 'Unit',
      surname: 'Test',
      patronymic: '3',
      birth: 1983,
      note: null,
      created_at: Fri Sep 09 2016 10:09:23 GMT+0500 (YEKT),
      updated_at: Fri Sep 09 2016 10:09:23 GMT+0500 (YEKT),
      deleted_at: null,
      rodina_id: '2',
      starshina_id: '2',
      attachments: [] } ] ]
[2016-09-09 14:55:49.249] [INFO] console - Executing (64c1ab0f-59a0-4ae2-a061-94ec12467107): START TRANSACTION;
[2016-09-09 14:55:49.265] [INFO] console - Executing (64c1ab0f-59a0-4ae2-a061-94ec12467107): SET SESSION TRANSACTION ISOLATION LEVEL REPEATABLE READ;
[2016-09-09 14:55:49.417] [INFO] console - Executing (default): INSERT INTO "Slovo" ("id","value","note","created_at","updated_at","owner_id","place_id") VALUES (DEFAULT,'123 temp','456','2016-09-09 09:55:49.315 +00:00','2016-09-09 09:55:49.315 +00:00',2,3) RETURNING *;
[2016-09-09 14:55:49.468] [INFO] console - Executing (64c1ab0f-59a0-4ae2-a061-94ec12467107): COMMIT;
[2016-09-09 14:55:49.482] [INFO] console - [ 70, 1079, {}, [ '4' ] ]
[2016-09-09 14:55:49.496] [INFO] console - [ 16,
  7359422481301504,
  { acknowledge: true },
  'ru.kopa.model.Kopa.id3.slovoAdd',
  [ '4' ] ]
[2016-09-09 14:55:49.541] [DEBUG] Server - #promiseModel() [ 1, 2.3 ] { model: 'Slovo', id: 4 }
[2016-09-09 14:55:49.552] [INFO] console - Executing (1bd9bbe8-4110-404d-8613-860c8d31f1b2): START TRANSACTION;
[2016-09-09 14:55:49.567] [INFO] console - Executing (1bd9bbe8-4110-404d-8613-860c8d31f1b2): SET SESSION TRANSACTION ISOLATION LEVEL REPEATABLE READ;
[2016-09-09 14:55:49.588] [INFO] console - Executing (default): SELECT "Slovo"."id", "Slovo"."value", "Slovo"."note", "Slovo"."created_at", "Slovo"."updated_at", "Slovo"."deleted_at", "Slovo"."owner_id", "Slovo"."place_id", "attachments"."id" AS "attachments.id", "attachments"."path" AS "attachments.path", "attachments"."note" AS "attachments.note", "attachments"."created_at" AS "attachments.created_at", "attachments"."updated_at" AS "attachments.updated_at", "attachments"."deleted_at" AS "attachments.deleted_at", "attachments"."zemla_id" AS "attachments.zemla_id", "attachments"."kopnik_id" AS "attachments.kopnik_id", "attachments"."kopa_id" AS "attachments.kopa_id", "attachments"."slovo_id" AS "attachments.slovo_id", "attachments"."predlozhenie_id" AS "attachments.predlozhenie_id", "attachments"."golos_id" AS "attachments.golos_id" FROM "Slovo" AS "Slovo" LEFT OUTER JOIN "File" AS "attachments" ON "Slovo"."id" = "attachments"."slovo_id" AND "attachments"."deleted_at" IS NULL WHERE ("Slovo"."deleted_at" IS NULL AND "Slovo"."id" = 4);
[2016-09-09 14:55:49.631] [INFO] console - Executing (1bd9bbe8-4110-404d-8613-860c8d31f1b2): COMMIT;
[2016-09-09 14:55:49.636] [INFO] console - [ 70,
  1080,
  {},
  [ { id: '4',
      value: '123 temp',
      note: '456',
      created_at: Fri Sep 09 2016 14:55:49 GMT+0500 (YEKT),
      updated_at: Fri Sep 09 2016 14:55:49 GMT+0500 (YEKT),
      deleted_at: null,
      owner_id: '2',
      place_id: '3',
      attachments: [] } ] ]
[2016-09-09 14:55:49.707] [INFO] console - Executing (2ab2eb1f-222d-4a57-ad3a-116bc45a694c): START TRANSACTION;
[2016-09-09 14:55:49.717] [INFO] console - Executing (2ab2eb1f-222d-4a57-ad3a-116bc45a694c): SET SESSION TRANSACTION ISOLATION LEVEL REPEATABLE READ;
[2016-09-09 14:55:49.748] [INFO] console - Executing (default): INSERT INTO "Slovo" ("id","value","created_at","updated_at","owner_id","place_id") VALUES (DEFAULT,'some value temp 1473414949691','2016-09-09 09:55:49.727 +00:00','2016-09-09 09:55:49.727 +00:00',2,3) RETURNING *;
[2016-09-09 14:55:49.767] [INFO] console - Executing (2ab2eb1f-222d-4a57-ad3a-116bc45a694c): COMMIT;
[2016-09-09 14:55:49.777] [INFO] console - [ 70, 1081, {}, [ '5' ] ]
[2016-09-09 14:55:49.794] [INFO] console - [ 16,
  5971744321961984,
  { acknowledge: true },
  'ru.kopa.model.Kopa.id3.slovoAdd',
  [ '5' ] ]
[2016-09-09 14:55:49.857] [DEBUG] Server - #promiseModel() [ 1, 2.3 ] { model: 'Zemla', id: 2 }
[2016-09-09 14:55:49.876] [INFO] console - Executing (423db763-4784-46aa-9bc5-bc4981fc5cb8): START TRANSACTION;
[2016-09-09 14:55:49.879] [INFO] console - Executing (423db763-4784-46aa-9bc5-bc4981fc5cb8): SET SESSION TRANSACTION ISOLATION LEVEL REPEATABLE READ;
[2016-09-09 14:55:49.906] [INFO] console - Executing (default): SELECT "Zemla"."id", "Zemla"."path", "Zemla"."name", "Zemla"."intensity", "Zemla"."note", "Zemla"."created_at", "Zemla"."updated_at", "Zemla"."deleted_at", "Zemla"."parent_id", "attachments"."id" AS "attachments.id", "attachments"."path" AS "attachments.path", "attachments"."note" AS "attachments.note", "attachments"."created_at" AS "attachments.created_at", "attachments"."updated_at" AS "attachments.updated_at", "attachments"."deleted_at" AS "attachments.deleted_at", "attachments"."zemla_id" AS "attachments.zemla_id", "attachments"."kopnik_id" AS "attachments.kopnik_id", "attachments"."kopa_id" AS "attachments.kopa_id", "attachments"."slovo_id" AS "attachments.slovo_id", "attachments"."predlozhenie_id" AS "attachments.predlozhenie_id", "attachments"."golos_id" AS "attachments.golos_id" FROM "Zemla" AS "Zemla" LEFT OUTER JOIN "File" AS "attachments" ON "Zemla"."id" = "attachments"."zemla_id" AND "attachments"."deleted_at" IS NULL WHERE ("Zemla"."deleted_at" IS NULL AND "Zemla"."id" = 2);
[2016-09-09 14:55:49.930] [INFO] console - Executing (423db763-4784-46aa-9bc5-bc4981fc5cb8): COMMIT;
[2016-09-09 14:55:49.947] [INFO] console - [ 70,
  1082,
  {},
  [ { fullPath: 'null2/',
      id: '2',
      path: null,
      name: 'UnitTest2',
      intensity: 1000,
      note: 'unit test 1473412358663',
      created_at: Fri Sep 09 2016 10:09:23 GMT+0500 (YEKT),
      updated_at: Fri Sep 09 2016 14:12:43 GMT+0500 (YEKT),
      deleted_at: null,
      parent_id: '1',
      attachments: [] } ] ]
[2016-09-09 14:55:50.061] [INFO] console - Executing (ad3f185f-eed5-43a2-b4b8-97adfeac7b34): START TRANSACTION;
[2016-09-09 14:55:50.079] [INFO] console - Executing (ad3f185f-eed5-43a2-b4b8-97adfeac7b34): SET SESSION TRANSACTION ISOLATION LEVEL REPEATABLE READ;
[2016-09-09 14:55:50.107] [INFO] console - Executing (default): SELECT "id", "path", "name", "intensity", "note", "created_at", "updated_at", "deleted_at", "parent_id" FROM "Zemla" AS "Zemla" WHERE ("Zemla"."deleted_at" IS NULL AND "Zemla"."id" = 2);
[2016-09-09 14:55:50.190] [INFO] console - Executing (default): UPDATE "Zemla" SET "parent_id"=1,"note"='unit test 1473414946817',"updated_at"='2016-09-09 09:55:50.157 +00:00' WHERE "id" = '2'
[2016-09-09 14:55:50.208] [INFO] console - Executing (ad3f185f-eed5-43a2-b4b8-97adfeac7b34): COMMIT;
[2016-09-09 14:55:50.221] [INFO] console - [ 16,
  3811369684041728,
  { acknowledge: true },
  'ru.kopa.model.Zemla.id2.change' ]
[2016-09-09 14:55:50.263] [DEBUG] Server - #promiseModel() [ 1, 2.3 ] { model: 'Zemla', id: 2 }
[2016-09-09 14:55:50.280] [DEBUG] Server - #promiseModel() [ 1, 2.3 ] { model: 'Zemla', id: 2 }
[2016-09-09 14:55:50.296] [INFO] console - [ 70, 1083, {}, [ undefined ] ]
[2016-09-09 14:55:50.318] [INFO] console - Executing (42241d3c-5e15-4df0-bfb9-b7f7abd36de4): START TRANSACTION;
[2016-09-09 14:55:50.337] [INFO] console - Executing (75711524-9f34-4392-bb0c-f1310216b97c): START TRANSACTION;
[2016-09-09 14:55:50.361] [INFO] console - Executing (42241d3c-5e15-4df0-bfb9-b7f7abd36de4): SET SESSION TRANSACTION ISOLATION LEVEL REPEATABLE READ;
[2016-09-09 14:55:50.363] [INFO] console - Executing (75711524-9f34-4392-bb0c-f1310216b97c): SET SESSION TRANSACTION ISOLATION LEVEL REPEATABLE READ;
[2016-09-09 14:55:50.528] [INFO] console - Executing (default): SELECT "Zemla"."id", "Zemla"."path", "Zemla"."name", "Zemla"."intensity", "Zemla"."note", "Zemla"."created_at", "Zemla"."updated_at", "Zemla"."deleted_at", "Zemla"."parent_id", "attachments"."id" AS "attachments.id", "attachments"."path" AS "attachments.path", "attachments"."note" AS "attachments.note", "attachments"."created_at" AS "attachments.created_at", "attachments"."updated_at" AS "attachments.updated_at", "attachments"."deleted_at" AS "attachments.deleted_at", "attachments"."zemla_id" AS "attachments.zemla_id", "attachments"."kopnik_id" AS "attachments.kopnik_id", "attachments"."kopa_id" AS "attachments.kopa_id", "attachments"."slovo_id" AS "attachments.slovo_id", "attachments"."predlozhenie_id" AS "attachments.predlozhenie_id", "attachments"."golos_id" AS "attachments.golos_id" FROM "Zemla" AS "Zemla" LEFT OUTER JOIN "File" AS "attachments" ON "Zemla"."id" = "attachments"."zemla_id" AND "attachments"."deleted_at" IS NULL WHERE ("Zemla"."deleted_at" IS NULL AND "Zemla"."id" = 2);
[2016-09-09 14:55:50.548] [INFO] console - Executing (default): SELECT "Zemla"."id", "Zemla"."path", "Zemla"."name", "Zemla"."intensity", "Zemla"."note", "Zemla"."created_at", "Zemla"."updated_at", "Zemla"."deleted_at", "Zemla"."parent_id", "attachments"."id" AS "attachments.id", "attachments"."path" AS "attachments.path", "attachments"."note" AS "attachments.note", "attachments"."created_at" AS "attachments.created_at", "attachments"."updated_at" AS "attachments.updated_at", "attachments"."deleted_at" AS "attachments.deleted_at", "attachments"."zemla_id" AS "attachments.zemla_id", "attachments"."kopnik_id" AS "attachments.kopnik_id", "attachments"."kopa_id" AS "attachments.kopa_id", "attachments"."slovo_id" AS "attachments.slovo_id", "attachments"."predlozhenie_id" AS "attachments.predlozhenie_id", "attachments"."golos_id" AS "attachments.golos_id" FROM "Zemla" AS "Zemla" LEFT OUTER JOIN "File" AS "attachments" ON "Zemla"."id" = "attachments"."zemla_id" AND "attachments"."deleted_at" IS NULL WHERE ("Zemla"."deleted_at" IS NULL AND "Zemla"."id" = 2);
[2016-09-09 14:55:50.580] [INFO] console - Executing (42241d3c-5e15-4df0-bfb9-b7f7abd36de4): COMMIT;
[2016-09-09 14:55:50.606] [INFO] console - Executing (75711524-9f34-4392-bb0c-f1310216b97c): COMMIT;
[2016-09-09 14:55:50.610] [INFO] console - [ 70,
  1084,
  {},
  [ { fullPath: 'null2/',
      id: '2',
      path: null,
      name: 'UnitTest2',
      intensity: 1000,
      note: 'unit test 1473414946817',
      created_at: Fri Sep 09 2016 10:09:23 GMT+0500 (YEKT),
      updated_at: Fri Sep 09 2016 14:55:50 GMT+0500 (YEKT),
      deleted_at: null,
      parent_id: '1',
      attachments: [] } ] ]
[2016-09-09 14:55:50.699] [INFO] console - [ 70,
  1085,
  {},
  [ { fullPath: 'null2/',
      id: '2',
      path: null,
      name: 'UnitTest2',
      intensity: 1000,
      note: 'unit test 1473414946817',
      created_at: Fri Sep 09 2016 10:09:23 GMT+0500 (YEKT),
      updated_at: Fri Sep 09 2016 14:55:50 GMT+0500 (YEKT),
      deleted_at: null,
      parent_id: '1',
      attachments: [] } ] ]
[2016-09-09 14:56:13.521] [DEBUG] Server - #promiseModel() [ 1, 2.3 ] { model: 'Kopnik', id: 2 }
[2016-09-09 14:56:13.591] [INFO] console - Executing (9f964ba1-5c28-4e99-8e1e-6b05431b3717): START TRANSACTION;
[2016-09-09 14:56:13.595] [INFO] console - Executing (9f964ba1-5c28-4e99-8e1e-6b05431b3717): SET SESSION TRANSACTION ISOLATION LEVEL REPEATABLE READ;
[2016-09-09 14:56:13.665] [INFO] console - Executing (default): SELECT "Kopnik"."id", "Kopnik"."email", "Kopnik"."password", "Kopnik"."name", "Kopnik"."surname", "Kopnik"."patronymic", "Kopnik"."birth", "Kopnik"."note", "Kopnik"."created_at", "Kopnik"."updated_at", "Kopnik"."deleted_at", "Kopnik"."rodina_id", "Kopnik"."starshina_id", "attachments"."id" AS "attachments.id", "attachments"."path" AS "attachments.path", "attachments"."note" AS "attachments.note", "attachments"."created_at" AS "attachments.created_at", "attachments"."updated_at" AS "attachments.updated_at", "attachments"."deleted_at" AS "attachments.deleted_at", "attachments"."zemla_id" AS "attachments.zemla_id", "attachments"."kopnik_id" AS "attachments.kopnik_id", "attachments"."kopa_id" AS "attachments.kopa_id", "attachments"."slovo_id" AS "attachments.slovo_id", "attachments"."predlozhenie_id" AS "attachments.predlozhenie_id", "attachments"."golos_id" AS "attachments.golos_id" FROM "Kopnik" AS "Kopnik" LEFT OUTER JOIN "File" AS "attachments" ON "Kopnik"."id" = "attachments"."kopnik_id" AND "attachments"."deleted_at" IS NULL WHERE ("Kopnik"."deleted_at" IS NULL AND "Kopnik"."id" = 2);
[2016-09-09 14:56:13.690] [INFO] console - Executing (9f964ba1-5c28-4e99-8e1e-6b05431b3717): COMMIT;
[2016-09-09 14:56:13.695] [INFO] console - [ 70,
  1087,
  {},
  [ { fullName: 'Unit Test',
      id: '2',
      email: 'unittest2@domain.ru',
      name: 'Unit',
      surname: 'Test',
      patronymic: '1',
      birth: 1983,
      note: null,
      created_at: Fri Sep 09 2016 10:09:23 GMT+0500 (YEKT),
      updated_at: Fri Sep 09 2016 10:09:23 GMT+0500 (YEKT),
      deleted_at: null,
      rodina_id: '2',
      starshina_id: null,
      attachments: [] } ] ]
[2016-09-09 14:56:33.799] [DEBUG] Server - #promiseModel() [ 1, 2.3 ] { model: 'Kopnik', id: 2 }
[2016-09-09 14:56:33.922] [INFO] console - Executing (587350f6-9271-4e72-98aa-ae738233c5b5): START TRANSACTION;
[2016-09-09 14:56:33.936] [INFO] console - Executing (587350f6-9271-4e72-98aa-ae738233c5b5): SET SESSION TRANSACTION ISOLATION LEVEL REPEATABLE READ;
[2016-09-09 14:56:34.000] [INFO] console - Executing (default): SELECT "Kopnik"."id", "Kopnik"."email", "Kopnik"."password", "Kopnik"."name", "Kopnik"."surname", "Kopnik"."patronymic", "Kopnik"."birth", "Kopnik"."note", "Kopnik"."created_at", "Kopnik"."updated_at", "Kopnik"."deleted_at", "Kopnik"."rodina_id", "Kopnik"."starshina_id", "attachments"."id" AS "attachments.id", "attachments"."path" AS "attachments.path", "attachments"."note" AS "attachments.note", "attachments"."created_at" AS "attachments.created_at", "attachments"."updated_at" AS "attachments.updated_at", "attachments"."deleted_at" AS "attachments.deleted_at", "attachments"."zemla_id" AS "attachments.zemla_id", "attachments"."kopnik_id" AS "attachments.kopnik_id", "attachments"."kopa_id" AS "attachments.kopa_id", "attachments"."slovo_id" AS "attachments.slovo_id", "attachments"."predlozhenie_id" AS "attachments.predlozhenie_id", "attachments"."golos_id" AS "attachments.golos_id" FROM "Kopnik" AS "Kopnik" LEFT OUTER JOIN "File" AS "attachments" ON "Kopnik"."id" = "attachments"."kopnik_id" AND "attachments"."deleted_at" IS NULL WHERE ("Kopnik"."deleted_at" IS NULL AND "Kopnik"."id" = 2);
[2016-09-09 14:56:34.025] [INFO] console - Executing (587350f6-9271-4e72-98aa-ae738233c5b5): COMMIT;
[2016-09-09 14:56:34.032] [INFO] console - [ 70,
  1089,
  {},
  [ { fullName: 'Unit Test',
      id: '2',
      email: 'unittest2@domain.ru',
      name: 'Unit',
      surname: 'Test',
      patronymic: '1',
      birth: 1983,
      note: null,
      created_at: Fri Sep 09 2016 10:09:23 GMT+0500 (YEKT),
      updated_at: Fri Sep 09 2016 10:09:23 GMT+0500 (YEKT),
      deleted_at: null,
      rodina_id: '2',
      starshina_id: null,
      attachments: [] } ] ]
[2016-09-09 14:56:34.135] [INFO] console - Executing (02bcd7c1-12e3-4b72-a66a-bc53d14c9aa5): START TRANSACTION;
[2016-09-09 14:56:34.143] [INFO] console - Executing (02bcd7c1-12e3-4b72-a66a-bc53d14c9aa5): SET SESSION TRANSACTION ISOLATION LEVEL REPEATABLE READ;
[2016-09-09 14:56:34.180] [INFO] console - Executing (default): INSERT INTO "Kopnik" ("id","name","surname","patronymic","birth","created_at","updated_at","rodina_id","starshina_id") VALUES (DEFAULT,'temp','temp','temp',1900,'2016-09-09 09:56:34.150 +00:00','2016-09-09 09:56:34.150 +00:00',NULL,2) RETURNING *;
[2016-09-09 14:56:34.203] [INFO] console - Executing (02bcd7c1-12e3-4b72-a66a-bc53d14c9aa5): COMMIT;
[2016-09-09 14:56:34.207] [INFO] console - [ 70, 1090, {}, [ '39' ] ]
[2016-09-09 14:56:34.244] [DEBUG] Server - #promiseModel() [ 1, 2.3 ] { model: 'Zemla', id: 2 }
[2016-09-09 14:56:34.264] [INFO] console - Executing (fc06a208-4d3e-4a9b-8a46-35ef0304ba1b): START TRANSACTION;
[2016-09-09 14:56:34.269] [INFO] console - Executing (7c564213-8169-4087-a284-e072f45aa933): START TRANSACTION;
[2016-09-09 14:56:34.274] [INFO] console - Executing (fc06a208-4d3e-4a9b-8a46-35ef0304ba1b): SET SESSION TRANSACTION ISOLATION LEVEL REPEATABLE READ;
[2016-09-09 14:56:34.276] [INFO] console - Executing (7c564213-8169-4087-a284-e072f45aa933): SET SESSION TRANSACTION ISOLATION LEVEL REPEATABLE READ;
[2016-09-09 14:56:35.485] [INFO] console - Executing (default): SELECT "Zemla"."id", "Zemla"."path", "Zemla"."name", "Zemla"."intensity", "Zemla"."note", "Zemla"."created_at", "Zemla"."updated_at", "Zemla"."deleted_at", "Zemla"."parent_id", "attachments"."id" AS "attachments.id", "attachments"."path" AS "attachments.path", "attachments"."note" AS "attachments.note", "attachments"."created_at" AS "attachments.created_at", "attachments"."updated_at" AS "attachments.updated_at", "attachments"."deleted_at" AS "attachments.deleted_at", "attachments"."zemla_id" AS "attachments.zemla_id", "attachments"."kopnik_id" AS "attachments.kopnik_id", "attachments"."kopa_id" AS "attachments.kopa_id", "attachments"."slovo_id" AS "attachments.slovo_id", "attachments"."predlozhenie_id" AS "attachments.predlozhenie_id", "attachments"."golos_id" AS "attachments.golos_id" FROM "Zemla" AS "Zemla" LEFT OUTER JOIN "File" AS "attachments" ON "Zemla"."id" = "attachments"."zemla_id" AND "attachments"."deleted_at" IS NULL WHERE ("Zemla"."deleted_at" IS NULL AND "Zemla"."id" = 2);
[2016-09-09 14:56:35.505] [INFO] console - Executing (default): INSERT INTO "Kopnik" ("id","name","surname","patronymic","birth","created_at","updated_at","rodina_id","starshina_id") VALUES (DEFAULT,'temp','temp','temp',1900,'2016-09-09 09:56:34.286 +00:00','2016-09-09 09:56:34.286 +00:00',NULL,39) RETURNING *;
[2016-09-09 14:56:35.620] [INFO] console - Executing (fc06a208-4d3e-4a9b-8a46-35ef0304ba1b): COMMIT;
[2016-09-09 14:56:35.629] [INFO] console - Executing (7c564213-8169-4087-a284-e072f45aa933): COMMIT;
[2016-09-09 14:56:35.635] [INFO] console - [ 70,
  1091,
  {},
  [ { fullPath: 'null2/',
      id: '2',
      path: null,
      name: 'UnitTest2',
      intensity: 1000,
      note: 'unit test 1473414946817',
      created_at: Fri Sep 09 2016 10:09:23 GMT+0500 (YEKT),
      updated_at: Fri Sep 09 2016 14:55:50 GMT+0500 (YEKT),
      deleted_at: null,
      parent_id: '1',
      attachments: [] } ] ]
[2016-09-09 14:56:35.647] [INFO] console - [ 70, 1092, {}, [ '40' ] ]
[2016-09-09 14:56:48.599] [DEBUG] Server - #promiseModel() [ 1, 2.3 ] { model: 'Kopnik', id: 2 }
[2016-09-09 14:56:48.659] [INFO] console - Executing (3873fb9e-c9dc-4387-ba3b-d88460459a35): START TRANSACTION;
[2016-09-09 14:56:48.662] [INFO] console - Executing (3873fb9e-c9dc-4387-ba3b-d88460459a35): SET SESSION TRANSACTION ISOLATION LEVEL REPEATABLE READ;
[2016-09-09 14:56:48.708] [INFO] console - Executing (default): SELECT "Kopnik"."id", "Kopnik"."email", "Kopnik"."password", "Kopnik"."name", "Kopnik"."surname", "Kopnik"."patronymic", "Kopnik"."birth", "Kopnik"."note", "Kopnik"."created_at", "Kopnik"."updated_at", "Kopnik"."deleted_at", "Kopnik"."rodina_id", "Kopnik"."starshina_id", "attachments"."id" AS "attachments.id", "attachments"."path" AS "attachments.path", "attachments"."note" AS "attachments.note", "attachments"."created_at" AS "attachments.created_at", "attachments"."updated_at" AS "attachments.updated_at", "attachments"."deleted_at" AS "attachments.deleted_at", "attachments"."zemla_id" AS "attachments.zemla_id", "attachments"."kopnik_id" AS "attachments.kopnik_id", "attachments"."kopa_id" AS "attachments.kopa_id", "attachments"."slovo_id" AS "attachments.slovo_id", "attachments"."predlozhenie_id" AS "attachments.predlozhenie_id", "attachments"."golos_id" AS "attachments.golos_id" FROM "Kopnik" AS "Kopnik" LEFT OUTER JOIN "File" AS "attachments" ON "Kopnik"."id" = "attachments"."kopnik_id" AND "attachments"."deleted_at" IS NULL WHERE ("Kopnik"."deleted_at" IS NULL AND "Kopnik"."id" = 2);
[2016-09-09 14:56:48.725] [INFO] console - Executing (3873fb9e-c9dc-4387-ba3b-d88460459a35): COMMIT;
[2016-09-09 14:56:48.728] [INFO] console - [ 70,
  1094,
  {},
  [ { fullName: 'Unit Test',
      id: '2',
      email: 'unittest2@domain.ru',
      name: 'Unit',
      surname: 'Test',
      patronymic: '1',
      birth: 1983,
      note: null,
      created_at: Fri Sep 09 2016 10:09:23 GMT+0500 (YEKT),
      updated_at: Fri Sep 09 2016 10:09:23 GMT+0500 (YEKT),
      deleted_at: null,
      rodina_id: '2',
      starshina_id: null,
      attachments: [] } ] ]
[2016-09-09 14:56:48.774] [INFO] console - Executing (7bfd17a9-1ffd-4e2e-aec2-2ed49902bf95): START TRANSACTION;
[2016-09-09 14:56:48.777] [INFO] console - Executing (7bfd17a9-1ffd-4e2e-aec2-2ed49902bf95): SET SESSION TRANSACTION ISOLATION LEVEL REPEATABLE READ;
[2016-09-09 14:56:48.799] [INFO] console - Executing (default): INSERT INTO "Kopnik" ("id","name","surname","patronymic","birth","created_at","updated_at","rodina_id","starshina_id") VALUES (DEFAULT,'temp','temp','temp',1900,'2016-09-09 09:56:48.788 +00:00','2016-09-09 09:56:48.788 +00:00',NULL,2) RETURNING *;
[2016-09-09 14:56:48.813] [INFO] console - Executing (7bfd17a9-1ffd-4e2e-aec2-2ed49902bf95): COMMIT;
[2016-09-09 14:56:48.816] [INFO] console - [ 70, 1095, {}, [ '41' ] ]
[2016-09-09 14:56:48.840] [DEBUG] Server - #promiseModel() [ 1, 2.3 ] { model: 'Zemla', id: 2 }
[2016-09-09 14:56:48.847] [INFO] console - Executing (056e8a53-fdf1-49b5-8f39-1c7571b440e4): START TRANSACTION;
[2016-09-09 14:56:48.849] [INFO] console - Executing (e5a61854-9cf9-4f26-8554-bd0a3e85730a): START TRANSACTION;
[2016-09-09 14:56:48.852] [INFO] console - Executing (056e8a53-fdf1-49b5-8f39-1c7571b440e4): SET SESSION TRANSACTION ISOLATION LEVEL REPEATABLE READ;
[2016-09-09 14:56:48.853] [INFO] console - Executing (e5a61854-9cf9-4f26-8554-bd0a3e85730a): SET SESSION TRANSACTION ISOLATION LEVEL REPEATABLE READ;
[2016-09-09 14:56:48.940] [INFO] console - Executing (default): SELECT "Zemla"."id", "Zemla"."path", "Zemla"."name", "Zemla"."intensity", "Zemla"."note", "Zemla"."created_at", "Zemla"."updated_at", "Zemla"."deleted_at", "Zemla"."parent_id", "attachments"."id" AS "attachments.id", "attachments"."path" AS "attachments.path", "attachments"."note" AS "attachments.note", "attachments"."created_at" AS "attachments.created_at", "attachments"."updated_at" AS "attachments.updated_at", "attachments"."deleted_at" AS "attachments.deleted_at", "attachments"."zemla_id" AS "attachments.zemla_id", "attachments"."kopnik_id" AS "attachments.kopnik_id", "attachments"."kopa_id" AS "attachments.kopa_id", "attachments"."slovo_id" AS "attachments.slovo_id", "attachments"."predlozhenie_id" AS "attachments.predlozhenie_id", "attachments"."golos_id" AS "attachments.golos_id" FROM "Zemla" AS "Zemla" LEFT OUTER JOIN "File" AS "attachments" ON "Zemla"."id" = "attachments"."zemla_id" AND "attachments"."deleted_at" IS NULL WHERE ("Zemla"."deleted_at" IS NULL AND "Zemla"."id" = 2);
[2016-09-09 14:56:48.965] [INFO] console - Executing (default): INSERT INTO "Kopnik" ("id","name","surname","patronymic","birth","created_at","updated_at","rodina_id","starshina_id") VALUES (DEFAULT,'temp','temp','temp',1900,'2016-09-09 09:56:48.860 +00:00','2016-09-09 09:56:48.860 +00:00',NULL,41) RETURNING *;
[2016-09-09 14:56:48.986] [INFO] console - Executing (056e8a53-fdf1-49b5-8f39-1c7571b440e4): COMMIT;
[2016-09-09 14:56:48.994] [INFO] console - Executing (e5a61854-9cf9-4f26-8554-bd0a3e85730a): COMMIT;
[2016-09-09 14:56:48.997] [INFO] console - [ 70,
  1096,
  {},
  [ { fullPath: 'null2/',
      id: '2',
      path: null,
      name: 'UnitTest2',
      intensity: 1000,
      note: 'unit test 1473414946817',
      created_at: Fri Sep 09 2016 10:09:23 GMT+0500 (YEKT),
      updated_at: Fri Sep 09 2016 14:55:50 GMT+0500 (YEKT),
      deleted_at: null,
      parent_id: '1',
      attachments: [] } ] ]
[2016-09-09 14:56:49.013] [INFO] console - [ 70, 1097, {}, [ '42' ] ]
[2016-09-09 15:42:56.115] [DEBUG] Server - #promiseModel() [ 1, 2.3 ] { model: 'Kopnik', id: 2 }
[2016-09-09 15:42:56.256] [INFO] console - Executing (9058c7dd-0ca0-445c-be11-ece16fe2cdaa): START TRANSACTION;
[2016-09-09 15:42:56.264] [INFO] console - Executing (9058c7dd-0ca0-445c-be11-ece16fe2cdaa): SET SESSION TRANSACTION ISOLATION LEVEL REPEATABLE READ;
[2016-09-09 15:42:56.351] [INFO] console - Executing (default): SELECT "Kopnik"."id", "Kopnik"."email", "Kopnik"."password", "Kopnik"."name", "Kopnik"."surname", "Kopnik"."patronymic", "Kopnik"."birth", "Kopnik"."note", "Kopnik"."created_at", "Kopnik"."updated_at", "Kopnik"."deleted_at", "Kopnik"."rodina_id", "Kopnik"."starshina_id", "attachments"."id" AS "attachments.id", "attachments"."path" AS "attachments.path", "attachments"."note" AS "attachments.note", "attachments"."created_at" AS "attachments.created_at", "attachments"."updated_at" AS "attachments.updated_at", "attachments"."deleted_at" AS "attachments.deleted_at", "attachments"."zemla_id" AS "attachments.zemla_id", "attachments"."kopnik_id" AS "attachments.kopnik_id", "attachments"."kopa_id" AS "attachments.kopa_id", "attachments"."slovo_id" AS "attachments.slovo_id", "attachments"."predlozhenie_id" AS "attachments.predlozhenie_id", "attachments"."golos_id" AS "attachments.golos_id" FROM "Kopnik" AS "Kopnik" LEFT OUTER JOIN "File" AS "attachments" ON "Kopnik"."id" = "attachments"."kopnik_id" AND "attachments"."deleted_at" IS NULL WHERE ("Kopnik"."deleted_at" IS NULL AND "Kopnik"."id" = 2);
[2016-09-09 15:42:56.387] [INFO] console - Executing (9058c7dd-0ca0-445c-be11-ece16fe2cdaa): COMMIT;
[2016-09-09 15:42:56.395] [INFO] console - [ 70,
  1099,
  {},
  [ { fullName: 'Unit Test',
      id: '2',
      email: 'unittest2@domain.ru',
      name: 'Unit',
      surname: 'Test',
      patronymic: '1',
      birth: 1983,
      note: null,
      created_at: Fri Sep 09 2016 10:09:23 GMT+0500 (YEKT),
      updated_at: Fri Sep 09 2016 10:09:23 GMT+0500 (YEKT),
      deleted_at: null,
      rodina_id: '2',
      starshina_id: null,
      attachments: [] } ] ]
[2016-09-09 15:42:56.476] [INFO] console - Executing (46215187-dc8e-4f84-ba27-a67e86aea08b): START TRANSACTION;
[2016-09-09 15:42:56.481] [INFO] console - Executing (46215187-dc8e-4f84-ba27-a67e86aea08b): SET SESSION TRANSACTION ISOLATION LEVEL REPEATABLE READ;
[2016-09-09 15:42:56.508] [INFO] console - Executing (default): INSERT INTO "Kopnik" ("id","name","surname","patronymic","birth","created_at","updated_at","rodina_id","starshina_id") VALUES (DEFAULT,'temp','temp','temp',1900,'2016-09-09 10:42:56.488 +00:00','2016-09-09 10:42:56.488 +00:00',NULL,2) RETURNING *;
[2016-09-09 15:42:56.524] [INFO] console - Executing (46215187-dc8e-4f84-ba27-a67e86aea08b): COMMIT;
[2016-09-09 15:43:49.051] [INFO] console - [ 70, 1100, {}, [ '45' ] ]
[2016-09-09 15:43:49.071] [DEBUG] Server - #promiseModel() [ 1, 2.3 ] { model: 'Kopnik', id: 2 }
[2016-09-09 15:44:38.254] [INFO] console - AutobahnJS debug enabled
[2016-09-09 15:44:40.090] [INFO] Server - starting...
[2016-09-09 15:44:40.093] [INFO] console - trying to create WAMP transport of type: websocket
[2016-09-09 15:44:40.223] [INFO] console - using WAMP transport type: websocket
[2016-09-09 15:44:40.548] [INFO] console - [ 1,
  'kopa',
  { roles: 
     { caller: [Object],
       callee: [Object],
       publisher: [Object],
       subscriber: [Object] },
    authmethods: [ 'ticket' ],
    authid: 'server' } ]
[2016-09-09 15:44:40.566] [INFO] console - [ 5, 'server', {} ]
[2016-09-09 15:44:40.609] [INFO] Server - connection.onopen()
[2016-09-09 15:44:40.610] [INFO] console - [ 64, 674428453126144, {}, 'ru.kopa.model.create' ]
[2016-09-09 15:44:40.622] [DEBUG] Server - api:model.create registered
[2016-09-09 15:44:40.624] [INFO] console - [ 64, 1700784855056384, {}, 'ru.kopa.model.get' ]
[2016-09-09 15:44:40.630] [DEBUG] Server - api:model.get registered
[2016-09-09 15:44:40.631] [INFO] console - [ 64, 1129249123598336, {}, 'ru.kopa.model.save' ]
[2016-09-09 15:44:40.637] [DEBUG] Server - api:model.save registered
[2016-09-09 15:44:40.638] [INFO] console - [ 64, 2232558880292864, {}, 'ru.kopa.pingPong' ]
[2016-09-09 15:44:40.649] [DEBUG] Server - api:pingPong registered
[2016-09-09 15:44:40.650] [INFO] console - [ 64, 1248832218202112, {}, 'ru.kopa.discloseCaller' ]
[2016-09-09 15:44:40.654] [DEBUG] Server - api:discloseCaller registered
[2016-09-09 15:44:40.655] [INFO] console - [ 64, 6767392514375680, {}, 'ru.kopa.pingPongDatabase' ]
[2016-09-09 15:44:40.662] [DEBUG] Server - api:pingPongDatabase registered
[2016-09-09 15:44:40.663] [INFO] console - [ 64, 4996961012809728, {}, 'ru.kopa.error' ]
[2016-09-09 15:44:40.670] [DEBUG] Server - api:error registered
[2016-09-09 15:44:40.671] [INFO] console - [ 64, 1135926640115712, {}, 'ru.kopa.promiseKopas' ]
[2016-09-09 15:44:40.677] [DEBUG] Server - api:promiseKopas registered
[2016-09-09 15:44:40.678] [INFO] console - [ 64, 8932223281528832, {}, 'ru.kopa.unitTest.cleanTempData' ]
[2016-09-09 15:44:40.689] [DEBUG] Server - api:unitTest.cleanTempData registered
[2016-09-09 15:44:40.690] [INFO] console - [ 64, 7741013326036992, {}, 'ru.kopa.model.Kopa.setQuestion' ]
[2016-09-09 15:44:40.696] [DEBUG] Server - api:model.Kopa.setQuestion registered
[2016-09-09 15:44:40.698] [INFO] Server - started
[2016-09-09 15:45:40.397] [DEBUG] Server - #promiseModel() [ 1, 2.3 ] { model: 'Kopnik', id: 2 }
[2016-09-09 15:45:40.499] [INFO] console - Executing (8f37b5f4-dc4e-4a07-a7c9-3aa9fc576c47): START TRANSACTION;
[2016-09-09 15:45:40.504] [INFO] console - Executing (8f37b5f4-dc4e-4a07-a7c9-3aa9fc576c47): SET SESSION TRANSACTION ISOLATION LEVEL REPEATABLE READ;
[2016-09-09 15:45:40.559] [INFO] console - Executing (default): SELECT "Kopnik"."id", "Kopnik"."email", "Kopnik"."password", "Kopnik"."name", "Kopnik"."surname", "Kopnik"."patronymic", "Kopnik"."birth", "Kopnik"."path", "Kopnik"."note", "Kopnik"."created_at", "Kopnik"."updated_at", "Kopnik"."deleted_at", "Kopnik"."rodina_id", "Kopnik"."starshina_id", "attachments"."id" AS "attachments.id", "attachments"."path" AS "attachments.path", "attachments"."note" AS "attachments.note", "attachments"."created_at" AS "attachments.created_at", "attachments"."updated_at" AS "attachments.updated_at", "attachments"."deleted_at" AS "attachments.deleted_at", "attachments"."zemla_id" AS "attachments.zemla_id", "attachments"."kopnik_id" AS "attachments.kopnik_id", "attachments"."kopa_id" AS "attachments.kopa_id", "attachments"."slovo_id" AS "attachments.slovo_id", "attachments"."predlozhenie_id" AS "attachments.predlozhenie_id", "attachments"."golos_id" AS "attachments.golos_id" FROM "Kopnik" AS "Kopnik" LEFT OUTER JOIN "File" AS "attachments" ON "Kopnik"."id" = "attachments"."kopnik_id" AND "attachments"."deleted_at" IS NULL WHERE ("Kopnik"."deleted_at" IS NULL AND "Kopnik"."id" = 2);
[2016-09-09 15:45:40.578] [INFO] console - Executing (8f37b5f4-dc4e-4a07-a7c9-3aa9fc576c47): COMMIT;
[2016-09-09 15:45:40.582] [INFO] console - [ 70,
  1105,
  {},
  [ { fullName: 'Unit Test',
      fullPath: '/2/',
      starshina: [Object],
      id: '2',
      email: 'unittest2@domain.ru',
      name: 'Unit',
      surname: 'Test',
      patronymic: '1',
      birth: 1983,
      path: '/',
      note: null,
      created_at: Fri Sep 09 2016 10:09:23 GMT+0500 (YEKT),
      updated_at: Fri Sep 09 2016 10:09:23 GMT+0500 (YEKT),
      deleted_at: null,
      rodina_id: '2',
      starshina_id: null,
      attachments: [] } ] ]
[2016-09-09 15:45:40.652] [INFO] console - Executing (8c622cab-acdd-4496-87f7-f545b3e00ff2): START TRANSACTION;
[2016-09-09 15:45:40.658] [INFO] console - Executing (8c622cab-acdd-4496-87f7-f545b3e00ff2): SET SESSION TRANSACTION ISOLATION LEVEL REPEATABLE READ;
[2016-09-09 15:45:40.677] [INFO] console - Executing (default): SELECT "id", "email", "password", "name", "surname", "patronymic", "birth", "path", "note", "created_at", "updated_at", "deleted_at", "rodina_id", "starshina_id" FROM "Kopnik" AS "Kopnik" WHERE ("Kopnik"."deleted_at" IS NULL AND "Kopnik"."id" = 2);
[2016-09-09 15:45:40.697] [INFO] console - Executing (default): INSERT INTO "Kopnik" ("id","name","surname","patronymic","birth","path","created_at","updated_at","rodina_id","starshina_id") VALUES (DEFAULT,'temp','temp','temp',1900,'/2/','2016-09-09 10:45:40.663 +00:00','2016-09-09 10:45:40.663 +00:00',NULL,2) RETURNING *;
[2016-09-09 15:45:51.903] [INFO] console - Executing (8c622cab-acdd-4496-87f7-f545b3e00ff2): COMMIT;
[2016-09-09 15:45:51.909] [INFO] console - [ 70, 1106, {}, [ '46' ] ]
[2016-09-09 15:46:54.399] [INFO] console - AutobahnJS debug enabled
[2016-09-09 15:46:56.075] [INFO] Server - starting...
[2016-09-09 15:46:56.078] [INFO] console - trying to create WAMP transport of type: websocket
[2016-09-09 15:46:56.172] [INFO] console - using WAMP transport type: websocket
[2016-09-09 15:46:56.442] [INFO] console - [ 1,
  'kopa',
  { roles: 
     { caller: [Object],
       callee: [Object],
       publisher: [Object],
       subscriber: [Object] },
    authmethods: [ 'ticket' ],
    authid: 'server' } ]
[2016-09-09 15:46:56.458] [INFO] console - [ 5, 'server', {} ]
[2016-09-09 15:46:56.499] [INFO] Server - connection.onopen()
[2016-09-09 15:46:56.502] [INFO] console - [ 64, 7377344157188096, {}, 'ru.kopa.model.create' ]
[2016-09-09 15:46:56.512] [DEBUG] Server - api:model.create registered
[2016-09-09 15:46:56.514] [INFO] console - [ 64, 5607052999131136, {}, 'ru.kopa.model.get' ]
[2016-09-09 15:46:56.523] [DEBUG] Server - api:model.get registered
[2016-09-09 15:46:56.524] [INFO] console - [ 64, 2291826146934784, {}, 'ru.kopa.model.save' ]
[2016-09-09 15:46:56.531] [DEBUG] Server - api:model.save registered
[2016-09-09 15:46:56.532] [INFO] console - [ 64, 3158011925233664, {}, 'ru.kopa.pingPong' ]
[2016-09-09 15:46:56.539] [DEBUG] Server - api:pingPong registered
[2016-09-09 15:46:56.540] [INFO] console - [ 64, 2744548153360384, {}, 'ru.kopa.discloseCaller' ]
[2016-09-09 15:46:56.546] [DEBUG] Server - api:discloseCaller registered
[2016-09-09 15:46:56.547] [INFO] console - [ 64, 6090988565037056, {}, 'ru.kopa.pingPongDatabase' ]
[2016-09-09 15:46:56.574] [DEBUG] Server - api:pingPongDatabase registered
[2016-09-09 15:46:56.575] [INFO] console - [ 64, 5581017607831552, {}, 'ru.kopa.error' ]
[2016-09-09 15:46:56.668] [DEBUG] Server - api:error registered
[2016-09-09 15:46:56.669] [INFO] console - [ 64, 5450371149332480, {}, 'ru.kopa.promiseKopas' ]
[2016-09-09 15:46:57.139] [DEBUG] Server - api:promiseKopas registered
[2016-09-09 15:46:57.141] [INFO] console - [ 64, 4545579598217216, {}, 'ru.kopa.unitTest.cleanTempData' ]
[2016-09-09 15:46:57.161] [DEBUG] Server - api:unitTest.cleanTempData registered
[2016-09-09 15:46:57.163] [INFO] console - [ 64, 6589933225508864, {}, 'ru.kopa.model.Kopa.setQuestion' ]
[2016-09-09 15:46:57.173] [DEBUG] Server - api:model.Kopa.setQuestion registered
[2016-09-09 15:46:57.177] [INFO] Server - started
[2016-09-09 15:47:21.632] [DEBUG] Server - #promiseModel() [ 1, 2.3 ] { model: 'Kopnik', id: 2 }
[2016-09-09 15:47:21.763] [INFO] console - Executing (b90cd2b2-2d83-49a3-a43b-88be5053d2f3): START TRANSACTION;
[2016-09-09 15:47:21.767] [INFO] console - Executing (b90cd2b2-2d83-49a3-a43b-88be5053d2f3): SET SESSION TRANSACTION ISOLATION LEVEL REPEATABLE READ;
[2016-09-09 15:47:21.831] [INFO] console - Executing (default): SELECT "Kopnik"."id", "Kopnik"."email", "Kopnik"."password", "Kopnik"."name", "Kopnik"."surname", "Kopnik"."patronymic", "Kopnik"."birth", "Kopnik"."path", "Kopnik"."note", "Kopnik"."created_at", "Kopnik"."updated_at", "Kopnik"."deleted_at", "Kopnik"."rodina_id", "Kopnik"."starshina_id", "attachments"."id" AS "attachments.id", "attachments"."path" AS "attachments.path", "attachments"."note" AS "attachments.note", "attachments"."created_at" AS "attachments.created_at", "attachments"."updated_at" AS "attachments.updated_at", "attachments"."deleted_at" AS "attachments.deleted_at", "attachments"."zemla_id" AS "attachments.zemla_id", "attachments"."kopnik_id" AS "attachments.kopnik_id", "attachments"."kopa_id" AS "attachments.kopa_id", "attachments"."slovo_id" AS "attachments.slovo_id", "attachments"."predlozhenie_id" AS "attachments.predlozhenie_id", "attachments"."golos_id" AS "attachments.golos_id" FROM "Kopnik" AS "Kopnik" LEFT OUTER JOIN "File" AS "attachments" ON "Kopnik"."id" = "attachments"."kopnik_id" AND "attachments"."deleted_at" IS NULL WHERE ("Kopnik"."deleted_at" IS NULL AND "Kopnik"."id" = 2);
[2016-09-09 15:47:21.856] [INFO] console - Executing (b90cd2b2-2d83-49a3-a43b-88be5053d2f3): COMMIT;
[2016-09-09 15:47:21.859] [INFO] console - [ 70,
  1111,
  {},
  [ { fullName: 'Unit Test',
      fullPath: '/2/',
      starshina: [Object],
      id: '2',
      email: 'unittest2@domain.ru',
      name: 'Unit',
      surname: 'Test',
      patronymic: '1',
      birth: 1983,
      path: '/',
      note: null,
      created_at: Fri Sep 09 2016 10:09:23 GMT+0500 (YEKT),
      updated_at: Fri Sep 09 2016 10:09:23 GMT+0500 (YEKT),
      deleted_at: null,
      rodina_id: '2',
      starshina_id: null,
      attachments: [] } ] ]
[2016-09-09 15:47:21.926] [INFO] console - Executing (381daf02-d171-4890-a75b-08120b7ac51c): START TRANSACTION;
[2016-09-09 15:47:21.930] [INFO] console - Executing (381daf02-d171-4890-a75b-08120b7ac51c): SET SESSION TRANSACTION ISOLATION LEVEL REPEATABLE READ;
[2016-09-09 15:47:21.946] [INFO] console - Executing (default): SELECT "id", "email", "password", "name", "surname", "patronymic", "birth", "path", "note", "created_at", "updated_at", "deleted_at", "rodina_id", "starshina_id" FROM "Kopnik" AS "Kopnik" WHERE ("Kopnik"."deleted_at" IS NULL AND "Kopnik"."id" = 2);
[2016-09-09 15:47:21.965] [INFO] console - Executing (default): INSERT INTO "Kopnik" ("id","name","surname","patronymic","birth","path","created_at","updated_at","rodina_id","starshina_id") VALUES (DEFAULT,'temp','temp','temp',1900,'/2/','2016-09-09 10:47:21.935 +00:00','2016-09-09 10:47:21.935 +00:00',NULL,2) RETURNING *;
[2016-09-09 15:47:21.975] [INFO] console - Executing (381daf02-d171-4890-a75b-08120b7ac51c): COMMIT;
[2016-09-09 15:47:21.978] [INFO] console - [ 70, 1112, {}, [ '47' ] ]
[2016-09-09 15:47:33.136] [DEBUG] Server - #promiseModel() [ 1, 2.3 ] { model: 'Zemla', id: 2 }
[2016-09-09 15:47:33.185] [INFO] console - Executing (default): select k.*, (select count(*) from "Kopnik" as k2 where k2.path like k.path||k.id||'/%') as voiskoSize
                                    from "Kopnik" as k
                                where
                                    '/2/' like k.path||k.id||'/%'
                                order by
                                    k.path desc
[2016-09-09 15:47:33.196] [INFO] console - Executing (70906153-55cd-4ed8-8a08-ee06a509cdd2): START TRANSACTION;
[2016-09-09 15:49:27.989] [INFO] console - [ 16,
  3035647679922176,
  { acknowledge: true },
  'ru.kopa.model.Kopnik.idundefined.voiskoChange',
  [],
  { size: undefined } ]
[2016-09-09 15:49:28.033] [INFO] console - Executing (70906153-55cd-4ed8-8a08-ee06a509cdd2): SET SESSION TRANSACTION ISOLATION LEVEL REPEATABLE READ;
[2016-09-09 15:49:28.046] [INFO] console - Executing (ef3143f7-6060-4db2-9b2c-ec5f9d0ae08a): START TRANSACTION;
[2016-09-09 15:49:35.646] [INFO] console - AutobahnJS debug enabled
[2016-09-09 15:49:37.453] [INFO] Server - starting...
[2016-09-09 15:49:37.455] [INFO] console - trying to create WAMP transport of type: websocket
[2016-09-09 15:49:37.544] [INFO] console - using WAMP transport type: websocket
[2016-09-09 15:49:37.835] [INFO] console - [ 1,
  'kopa',
  { roles: 
     { caller: [Object],
       callee: [Object],
       publisher: [Object],
       subscriber: [Object] },
    authmethods: [ 'ticket' ],
    authid: 'server' } ]
[2016-09-09 15:49:37.876] [INFO] console - [ 5, 'server', {} ]
[2016-09-09 15:49:37.901] [INFO] Server - connection.onopen()
[2016-09-09 15:49:37.903] [INFO] console - [ 64, 1007050318413824, {}, 'ru.kopa.model.create' ]
[2016-09-09 15:49:37.913] [DEBUG] Server - api:model.create registered
[2016-09-09 15:49:37.917] [INFO] console - [ 64, 8306554805682176, {}, 'ru.kopa.model.get' ]
[2016-09-09 15:49:37.927] [DEBUG] Server - api:model.get registered
[2016-09-09 15:49:37.928] [INFO] console - [ 64, 2539156559364096, {}, 'ru.kopa.model.save' ]
[2016-09-09 15:49:37.934] [DEBUG] Server - api:model.save registered
[2016-09-09 15:49:37.935] [INFO] console - [ 64, 3008230483558400, {}, 'ru.kopa.pingPong' ]
[2016-09-09 15:49:37.941] [DEBUG] Server - api:pingPong registered
[2016-09-09 15:49:37.942] [INFO] console - [ 64, 8862039264985088, {}, 'ru.kopa.discloseCaller' ]
[2016-09-09 15:49:37.950] [DEBUG] Server - api:discloseCaller registered
[2016-09-09 15:49:37.951] [INFO] console - [ 64, 8609976496947200, {}, 'ru.kopa.pingPongDatabase' ]
[2016-09-09 15:49:37.958] [DEBUG] Server - api:pingPongDatabase registered
[2016-09-09 15:49:37.959] [INFO] console - [ 64, 4698276305567744, {}, 'ru.kopa.error' ]
[2016-09-09 15:49:37.965] [DEBUG] Server - api:error registered
[2016-09-09 15:49:37.966] [INFO] console - [ 64, 2096634078953472, {}, 'ru.kopa.promiseKopas' ]
[2016-09-09 15:49:37.972] [DEBUG] Server - api:promiseKopas registered
[2016-09-09 15:49:37.973] [INFO] console - [ 64, 2365039900098560, {}, 'ru.kopa.unitTest.cleanTempData' ]
[2016-09-09 15:49:37.979] [DEBUG] Server - api:unitTest.cleanTempData registered
[2016-09-09 15:49:37.980] [INFO] console - [ 64, 5272540054290432, {}, 'ru.kopa.model.Kopa.setQuestion' ]
[2016-09-09 15:49:37.989] [DEBUG] Server - api:model.Kopa.setQuestion registered
[2016-09-09 15:49:37.991] [INFO] Server - started
[2016-09-09 15:52:02.676] [DEBUG] Server - #promiseModel() [ 1, 2.3 ] { model: 'Kopnik', id: 2 }
[2016-09-09 15:52:02.807] [INFO] console - Executing (526bc8c0-1e21-4753-b522-c35dc0f4f35f): START TRANSACTION;
[2016-09-09 15:52:02.814] [INFO] console - Executing (526bc8c0-1e21-4753-b522-c35dc0f4f35f): SET SESSION TRANSACTION ISOLATION LEVEL REPEATABLE READ;
[2016-09-09 15:52:02.872] [INFO] console - Executing (default): SELECT "Kopnik"."id", "Kopnik"."email", "Kopnik"."password", "Kopnik"."name", "Kopnik"."surname", "Kopnik"."patronymic", "Kopnik"."birth", "Kopnik"."path", "Kopnik"."note", "Kopnik"."created_at", "Kopnik"."updated_at", "Kopnik"."deleted_at", "Kopnik"."rodina_id", "Kopnik"."starshina_id", "attachments"."id" AS "attachments.id", "attachments"."path" AS "attachments.path", "attachments"."note" AS "attachments.note", "attachments"."created_at" AS "attachments.created_at", "attachments"."updated_at" AS "attachments.updated_at", "attachments"."deleted_at" AS "attachments.deleted_at", "attachments"."zemla_id" AS "attachments.zemla_id", "attachments"."kopnik_id" AS "attachments.kopnik_id", "attachments"."kopa_id" AS "attachments.kopa_id", "attachments"."slovo_id" AS "attachments.slovo_id", "attachments"."predlozhenie_id" AS "attachments.predlozhenie_id", "attachments"."golos_id" AS "attachments.golos_id" FROM "Kopnik" AS "Kopnik" LEFT OUTER JOIN "File" AS "attachments" ON "Kopnik"."id" = "attachments"."kopnik_id" AND "attachments"."deleted_at" IS NULL WHERE ("Kopnik"."deleted_at" IS NULL AND "Kopnik"."id" = 2);
[2016-09-09 15:52:02.900] [INFO] console - Executing (526bc8c0-1e21-4753-b522-c35dc0f4f35f): COMMIT;
[2016-09-09 15:52:02.904] [INFO] console - [ 70,
  1117,
  {},
  [ { fullName: 'Unit Test',
      fullPath: '/2/',
      starshina: [Object],
      id: '2',
      email: 'unittest2@domain.ru',
      name: 'Unit',
      surname: 'Test',
      patronymic: '1',
      birth: 1983,
      path: '/',
      note: null,
      created_at: Fri Sep 09 2016 10:09:23 GMT+0500 (YEKT),
      updated_at: Fri Sep 09 2016 10:09:23 GMT+0500 (YEKT),
      deleted_at: null,
      rodina_id: '2',
      starshina_id: null,
      attachments: [] } ] ]
[2016-09-09 15:52:02.951] [INFO] console - Executing (34667211-85ae-4425-8454-8d7f9abe1219): START TRANSACTION;
[2016-09-09 15:52:02.955] [INFO] console - Executing (34667211-85ae-4425-8454-8d7f9abe1219): SET SESSION TRANSACTION ISOLATION LEVEL REPEATABLE READ;
[2016-09-09 15:52:02.986] [INFO] console - Executing (default): SELECT "id", "email", "password", "name", "surname", "patronymic", "birth", "path", "note", "created_at", "updated_at", "deleted_at", "rodina_id", "starshina_id" FROM "Kopnik" AS "Kopnik" WHERE ("Kopnik"."deleted_at" IS NULL AND "Kopnik"."id" = 2);
[2016-09-09 15:52:03.013] [INFO] console - Executing (default): INSERT INTO "Kopnik" ("id","name","surname","patronymic","birth","path","created_at","updated_at","rodina_id","starshina_id") VALUES (DEFAULT,'temp','temp','temp',1900,'/2/','2016-09-09 10:52:02.965 +00:00','2016-09-09 10:52:02.965 +00:00',NULL,2) RETURNING *;
[2016-09-09 15:52:03.027] [INFO] console - Executing (34667211-85ae-4425-8454-8d7f9abe1219): COMMIT;
[2016-09-09 15:52:03.030] [INFO] console - [ 70, 1118, {}, [ '48' ] ]
[2016-09-09 15:52:03.041] [INFO] console - Executing (default): select k.*, (select count(*) from "Kopnik" as k2 where k2.path like k.path||k.id||'/%') as voisko_size
                                    from "Kopnik" as k
                                where
                                    '/2/' like k.path||k.id||'/%'
                                order by
                                    k.path desc
[2016-09-09 15:52:08.130] [INFO] console - [ 16,
  8821874236588032,
  { acknowledge: true },
  'ru.kopa.model.Kopnik.id2.voiskoChange',
  [],
  { size: '6' } ]
[2016-09-09 15:52:08.145] [DEBUG] Server - #promiseModel() [ 1, 2.3 ] { model: 'Zemla', id: 2 }
[2016-09-09 15:52:08.155] [INFO] console - Executing (759813ef-0897-4ef4-8a9a-fc06c1090fbe): START TRANSACTION;
[2016-09-09 15:52:08.157] [INFO] console - Executing (2ac2c4ae-ac63-419d-a7b2-7149706f4472): START TRANSACTION;
[2016-09-09 15:52:08.164] [INFO] console - Executing (759813ef-0897-4ef4-8a9a-fc06c1090fbe): SET SESSION TRANSACTION ISOLATION LEVEL REPEATABLE READ;
[2016-09-09 15:52:08.165] [INFO] console - Executing (2ac2c4ae-ac63-419d-a7b2-7149706f4472): SET SESSION TRANSACTION ISOLATION LEVEL REPEATABLE READ;
[2016-09-09 15:52:08.233] [INFO] console - Executing (default): SELECT "Zemla"."id", "Zemla"."path", "Zemla"."name", "Zemla"."intensity", "Zemla"."note", "Zemla"."created_at", "Zemla"."updated_at", "Zemla"."deleted_at", "Zemla"."parent_id", "attachments"."id" AS "attachments.id", "attachments"."path" AS "attachments.path", "attachments"."note" AS "attachments.note", "attachments"."created_at" AS "attachments.created_at", "attachments"."updated_at" AS "attachments.updated_at", "attachments"."deleted_at" AS "attachments.deleted_at", "attachments"."zemla_id" AS "attachments.zemla_id", "attachments"."kopnik_id" AS "attachments.kopnik_id", "attachments"."kopa_id" AS "attachments.kopa_id", "attachments"."slovo_id" AS "attachments.slovo_id", "attachments"."predlozhenie_id" AS "attachments.predlozhenie_id", "attachments"."golos_id" AS "attachments.golos_id" FROM "Zemla" AS "Zemla" LEFT OUTER JOIN "File" AS "attachments" ON "Zemla"."id" = "attachments"."zemla_id" AND "attachments"."deleted_at" IS NULL WHERE ("Zemla"."deleted_at" IS NULL AND "Zemla"."id" = 2);
[2016-09-09 15:52:08.236] [INFO] console - Executing (default): SELECT "id", "email", "password", "name", "surname", "patronymic", "birth", "path", "note", "created_at", "updated_at", "deleted_at", "rodina_id", "starshina_id" FROM "Kopnik" AS "Kopnik" WHERE ("Kopnik"."deleted_at" IS NULL AND "Kopnik"."id" = 48);
[2016-09-09 15:52:08.273] [INFO] console - Executing (default): INSERT INTO "Kopnik" ("id","name","surname","patronymic","birth","path","created_at","updated_at","rodina_id","starshina_id") VALUES (DEFAULT,'temp','temp','temp',1900,'/2/48/','2016-09-09 10:52:08.172 +00:00','2016-09-09 10:52:08.172 +00:00',NULL,48) RETURNING *;
[2016-09-09 15:52:08.281] [INFO] console - Executing (759813ef-0897-4ef4-8a9a-fc06c1090fbe): COMMIT;
[2016-09-09 15:52:08.286] [INFO] console - Executing (2ac2c4ae-ac63-419d-a7b2-7149706f4472): COMMIT;
[2016-09-09 15:52:08.289] [INFO] console - [ 70,
  1119,
  {},
  [ { fullPath: 'null2/',
      id: '2',
      path: null,
      name: 'UnitTest2',
      intensity: 1000,
      note: 'unit test 1473414946817',
      created_at: Fri Sep 09 2016 10:09:23 GMT+0500 (YEKT),
      updated_at: Fri Sep 09 2016 14:55:50 GMT+0500 (YEKT),
      deleted_at: null,
      parent_id: '1',
      attachments: [] } ] ]
[2016-09-09 15:52:08.299] [INFO] console - [ 70, 1120, {}, [ '49' ] ]
[2016-09-09 15:52:08.312] [INFO] console - Executing (default): select k.*, (select count(*) from "Kopnik" as k2 where k2.path like k.path||k.id||'/%') as voisko_size
                                    from "Kopnik" as k
                                where
                                    '/2/48/' like k.path||k.id||'/%'
                                order by
                                    k.path desc
[2016-09-09 15:52:11.377] [INFO] console - [ 16,
  486504788918272,
  { acknowledge: true },
  'ru.kopa.model.Kopnik.id48.voiskoChange',
  [],
  { size: '1' } ]
[2016-09-09 15:52:13.446] [INFO] console - [ 16,
  7421915524235264,
  { acknowledge: true },
  'ru.kopa.model.Kopnik.id2.voiskoChange',
  [],
  { size: '7' } ]
[2016-09-09 16:02:10.957] [DEBUG] Server - #promiseModel() [ 1, 2.3 ] { model: 'Kopnik', id: 2 }
[2016-09-09 16:02:11.086] [INFO] console - Executing (c36e41ee-4058-4bf2-b69c-df7d8f10fabe): START TRANSACTION;
[2016-09-09 16:02:11.092] [INFO] console - Executing (c36e41ee-4058-4bf2-b69c-df7d8f10fabe): SET SESSION TRANSACTION ISOLATION LEVEL REPEATABLE READ;
[2016-09-09 16:02:11.144] [INFO] console - Executing (default): SELECT "Kopnik"."id", "Kopnik"."email", "Kopnik"."password", "Kopnik"."name", "Kopnik"."surname", "Kopnik"."patronymic", "Kopnik"."birth", "Kopnik"."path", "Kopnik"."note", "Kopnik"."created_at", "Kopnik"."updated_at", "Kopnik"."deleted_at", "Kopnik"."rodina_id", "Kopnik"."starshina_id", "attachments"."id" AS "attachments.id", "attachments"."path" AS "attachments.path", "attachments"."note" AS "attachments.note", "attachments"."created_at" AS "attachments.created_at", "attachments"."updated_at" AS "attachments.updated_at", "attachments"."deleted_at" AS "attachments.deleted_at", "attachments"."zemla_id" AS "attachments.zemla_id", "attachments"."kopnik_id" AS "attachments.kopnik_id", "attachments"."kopa_id" AS "attachments.kopa_id", "attachments"."slovo_id" AS "attachments.slovo_id", "attachments"."predlozhenie_id" AS "attachments.predlozhenie_id", "attachments"."golos_id" AS "attachments.golos_id" FROM "Kopnik" AS "Kopnik" LEFT OUTER JOIN "File" AS "attachments" ON "Kopnik"."id" = "attachments"."kopnik_id" AND "attachments"."deleted_at" IS NULL WHERE ("Kopnik"."deleted_at" IS NULL AND "Kopnik"."id" = 2);
[2016-09-09 16:02:11.170] [INFO] console - Executing (c36e41ee-4058-4bf2-b69c-df7d8f10fabe): COMMIT;
[2016-09-09 16:02:11.174] [INFO] console - [ 70,
  1122,
  {},
  [ { fullName: 'Unit Test',
      fullPath: '/2/',
      starshina: [Object],
      id: '2',
      email: 'unittest2@domain.ru',
      name: 'Unit',
      surname: 'Test',
      patronymic: '1',
      birth: 1983,
      path: '/',
      note: null,
      created_at: Fri Sep 09 2016 10:09:23 GMT+0500 (YEKT),
      updated_at: Fri Sep 09 2016 10:09:23 GMT+0500 (YEKT),
      deleted_at: null,
      rodina_id: '2',
      starshina_id: null,
      attachments: [] } ] ]
[2016-09-09 16:02:11.225] [INFO] console - Executing (08125fcc-18df-420e-b04c-0ff87d6ee846): START TRANSACTION;
[2016-09-09 16:02:11.230] [INFO] console - Executing (08125fcc-18df-420e-b04c-0ff87d6ee846): SET SESSION TRANSACTION ISOLATION LEVEL REPEATABLE READ;
[2016-09-09 16:02:11.251] [INFO] console - Executing (default): SELECT "id", "email", "password", "name", "surname", "patronymic", "birth", "path", "note", "created_at", "updated_at", "deleted_at", "rodina_id", "starshina_id" FROM "Kopnik" AS "Kopnik" WHERE ("Kopnik"."deleted_at" IS NULL AND "Kopnik"."id" = 2);
[2016-09-09 16:02:11.269] [INFO] console - Executing (default): INSERT INTO "Kopnik" ("id","name","surname","patronymic","birth","path","created_at","updated_at","rodina_id","starshina_id") VALUES (DEFAULT,'temp','temp','temp',1900,'/2/','2016-09-09 11:02:11.236 +00:00','2016-09-09 11:02:11.236 +00:00',NULL,2) RETURNING *;
[2016-09-09 16:02:11.296] [INFO] console - Executing (08125fcc-18df-420e-b04c-0ff87d6ee846): COMMIT;
[2016-09-09 16:02:11.300] [INFO] console - [ 70, 1123, {}, [ '50' ] ]
[2016-09-09 16:02:11.322] [INFO] console - Executing (default): select k.*, (select count(*) from "Kopnik" as k2 where k2.path like k.path||k.id||'/%') as voisko_size
                                    from "Kopnik" as k
                                where
                                    '/2/' like k.path||k.id||'/%'
                                order by
                                    k.path desc
[2016-09-09 16:02:11.343] [DEBUG] Server - #promiseModel() [ 1, 2.3 ] { model: 'Zemla', id: 2 }
[2016-09-09 16:02:11.357] [INFO] console - Executing (7e7bd806-de04-4b86-8b6e-fbe4c761c552): START TRANSACTION;
[2016-09-09 16:02:11.359] [INFO] console - Executing (434ad6e7-edc3-4577-92c0-4256f8a8d136): START TRANSACTION;
[2016-09-09 16:02:11.361] [INFO] console - [ 16,
  7648272267083776,
  { acknowledge: true },
  'ru.kopa.model.Kopnik.id2.voiskoChange',
  [],
  { size: '8' } ]
[2016-09-09 16:02:11.375] [INFO] console - Executing (434ad6e7-edc3-4577-92c0-4256f8a8d136): SET SESSION TRANSACTION ISOLATION LEVEL REPEATABLE READ;
[2016-09-09 16:02:11.377] [INFO] console - Executing (7e7bd806-de04-4b86-8b6e-fbe4c761c552): SET SESSION TRANSACTION ISOLATION LEVEL REPEATABLE READ;
[2016-09-09 16:02:11.495] [INFO] console - Executing (default): SELECT "Zemla"."id", "Zemla"."path", "Zemla"."name", "Zemla"."intensity", "Zemla"."note", "Zemla"."created_at", "Zemla"."updated_at", "Zemla"."deleted_at", "Zemla"."parent_id", "attachments"."id" AS "attachments.id", "attachments"."path" AS "attachments.path", "attachments"."note" AS "attachments.note", "attachments"."created_at" AS "attachments.created_at", "attachments"."updated_at" AS "attachments.updated_at", "attachments"."deleted_at" AS "attachments.deleted_at", "attachments"."zemla_id" AS "attachments.zemla_id", "attachments"."kopnik_id" AS "attachments.kopnik_id", "attachments"."kopa_id" AS "attachments.kopa_id", "attachments"."slovo_id" AS "attachments.slovo_id", "attachments"."predlozhenie_id" AS "attachments.predlozhenie_id", "attachments"."golos_id" AS "attachments.golos_id" FROM "Zemla" AS "Zemla" LEFT OUTER JOIN "File" AS "attachments" ON "Zemla"."id" = "attachments"."zemla_id" AND "attachments"."deleted_at" IS NULL WHERE ("Zemla"."deleted_at" IS NULL AND "Zemla"."id" = 2);
[2016-09-09 16:02:11.505] [INFO] console - Executing (default): SELECT "id", "email", "password", "name", "surname", "patronymic", "birth", "path", "note", "created_at", "updated_at", "deleted_at", "rodina_id", "starshina_id" FROM "Kopnik" AS "Kopnik" WHERE ("Kopnik"."deleted_at" IS NULL AND "Kopnik"."id" = 50);
[2016-09-09 16:02:11.524] [INFO] console - Executing (7e7bd806-de04-4b86-8b6e-fbe4c761c552): COMMIT;
[2016-09-09 16:02:11.553] [INFO] console - Executing (default): INSERT INTO "Kopnik" ("id","name","surname","patronymic","birth","path","created_at","updated_at","rodina_id","starshina_id") VALUES (DEFAULT,'temp','temp','temp',1900,'/2/50/','2016-09-09 11:02:11.384 +00:00','2016-09-09 11:02:11.384 +00:00',NULL,50) RETURNING *;
[2016-09-09 16:02:11.555] [INFO] console - [ 70,
  1124,
  {},
  [ { fullPath: 'null2/',
      id: '2',
      path: null,
      name: 'UnitTest2',
      intensity: 1000,
      note: 'unit test 1473414946817',
      created_at: Fri Sep 09 2016 10:09:23 GMT+0500 (YEKT),
      updated_at: Fri Sep 09 2016 14:55:50 GMT+0500 (YEKT),
      deleted_at: null,
      parent_id: '1',
      attachments: [] } ] ]
[2016-09-09 16:02:11.579] [INFO] console - Executing (434ad6e7-edc3-4577-92c0-4256f8a8d136): COMMIT;
[2016-09-09 16:02:11.582] [INFO] console - [ 70, 1125, {}, [ '51' ] ]
[2016-09-09 16:02:11.614] [INFO] console - Executing (default): select k.*, (select count(*) from "Kopnik" as k2 where k2.path like k.path||k.id||'/%') as voisko_size
                                    from "Kopnik" as k
                                where
                                    '/2/50/' like k.path||k.id||'/%'
                                order by
                                    k.path desc
[2016-09-09 16:02:11.623] [INFO] console - [ 16,
  4971995101921280,
  { acknowledge: true },
  'ru.kopa.model.Kopnik.id50.voiskoChange',
  [],
  { size: '1' } ]
[2016-09-09 16:02:11.633] [INFO] console - [ 16,
  1171370505404416,
  { acknowledge: true },
  'ru.kopa.model.Kopnik.id2.voiskoChange',
  [],
  { size: '9' } ]
[2016-09-09 16:02:47.174] [INFO] console - AutobahnJS debug enabled
[2016-09-09 16:02:49.603] [INFO] Server - starting...
[2016-09-09 16:02:49.606] [INFO] console - trying to create WAMP transport of type: websocket
[2016-09-09 16:02:49.732] [INFO] console - using WAMP transport type: websocket
[2016-09-09 16:02:50.363] [INFO] console - [ 1,
  'kopa',
  { roles: 
     { caller: [Object],
       callee: [Object],
       publisher: [Object],
       subscriber: [Object] },
    authmethods: [ 'ticket' ],
    authid: 'server' } ]
[2016-09-09 16:02:50.426] [INFO] console - [ 5, 'server', {} ]
[2016-09-09 16:02:50.485] [INFO] Server - connection.onopen()
[2016-09-09 16:02:50.488] [INFO] console - [ 64, 3310188450807808, {}, 'ru.kopa.model.create' ]
[2016-09-09 16:02:50.507] [DEBUG] Server - api:model.create registered
[2016-09-09 16:02:50.510] [INFO] console - [ 64, 2658900750893056, {}, 'ru.kopa.model.get' ]
[2016-09-09 16:02:50.523] [DEBUG] Server - api:model.get registered
[2016-09-09 16:02:50.524] [INFO] console - [ 64, 3803565617315840, {}, 'ru.kopa.model.save' ]
[2016-09-09 16:02:50.538] [DEBUG] Server - api:model.save registered
[2016-09-09 16:02:50.540] [INFO] console - [ 64, 8125577001172992, {}, 'ru.kopa.pingPong' ]
[2016-09-09 16:02:50.556] [DEBUG] Server - api:pingPong registered
[2016-09-09 16:02:50.559] [INFO] console - [ 64, 3845511712866304, {}, 'ru.kopa.discloseCaller' ]
[2016-09-09 16:02:50.575] [DEBUG] Server - api:discloseCaller registered
[2016-09-09 16:02:50.576] [INFO] console - [ 64, 6911844881006592, {}, 'ru.kopa.pingPongDatabase' ]
[2016-09-09 16:02:50.588] [DEBUG] Server - api:pingPongDatabase registered
[2016-09-09 16:02:50.589] [INFO] console - [ 64, 2378548046200832, {}, 'ru.kopa.error' ]
[2016-09-09 16:02:50.601] [DEBUG] Server - api:error registered
[2016-09-09 16:02:50.610] [INFO] console - [ 64, 7222910039097344, {}, 'ru.kopa.promiseKopas' ]
[2016-09-09 16:02:50.625] [DEBUG] Server - api:promiseKopas registered
[2016-09-09 16:02:50.626] [INFO] console - [ 64, 6435023498510336, {}, 'ru.kopa.unitTest.cleanTempData' ]
[2016-09-09 16:02:50.634] [DEBUG] Server - api:unitTest.cleanTempData registered
[2016-09-09 16:02:50.635] [INFO] console - [ 64, 3797745154392064, {}, 'ru.kopa.model.Kopa.setQuestion' ]
[2016-09-09 16:02:50.643] [DEBUG] Server - api:model.Kopa.setQuestion registered
[2016-09-09 16:02:50.645] [INFO] Server - started
[2016-09-09 16:03:13.294] [DEBUG] Server - #promiseModel() [ 1, 2.3 ] { model: 'Kopnik', id: 2 }
[2016-09-09 16:03:13.422] [INFO] console - Executing (4a4c78fe-fd6e-4439-8d43-98105d8bb7f5): START TRANSACTION;
[2016-09-09 16:03:13.426] [INFO] console - Executing (4a4c78fe-fd6e-4439-8d43-98105d8bb7f5): SET SESSION TRANSACTION ISOLATION LEVEL REPEATABLE READ;
[2016-09-09 16:03:13.480] [INFO] console - Executing (default): SELECT "Kopnik"."id", "Kopnik"."email", "Kopnik"."password", "Kopnik"."name", "Kopnik"."surname", "Kopnik"."patronymic", "Kopnik"."birth", "Kopnik"."path", "Kopnik"."note", "Kopnik"."created_at", "Kopnik"."updated_at", "Kopnik"."deleted_at", "Kopnik"."rodina_id", "Kopnik"."starshina_id", "attachments"."id" AS "attachments.id", "attachments"."path" AS "attachments.path", "attachments"."note" AS "attachments.note", "attachments"."created_at" AS "attachments.created_at", "attachments"."updated_at" AS "attachments.updated_at", "attachments"."deleted_at" AS "attachments.deleted_at", "attachments"."zemla_id" AS "attachments.zemla_id", "attachments"."kopnik_id" AS "attachments.kopnik_id", "attachments"."kopa_id" AS "attachments.kopa_id", "attachments"."slovo_id" AS "attachments.slovo_id", "attachments"."predlozhenie_id" AS "attachments.predlozhenie_id", "attachments"."golos_id" AS "attachments.golos_id" FROM "Kopnik" AS "Kopnik" LEFT OUTER JOIN "File" AS "attachments" ON "Kopnik"."id" = "attachments"."kopnik_id" AND "attachments"."deleted_at" IS NULL WHERE ("Kopnik"."deleted_at" IS NULL AND "Kopnik"."id" = 2);
[2016-09-09 16:03:13.504] [INFO] console - Executing (4a4c78fe-fd6e-4439-8d43-98105d8bb7f5): COMMIT;
[2016-09-09 16:03:13.508] [INFO] console - [ 70,
  1128,
  {},
  [ { fullName: 'Unit Test',
      fullPath: '/2/',
      starshina: [Object],
      id: '2',
      email: 'unittest2@domain.ru',
      name: 'Unit',
      surname: 'Test',
      patronymic: '1',
      birth: 1983,
      path: '/',
      note: null,
      created_at: Fri Sep 09 2016 10:09:23 GMT+0500 (YEKT),
      updated_at: Fri Sep 09 2016 10:09:23 GMT+0500 (YEKT),
      deleted_at: null,
      rodina_id: '2',
      starshina_id: null,
      attachments: [] } ] ]
[2016-09-09 16:03:13.569] [INFO] console - Executing (fc3e4b21-0d95-4482-be9c-caee550d5c3a): START TRANSACTION;
[2016-09-09 16:03:13.576] [INFO] console - Executing (fc3e4b21-0d95-4482-be9c-caee550d5c3a): SET SESSION TRANSACTION ISOLATION LEVEL REPEATABLE READ;
[2016-09-09 16:03:13.599] [INFO] console - Executing (default): SELECT "id", "email", "password", "name", "surname", "patronymic", "birth", "path", "note", "created_at", "updated_at", "deleted_at", "rodina_id", "starshina_id" FROM "Kopnik" AS "Kopnik" WHERE ("Kopnik"."deleted_at" IS NULL AND "Kopnik"."id" = 2);
[2016-09-09 16:03:13.630] [INFO] console - Executing (default): INSERT INTO "Kopnik" ("id","name","surname","patronymic","birth","path","created_at","updated_at","rodina_id","starshina_id") VALUES (DEFAULT,'temp','temp','temp',1900,'/2/','2016-09-09 11:03:13.582 +00:00','2016-09-09 11:03:13.582 +00:00',NULL,2) RETURNING *;
[2016-09-09 16:03:13.655] [INFO] console - Executing (fc3e4b21-0d95-4482-be9c-caee550d5c3a): COMMIT;
[2016-09-09 16:03:13.659] [INFO] console - [ 70, 1129, {}, [ '52' ] ]
[2016-09-09 16:03:13.687] [DEBUG] Server - #promiseModel() [ 1, 2.3 ] { model: 'Zemla', id: 2 }
[2016-09-09 16:03:13.700] [INFO] console - Executing (7dd71f8b-67b7-4cf4-91ae-02dfb66a073e): START TRANSACTION;
[2016-09-09 16:03:13.703] [INFO] console - Executing (a56f471a-2da8-4895-887a-33f147c3cf73): START TRANSACTION;
[2016-09-09 16:03:13.714] [INFO] console - Executing (7dd71f8b-67b7-4cf4-91ae-02dfb66a073e): SET SESSION TRANSACTION ISOLATION LEVEL REPEATABLE READ;
[2016-09-09 16:03:13.715] [INFO] console - Executing (a56f471a-2da8-4895-887a-33f147c3cf73): SET SESSION TRANSACTION ISOLATION LEVEL REPEATABLE READ;
[2016-09-09 16:03:13.803] [INFO] console - Executing (default): select k.*, (select count(*) from "Kopnik" as k2 where k2.path like k.path||k.id||'/%') as voisko_size
                                    from "Kopnik" as k
                                where
                                    '/2/' like k.path||k.id||'/%'
                                order by
                                    k.path desc
[2016-09-09 16:03:13.817] [INFO] console - Executing (default): SELECT "Zemla"."id", "Zemla"."path", "Zemla"."name", "Zemla"."intensity", "Zemla"."note", "Zemla"."created_at", "Zemla"."updated_at", "Zemla"."deleted_at", "Zemla"."parent_id", "attachments"."id" AS "attachments.id", "attachments"."path" AS "attachments.path", "attachments"."note" AS "attachments.note", "attachments"."created_at" AS "attachments.created_at", "attachments"."updated_at" AS "attachments.updated_at", "attachments"."deleted_at" AS "attachments.deleted_at", "attachments"."zemla_id" AS "attachments.zemla_id", "attachments"."kopnik_id" AS "attachments.kopnik_id", "attachments"."kopa_id" AS "attachments.kopa_id", "attachments"."slovo_id" AS "attachments.slovo_id", "attachments"."predlozhenie_id" AS "attachments.predlozhenie_id", "attachments"."golos_id" AS "attachments.golos_id" FROM "Zemla" AS "Zemla" LEFT OUTER JOIN "File" AS "attachments" ON "Zemla"."id" = "attachments"."zemla_id" AND "attachments"."deleted_at" IS NULL WHERE ("Zemla"."deleted_at" IS NULL AND "Zemla"."id" = 2);
[2016-09-09 16:03:13.819] [INFO] console - [ 16,
  6652202665902080,
  { acknowledge: true },
  'ru.kopa.model.Kopnik.id2.voiskoChange',
  [],
  { voiskoSize: '10' } ]
[2016-09-09 16:03:13.864] [INFO] console - Executing (default): SELECT "id", "email", "password", "name", "surname", "patronymic", "birth", "path", "note", "created_at", "updated_at", "deleted_at", "rodina_id", "starshina_id" FROM "Kopnik" AS "Kopnik" WHERE ("Kopnik"."deleted_at" IS NULL AND "Kopnik"."id" = 52);
[2016-09-09 16:03:13.883] [INFO] console - Executing (7dd71f8b-67b7-4cf4-91ae-02dfb66a073e): COMMIT;
[2016-09-09 16:03:13.934] [INFO] console - Executing (default): INSERT INTO "Kopnik" ("id","name","surname","patronymic","birth","path","created_at","updated_at","rodina_id","starshina_id") VALUES (DEFAULT,'temp','temp','temp',1900,'/2/52/','2016-09-09 11:03:13.721 +00:00','2016-09-09 11:03:13.721 +00:00',NULL,52) RETURNING *;
[2016-09-09 16:03:13.938] [INFO] console - [ 70,
  1130,
  {},
  [ { fullPath: 'null2/',
      id: '2',
      path: null,
      name: 'UnitTest2',
      intensity: 1000,
      note: 'unit test 1473414946817',
      created_at: Fri Sep 09 2016 10:09:23 GMT+0500 (YEKT),
      updated_at: Fri Sep 09 2016 14:55:50 GMT+0500 (YEKT),
      deleted_at: null,
      parent_id: '1',
      attachments: [] } ] ]
[2016-09-09 16:03:13.957] [INFO] console - Executing (a56f471a-2da8-4895-887a-33f147c3cf73): COMMIT;
[2016-09-09 16:03:13.960] [INFO] console - [ 70, 1131, {}, [ '53' ] ]
[2016-09-09 16:03:13.978] [INFO] console - Executing (default): select k.*, (select count(*) from "Kopnik" as k2 where k2.path like k.path||k.id||'/%') as voisko_size
                                    from "Kopnik" as k
                                where
                                    '/2/52/' like k.path||k.id||'/%'
                                order by
                                    k.path desc
[2016-09-09 16:03:14.005] [INFO] console - [ 16,
  5164164792188928,
  { acknowledge: true },
  'ru.kopa.model.Kopnik.id52.voiskoChange',
  [],
  { voiskoSize: '1' } ]
[2016-09-09 16:03:14.032] [INFO] console - [ 16,
  2032649679929344,
  { acknowledge: true },
  'ru.kopa.model.Kopnik.id2.voiskoChange',
  [],
  { voiskoSize: '11' } ]
